[2025-05-20T20:28:03.883+0000] {taskinstance.py:1157} INFO - Dependencies all met for dep_context=non-requeueable deps ti=<TaskInstance: yellow_taxi_batch_pipeline.download_taxi_data manual__2025-05-20T20:28:02.179623+00:00 [queued]>
[2025-05-20T20:28:03.893+0000] {taskinstance.py:1157} INFO - Dependencies all met for dep_context=requeueable deps ti=<TaskInstance: yellow_taxi_batch_pipeline.download_taxi_data manual__2025-05-20T20:28:02.179623+00:00 [queued]>
[2025-05-20T20:28:03.894+0000] {taskinstance.py:1359} INFO - Starting attempt 1 of 2
[2025-05-20T20:28:03.907+0000] {taskinstance.py:1380} INFO - Executing <Task(BashOperator): download_taxi_data> on 2025-05-20 20:28:02.179623+00:00
[2025-05-20T20:28:03.911+0000] {standard_task_runner.py:57} INFO - Started process 233 to run task
[2025-05-20T20:28:03.914+0000] {standard_task_runner.py:84} INFO - Running: ['airflow', 'tasks', 'run', 'yellow_taxi_batch_pipeline', 'download_taxi_data', 'manual__2025-05-20T20:28:02.179623+00:00', '--job-id', '31', '--raw', '--subdir', 'DAGS_FOLDER/taxi_batch_dag.py', '--cfg-path', '/tmp/tmpugpqe_45']
[2025-05-20T20:28:03.920+0000] {standard_task_runner.py:85} INFO - Job 31: Subtask download_taxi_data
[2025-05-20T20:28:03.938+0000] {logging_mixin.py:151} WARNING - /home/airflow/.local/lib/python3.8/site-packages/airflow/settings.py:195 DeprecationWarning: The sql_alchemy_conn option in [core] has been moved to the sql_alchemy_conn option in [database] - the old setting has been used, but please update your config.
[2025-05-20T20:28:03.982+0000] {task_command.py:415} INFO - Running <TaskInstance: yellow_taxi_batch_pipeline.download_taxi_data manual__2025-05-20T20:28:02.179623+00:00 [running]> on host b54dcde9a5b4
[2025-05-20T20:28:04.071+0000] {taskinstance.py:1660} INFO - Exporting env vars: AIRFLOW_CTX_DAG_OWNER='airflow' AIRFLOW_CTX_DAG_ID='yellow_taxi_batch_pipeline' AIRFLOW_CTX_TASK_ID='download_taxi_data' AIRFLOW_CTX_EXECUTION_DATE='2025-05-20T20:28:02.179623+00:00' AIRFLOW_CTX_TRY_NUMBER='1' AIRFLOW_CTX_DAG_RUN_ID='manual__2025-05-20T20:28:02.179623+00:00'
[2025-05-20T20:28:04.073+0000] {subprocess.py:63} INFO - Tmp dir root location: /tmp
[2025-05-20T20:28:04.074+0000] {subprocess.py:75} INFO - Running command: ['/bin/bash', '-c', 'python /opt/airflow/dags/scripts/download_taxi_data.py']
[2025-05-20T20:28:04.084+0000] {subprocess.py:86} INFO - Output:
[2025-05-20T20:28:06.445+0000] {subprocess.py:93} INFO - 2025-05-20 20:28:06,445 - INFO - Bucket nyc-taxi-data already exists
[2025-05-20T20:28:06.446+0000] {subprocess.py:93} INFO - 2025-05-20 20:28:06,445 - INFO - Downloading yellow_tripdata_2022-01.parquet from https://d37ci6vzurychx.cloudfront.net/trip-data/yellow_tripdata_2022-01.parquet
[2025-05-20T20:28:09.764+0000] {subprocess.py:93} INFO - 2025-05-20 20:28:09,764 - INFO - Successfully uploaded yellow_tripdata_2022-01.parquet to MinIO
[2025-05-20T20:28:09.765+0000] {subprocess.py:93} INFO - 2025-05-20 20:28:09,764 - INFO - Downloading yellow_tripdata_2022-02.parquet from https://d37ci6vzurychx.cloudfront.net/trip-data/yellow_tripdata_2022-02.parquet
[2025-05-20T20:28:12.636+0000] {subprocess.py:93} INFO - 2025-05-20 20:28:12,636 - INFO - Successfully uploaded yellow_tripdata_2022-02.parquet to MinIO
[2025-05-20T20:28:12.646+0000] {subprocess.py:93} INFO - 2025-05-20 20:28:12,636 - INFO - Downloading yellow_tripdata_2022-03.parquet from https://d37ci6vzurychx.cloudfront.net/trip-data/yellow_tripdata_2022-03.parquet
[2025-05-20T20:28:16.168+0000] {subprocess.py:93} INFO - 2025-05-20 20:28:16,168 - INFO - Successfully uploaded yellow_tripdata_2022-03.parquet to MinIO
[2025-05-20T20:28:16.169+0000] {subprocess.py:93} INFO - 2025-05-20 20:28:16,168 - INFO - Downloading yellow_tripdata_2022-04.parquet from https://d37ci6vzurychx.cloudfront.net/trip-data/yellow_tripdata_2022-04.parquet
[2025-05-20T20:28:19.508+0000] {subprocess.py:93} INFO - 2025-05-20 20:28:19,508 - INFO - Successfully uploaded yellow_tripdata_2022-04.parquet to MinIO
[2025-05-20T20:28:19.509+0000] {subprocess.py:93} INFO - 2025-05-20 20:28:19,508 - INFO - Downloading yellow_tripdata_2022-05.parquet from https://d37ci6vzurychx.cloudfront.net/trip-data/yellow_tripdata_2022-05.parquet
[2025-05-20T20:28:23.656+0000] {subprocess.py:93} INFO - 2025-05-20 20:28:23,656 - INFO - Successfully uploaded yellow_tripdata_2022-05.parquet to MinIO
[2025-05-20T20:28:23.657+0000] {subprocess.py:93} INFO - 2025-05-20 20:28:23,656 - INFO - Downloading yellow_tripdata_2022-06.parquet from https://d37ci6vzurychx.cloudfront.net/trip-data/yellow_tripdata_2022-06.parquet
[2025-05-20T20:28:27.212+0000] {subprocess.py:93} INFO - 2025-05-20 20:28:27,212 - INFO - Successfully uploaded yellow_tripdata_2022-06.parquet to MinIO
[2025-05-20T20:28:27.213+0000] {subprocess.py:93} INFO - 2025-05-20 20:28:27,212 - INFO - Downloading yellow_tripdata_2022-07.parquet from https://d37ci6vzurychx.cloudfront.net/trip-data/yellow_tripdata_2022-07.parquet
[2025-05-20T20:28:29.955+0000] {subprocess.py:93} INFO - 2025-05-20 20:28:29,955 - INFO - Successfully uploaded yellow_tripdata_2022-07.parquet to MinIO
[2025-05-20T20:28:29.956+0000] {subprocess.py:93} INFO - 2025-05-20 20:28:29,955 - INFO - Downloading yellow_tripdata_2022-08.parquet from https://d37ci6vzurychx.cloudfront.net/trip-data/yellow_tripdata_2022-08.parquet
[2025-05-20T20:28:33.736+0000] {subprocess.py:93} INFO - 2025-05-20 20:28:33,736 - INFO - Successfully uploaded yellow_tripdata_2022-08.parquet to MinIO
[2025-05-20T20:28:33.737+0000] {subprocess.py:93} INFO - 2025-05-20 20:28:33,736 - INFO - Downloading yellow_tripdata_2022-09.parquet from https://d37ci6vzurychx.cloudfront.net/trip-data/yellow_tripdata_2022-09.parquet
[2025-05-20T20:28:36.862+0000] {subprocess.py:93} INFO - 2025-05-20 20:28:36,862 - INFO - Successfully uploaded yellow_tripdata_2022-09.parquet to MinIO
[2025-05-20T20:28:36.863+0000] {subprocess.py:93} INFO - 2025-05-20 20:28:36,862 - INFO - Downloading yellow_tripdata_2022-10.parquet from https://d37ci6vzurychx.cloudfront.net/trip-data/yellow_tripdata_2022-10.parquet
[2025-05-20T20:28:40.174+0000] {subprocess.py:93} INFO - 2025-05-20 20:28:40,174 - INFO - Successfully uploaded yellow_tripdata_2022-10.parquet to MinIO
[2025-05-20T20:28:40.182+0000] {subprocess.py:93} INFO - 2025-05-20 20:28:40,174 - INFO - Downloading yellow_tripdata_2022-11.parquet from https://d37ci6vzurychx.cloudfront.net/trip-data/yellow_tripdata_2022-11.parquet
[2025-05-20T20:28:44.392+0000] {subprocess.py:93} INFO - 2025-05-20 20:28:44,392 - INFO - Successfully uploaded yellow_tripdata_2022-11.parquet to MinIO
[2025-05-20T20:28:44.393+0000] {subprocess.py:93} INFO - 2025-05-20 20:28:44,392 - INFO - Downloading yellow_tripdata_2022-12.parquet from https://d37ci6vzurychx.cloudfront.net/trip-data/yellow_tripdata_2022-12.parquet
[2025-05-20T20:28:47.704+0000] {subprocess.py:93} INFO - 2025-05-20 20:28:47,704 - INFO - Successfully uploaded yellow_tripdata_2022-12.parquet to MinIO
[2025-05-20T20:28:47.709+0000] {subprocess.py:93} INFO - 2025-05-20 20:28:47,709 - INFO - Taxi data download completed
[2025-05-20T20:28:47.883+0000] {subprocess.py:97} INFO - Command exited with return code 0
[2025-05-20T20:28:47.927+0000] {taskinstance.py:1398} INFO - Marking task as SUCCESS. dag_id=yellow_taxi_batch_pipeline, task_id=download_taxi_data, execution_date=20250520T202802, start_date=20250520T202803, end_date=20250520T202847
[2025-05-20T20:28:47.976+0000] {local_task_job_runner.py:228} INFO - Task exited with return code 0
[2025-05-20T20:28:48.004+0000] {taskinstance.py:2776} INFO - 1 downstream tasks scheduled from follow-on schedule check
