[2025-05-21T12:56:33.461+0000] {taskinstance.py:1157} INFO - Dependencies all met for dep_context=non-requeueable deps ti=<TaskInstance: yellow_taxi_batch_pipeline.download_taxi_data scheduled__2025-05-20T12:56:30.339606+00:00 [queued]>
[2025-05-21T12:56:33.472+0000] {taskinstance.py:1157} INFO - Dependencies all met for dep_context=requeueable deps ti=<TaskInstance: yellow_taxi_batch_pipeline.download_taxi_data scheduled__2025-05-20T12:56:30.339606+00:00 [queued]>
[2025-05-21T12:56:33.473+0000] {taskinstance.py:1359} INFO - Starting attempt 1 of 2
[2025-05-21T12:56:33.489+0000] {taskinstance.py:1380} INFO - Executing <Task(BashOperator): download_taxi_data> on 2025-05-20 12:56:30.339606+00:00
[2025-05-21T12:56:33.493+0000] {standard_task_runner.py:57} INFO - Started process 197 to run task
[2025-05-21T12:56:33.496+0000] {standard_task_runner.py:84} INFO - Running: ['airflow', 'tasks', 'run', 'yellow_taxi_batch_pipeline', 'download_taxi_data', 'scheduled__2025-05-20T12:56:30.339606+00:00', '--job-id', '85', '--raw', '--subdir', 'DAGS_FOLDER/taxi_batch_dag.py', '--cfg-path', '/tmp/tmpr3dc9u7y']
[2025-05-21T12:56:33.499+0000] {standard_task_runner.py:85} INFO - Job 85: Subtask download_taxi_data
[2025-05-21T12:56:33.515+0000] {logging_mixin.py:151} WARNING - /home/airflow/.local/lib/python3.8/site-packages/airflow/settings.py:195 DeprecationWarning: The sql_alchemy_conn option in [core] has been moved to the sql_alchemy_conn option in [database] - the old setting has been used, but please update your config.
[2025-05-21T12:56:33.552+0000] {task_command.py:415} INFO - Running <TaskInstance: yellow_taxi_batch_pipeline.download_taxi_data scheduled__2025-05-20T12:56:30.339606+00:00 [running]> on host 259a8bd0604d
[2025-05-21T12:56:33.643+0000] {taskinstance.py:1660} INFO - Exporting env vars: AIRFLOW_CTX_DAG_OWNER='airflow' AIRFLOW_CTX_DAG_ID='yellow_taxi_batch_pipeline' AIRFLOW_CTX_TASK_ID='download_taxi_data' AIRFLOW_CTX_EXECUTION_DATE='2025-05-20T12:56:30.339606+00:00' AIRFLOW_CTX_TRY_NUMBER='1' AIRFLOW_CTX_DAG_RUN_ID='scheduled__2025-05-20T12:56:30.339606+00:00'
[2025-05-21T12:56:33.645+0000] {subprocess.py:63} INFO - Tmp dir root location: /tmp
[2025-05-21T12:56:33.645+0000] {subprocess.py:75} INFO - Running command: ['/bin/bash', '-c', 'python /opt/airflow/dags/scripts/download_taxi_data.py']
[2025-05-21T12:56:33.652+0000] {subprocess.py:86} INFO - Output:
[2025-05-21T12:56:35.845+0000] {subprocess.py:93} INFO - 2025-05-21 12:56:35,844 - INFO - Bucket nyc-taxi-data already exists
[2025-05-21T12:56:35.845+0000] {subprocess.py:93} INFO - 2025-05-21 12:56:35,845 - INFO - Downloading yellow_tripdata_2022-01.parquet from https://d37ci6vzurychx.cloudfront.net/trip-data/yellow_tripdata_2022-01.parquet
[2025-05-21T12:56:37.524+0000] {subprocess.py:93} INFO - 2025-05-21 12:56:37,524 - INFO - Successfully uploaded yellow_tripdata_2022-01.parquet to MinIO
[2025-05-21T12:56:37.525+0000] {subprocess.py:93} INFO - 2025-05-21 12:56:37,524 - INFO - Downloading yellow_tripdata_2022-02.parquet from https://d37ci6vzurychx.cloudfront.net/trip-data/yellow_tripdata_2022-02.parquet
[2025-05-21T12:56:39.499+0000] {subprocess.py:93} INFO - 2025-05-21 12:56:39,499 - INFO - Successfully uploaded yellow_tripdata_2022-02.parquet to MinIO
[2025-05-21T12:56:39.500+0000] {subprocess.py:93} INFO - 2025-05-21 12:56:39,499 - INFO - Downloading yellow_tripdata_2022-03.parquet from https://d37ci6vzurychx.cloudfront.net/trip-data/yellow_tripdata_2022-03.parquet
[2025-05-21T12:56:42.147+0000] {subprocess.py:93} INFO - 2025-05-21 12:56:42,146 - INFO - Successfully uploaded yellow_tripdata_2022-03.parquet to MinIO
[2025-05-21T12:56:42.147+0000] {subprocess.py:93} INFO - 2025-05-21 12:56:42,147 - INFO - Downloading yellow_tripdata_2022-04.parquet from https://d37ci6vzurychx.cloudfront.net/trip-data/yellow_tripdata_2022-04.parquet
[2025-05-21T12:56:44.648+0000] {subprocess.py:93} INFO - 2025-05-21 12:56:44,647 - INFO - Successfully uploaded yellow_tripdata_2022-04.parquet to MinIO
[2025-05-21T12:56:44.648+0000] {subprocess.py:93} INFO - 2025-05-21 12:56:44,648 - INFO - Downloading yellow_tripdata_2022-05.parquet from https://d37ci6vzurychx.cloudfront.net/trip-data/yellow_tripdata_2022-05.parquet
[2025-05-21T12:56:47.314+0000] {subprocess.py:93} INFO - 2025-05-21 12:56:47,314 - INFO - Successfully uploaded yellow_tripdata_2022-05.parquet to MinIO
[2025-05-21T12:56:47.315+0000] {subprocess.py:93} INFO - 2025-05-21 12:56:47,314 - INFO - Downloading yellow_tripdata_2022-06.parquet from https://d37ci6vzurychx.cloudfront.net/trip-data/yellow_tripdata_2022-06.parquet
[2025-05-21T12:56:50.714+0000] {subprocess.py:93} INFO - 2025-05-21 12:56:50,714 - INFO - Successfully uploaded yellow_tripdata_2022-06.parquet to MinIO
[2025-05-21T12:56:50.715+0000] {subprocess.py:93} INFO - 2025-05-21 12:56:50,714 - INFO - Downloading yellow_tripdata_2022-07.parquet from https://d37ci6vzurychx.cloudfront.net/trip-data/yellow_tripdata_2022-07.parquet
[2025-05-21T12:56:53.295+0000] {subprocess.py:93} INFO - 2025-05-21 12:56:53,295 - INFO - Successfully uploaded yellow_tripdata_2022-07.parquet to MinIO
[2025-05-21T12:56:53.296+0000] {subprocess.py:93} INFO - 2025-05-21 12:56:53,295 - INFO - Downloading yellow_tripdata_2022-08.parquet from https://d37ci6vzurychx.cloudfront.net/trip-data/yellow_tripdata_2022-08.parquet
[2025-05-21T12:56:55.864+0000] {subprocess.py:93} INFO - 2025-05-21 12:56:55,864 - INFO - Successfully uploaded yellow_tripdata_2022-08.parquet to MinIO
[2025-05-21T12:56:55.866+0000] {subprocess.py:93} INFO - 2025-05-21 12:56:55,864 - INFO - Downloading yellow_tripdata_2022-09.parquet from https://d37ci6vzurychx.cloudfront.net/trip-data/yellow_tripdata_2022-09.parquet
[2025-05-21T12:56:59.001+0000] {subprocess.py:93} INFO - 2025-05-21 12:56:59,001 - INFO - Successfully uploaded yellow_tripdata_2022-09.parquet to MinIO
[2025-05-21T12:56:59.002+0000] {subprocess.py:93} INFO - 2025-05-21 12:56:59,001 - INFO - Downloading yellow_tripdata_2022-10.parquet from https://d37ci6vzurychx.cloudfront.net/trip-data/yellow_tripdata_2022-10.parquet
[2025-05-21T12:57:02.521+0000] {subprocess.py:93} INFO - 2025-05-21 12:57:02,521 - INFO - Successfully uploaded yellow_tripdata_2022-10.parquet to MinIO
[2025-05-21T12:57:02.522+0000] {subprocess.py:93} INFO - 2025-05-21 12:57:02,521 - INFO - Downloading yellow_tripdata_2022-11.parquet from https://d37ci6vzurychx.cloudfront.net/trip-data/yellow_tripdata_2022-11.parquet
[2025-05-21T12:57:06.336+0000] {subprocess.py:93} INFO - 2025-05-21 12:57:06,336 - INFO - Successfully uploaded yellow_tripdata_2022-11.parquet to MinIO
[2025-05-21T12:57:06.338+0000] {subprocess.py:93} INFO - 2025-05-21 12:57:06,336 - INFO - Downloading yellow_tripdata_2022-12.parquet from https://d37ci6vzurychx.cloudfront.net/trip-data/yellow_tripdata_2022-12.parquet
[2025-05-21T12:57:09.471+0000] {subprocess.py:93} INFO - 2025-05-21 12:57:09,470 - INFO - Successfully uploaded yellow_tripdata_2022-12.parquet to MinIO
[2025-05-21T12:57:09.474+0000] {subprocess.py:93} INFO - 2025-05-21 12:57:09,473 - INFO - Taxi data download completed
[2025-05-21T12:57:09.767+0000] {subprocess.py:97} INFO - Command exited with return code 0
[2025-05-21T12:57:09.814+0000] {taskinstance.py:1398} INFO - Marking task as SUCCESS. dag_id=yellow_taxi_batch_pipeline, task_id=download_taxi_data, execution_date=20250520T125630, start_date=20250521T125633, end_date=20250521T125709
[2025-05-21T12:57:09.872+0000] {local_task_job_runner.py:228} INFO - Task exited with return code 0
[2025-05-21T12:57:09.923+0000] {taskinstance.py:2776} INFO - 1 downstream tasks scheduled from follow-on schedule check
