[2025-05-22T06:41:31.102+0000] {manager.py:487} INFO - Processing files using up to 2 processes at a time 
[2025-05-22T06:41:31.103+0000] {manager.py:488} INFO - Process each file at most once every 30 seconds
[2025-05-22T06:41:31.104+0000] {manager.py:489} INFO - Checking for new files in /opt/airflow/dags every 300 seconds
[2025-05-22T06:41:31.105+0000] {manager.py:759} INFO - Searching for files in /opt/airflow/dags
[2025-05-22T06:41:31.274+0000] {manager.py:762} INFO - There are 6 files in /opt/airflow/dags
[2025-05-22T06:42:21.641+0000] {manager.py:469} INFO - Exiting gracefully upon receiving signal 15
[2025-05-22T06:42:21.999+0000] {manager.py:487} INFO - Processing files using up to 2 processes at a time 
[2025-05-22T06:42:21.999+0000] {manager.py:488} INFO - Process each file at most once every 30 seconds
[2025-05-22T06:42:22.000+0000] {manager.py:489} INFO - Checking for new files in /opt/airflow/dags every 300 seconds
[2025-05-22T06:42:22.000+0000] {manager.py:759} INFO - Searching for files in /opt/airflow/dags
[2025-05-22T06:42:22.107+0000] {manager.py:762} INFO - There are 6 files in /opt/airflow/dags
[2025-05-22T06:43:12.264+0000] {manager.py:469} INFO - Exiting gracefully upon receiving signal 15
[2025-05-22T06:43:12.593+0000] {manager.py:487} INFO - Processing files using up to 2 processes at a time 
[2025-05-22T06:43:12.594+0000] {manager.py:488} INFO - Process each file at most once every 30 seconds
[2025-05-22T06:43:12.595+0000] {manager.py:489} INFO - Checking for new files in /opt/airflow/dags every 300 seconds
[2025-05-22T06:43:12.595+0000] {manager.py:759} INFO - Searching for files in /opt/airflow/dags
[2025-05-22T06:43:12.683+0000] {manager.py:762} INFO - There are 6 files in /opt/airflow/dags
[2025-05-22T06:44:02.900+0000] {manager.py:469} INFO - Exiting gracefully upon receiving signal 15
[2025-05-22T06:44:03.559+0000] {manager.py:487} INFO - Processing files using up to 2 processes at a time 
[2025-05-22T06:44:03.560+0000] {manager.py:488} INFO - Process each file at most once every 30 seconds
[2025-05-22T06:44:03.561+0000] {manager.py:489} INFO - Checking for new files in /opt/airflow/dags every 300 seconds
[2025-05-22T06:44:03.562+0000] {manager.py:759} INFO - Searching for files in /opt/airflow/dags
[2025-05-22T06:44:03.683+0000] {manager.py:762} INFO - There are 6 files in /opt/airflow/dags
[2025-05-22T06:44:54.030+0000] {manager.py:469} INFO - Exiting gracefully upon receiving signal 15
[2025-05-22T06:44:55.847+0000] {manager.py:487} INFO - Processing files using up to 2 processes at a time 
[2025-05-22T06:44:55.848+0000] {manager.py:488} INFO - Process each file at most once every 30 seconds
[2025-05-22T06:44:55.848+0000] {manager.py:489} INFO - Checking for new files in /opt/airflow/dags every 300 seconds
[2025-05-22T06:44:55.849+0000] {manager.py:759} INFO - Searching for files in /opt/airflow/dags
[2025-05-22T06:44:56.037+0000] {manager.py:762} INFO - There are 6 files in /opt/airflow/dags
[2025-05-22T06:45:46.221+0000] {manager.py:469} INFO - Exiting gracefully upon receiving signal 15
[2025-05-22T06:45:46.769+0000] {manager.py:487} INFO - Processing files using up to 2 processes at a time 
[2025-05-22T06:45:46.770+0000] {manager.py:488} INFO - Process each file at most once every 30 seconds
[2025-05-22T06:45:46.770+0000] {manager.py:489} INFO - Checking for new files in /opt/airflow/dags every 300 seconds
[2025-05-22T06:45:46.771+0000] {manager.py:759} INFO - Searching for files in /opt/airflow/dags
[2025-05-22T06:45:46.941+0000] {manager.py:762} INFO - There are 6 files in /opt/airflow/dags
[2025-05-22T06:46:37.096+0000] {manager.py:469} INFO - Exiting gracefully upon receiving signal 15
[2025-05-22T06:46:37.472+0000] {manager.py:487} INFO - Processing files using up to 2 processes at a time 
[2025-05-22T06:46:37.473+0000] {manager.py:488} INFO - Process each file at most once every 30 seconds
[2025-05-22T06:46:37.473+0000] {manager.py:489} INFO - Checking for new files in /opt/airflow/dags every 300 seconds
[2025-05-22T06:46:37.474+0000] {manager.py:759} INFO - Searching for files in /opt/airflow/dags
[2025-05-22T06:46:37.644+0000] {manager.py:762} INFO - There are 6 files in /opt/airflow/dags
[2025-05-22T06:47:27.528+0000] {manager.py:469} INFO - Exiting gracefully upon receiving signal 15
[2025-05-22T06:47:28.445+0000] {manager.py:487} INFO - Processing files using up to 2 processes at a time 
[2025-05-22T06:47:28.450+0000] {manager.py:488} INFO - Process each file at most once every 30 seconds
[2025-05-22T06:47:28.456+0000] {manager.py:489} INFO - Checking for new files in /opt/airflow/dags every 300 seconds
[2025-05-22T06:47:28.459+0000] {manager.py:759} INFO - Searching for files in /opt/airflow/dags
[2025-05-22T06:47:29.050+0000] {manager.py:762} INFO - There are 6 files in /opt/airflow/dags
[2025-05-22T06:48:03.786+0000] {manager.py:469} INFO - Exiting gracefully upon receiving signal 15
[2025-05-22T06:50:40.943+0000] {manager.py:487} INFO - Processing files using up to 2 processes at a time 
[2025-05-22T06:50:40.943+0000] {manager.py:488} INFO - Process each file at most once every 30 seconds
[2025-05-22T06:50:40.944+0000] {manager.py:489} INFO - Checking for new files in /opt/airflow/dags every 300 seconds
[2025-05-22T06:50:40.944+0000] {manager.py:759} INFO - Searching for files in /opt/airflow/dags
[2025-05-22T06:50:41.052+0000] {manager.py:762} INFO - There are 6 files in /opt/airflow/dags
[2025-05-22T06:51:31.220+0000] {manager.py:469} INFO - Exiting gracefully upon receiving signal 15
[2025-05-22T06:51:31.491+0000] {manager.py:487} INFO - Processing files using up to 2 processes at a time 
[2025-05-22T06:51:31.492+0000] {manager.py:488} INFO - Process each file at most once every 30 seconds
[2025-05-22T06:51:31.492+0000] {manager.py:489} INFO - Checking for new files in /opt/airflow/dags every 300 seconds
[2025-05-22T06:51:31.493+0000] {manager.py:759} INFO - Searching for files in /opt/airflow/dags
[2025-05-22T06:51:31.589+0000] {manager.py:762} INFO - There are 6 files in /opt/airflow/dags
[2025-05-22T06:52:21.455+0000] {manager.py:469} INFO - Exiting gracefully upon receiving signal 15
[2025-05-22T06:52:21.891+0000] {manager.py:487} INFO - Processing files using up to 2 processes at a time 
[2025-05-22T06:52:21.892+0000] {manager.py:488} INFO - Process each file at most once every 30 seconds
[2025-05-22T06:52:21.892+0000] {manager.py:489} INFO - Checking for new files in /opt/airflow/dags every 300 seconds
[2025-05-22T06:52:21.893+0000] {manager.py:759} INFO - Searching for files in /opt/airflow/dags
[2025-05-22T06:52:22.022+0000] {manager.py:762} INFO - There are 6 files in /opt/airflow/dags
[2025-05-22T06:53:12.057+0000] {manager.py:469} INFO - Exiting gracefully upon receiving signal 15
[2025-05-22T06:53:12.377+0000] {manager.py:487} INFO - Processing files using up to 2 processes at a time 
[2025-05-22T06:53:12.377+0000] {manager.py:488} INFO - Process each file at most once every 30 seconds
[2025-05-22T06:53:12.378+0000] {manager.py:489} INFO - Checking for new files in /opt/airflow/dags every 300 seconds
[2025-05-22T06:53:12.378+0000] {manager.py:759} INFO - Searching for files in /opt/airflow/dags
[2025-05-22T06:53:12.458+0000] {manager.py:762} INFO - There are 6 files in /opt/airflow/dags
[2025-05-22T06:54:02.662+0000] {manager.py:469} INFO - Exiting gracefully upon receiving signal 15
[2025-05-22T06:54:03.163+0000] {manager.py:487} INFO - Processing files using up to 2 processes at a time 
[2025-05-22T06:54:03.165+0000] {manager.py:488} INFO - Process each file at most once every 30 seconds
[2025-05-22T06:54:03.165+0000] {manager.py:489} INFO - Checking for new files in /opt/airflow/dags every 300 seconds
[2025-05-22T06:54:03.166+0000] {manager.py:759} INFO - Searching for files in /opt/airflow/dags
[2025-05-22T06:54:03.558+0000] {manager.py:762} INFO - There are 6 files in /opt/airflow/dags
[2025-05-22T06:54:53.311+0000] {manager.py:469} INFO - Exiting gracefully upon receiving signal 15
[2025-05-22T06:54:53.908+0000] {manager.py:487} INFO - Processing files using up to 2 processes at a time 
[2025-05-22T06:54:53.909+0000] {manager.py:488} INFO - Process each file at most once every 30 seconds
[2025-05-22T06:54:53.909+0000] {manager.py:489} INFO - Checking for new files in /opt/airflow/dags every 300 seconds
[2025-05-22T06:54:53.910+0000] {manager.py:759} INFO - Searching for files in /opt/airflow/dags
[2025-05-22T06:54:54.086+0000] {manager.py:762} INFO - There are 6 files in /opt/airflow/dags
[2025-05-22T06:55:44.451+0000] {manager.py:469} INFO - Exiting gracefully upon receiving signal 15
[2025-05-22T06:55:45.617+0000] {manager.py:487} INFO - Processing files using up to 2 processes at a time 
[2025-05-22T06:55:45.619+0000] {manager.py:488} INFO - Process each file at most once every 30 seconds
[2025-05-22T06:55:45.624+0000] {manager.py:489} INFO - Checking for new files in /opt/airflow/dags every 300 seconds
[2025-05-22T06:55:45.634+0000] {manager.py:759} INFO - Searching for files in /opt/airflow/dags
[2025-05-22T06:55:45.969+0000] {manager.py:762} INFO - There are 6 files in /opt/airflow/dags
[2025-05-22T06:56:35.427+0000] {manager.py:469} INFO - Exiting gracefully upon receiving signal 15
[2025-05-22T06:56:38.081+0000] {manager.py:487} INFO - Processing files using up to 2 processes at a time 
[2025-05-22T06:56:38.082+0000] {manager.py:488} INFO - Process each file at most once every 30 seconds
[2025-05-22T06:56:38.085+0000] {manager.py:489} INFO - Checking for new files in /opt/airflow/dags every 300 seconds
[2025-05-22T06:56:38.087+0000] {manager.py:759} INFO - Searching for files in /opt/airflow/dags
[2025-05-22T06:56:38.726+0000] {manager.py:762} INFO - There are 6 files in /opt/airflow/dags
[2025-05-22T06:57:26.524+0000] {manager.py:469} INFO - Exiting gracefully upon receiving signal 15
[2025-05-22T06:57:27.868+0000] {manager.py:487} INFO - Processing files using up to 2 processes at a time 
[2025-05-22T06:57:27.883+0000] {manager.py:488} INFO - Process each file at most once every 30 seconds
[2025-05-22T06:57:27.898+0000] {manager.py:489} INFO - Checking for new files in /opt/airflow/dags every 300 seconds
[2025-05-22T06:57:27.899+0000] {manager.py:759} INFO - Searching for files in /opt/airflow/dags
[2025-05-22T06:57:28.183+0000] {manager.py:762} INFO - There are 6 files in /opt/airflow/dags
[2025-05-22T06:58:18.640+0000] {manager.py:469} INFO - Exiting gracefully upon receiving signal 15
[2025-05-22T06:58:20.014+0000] {manager.py:487} INFO - Processing files using up to 2 processes at a time 
[2025-05-22T06:58:20.015+0000] {manager.py:488} INFO - Process each file at most once every 30 seconds
[2025-05-22T06:58:20.018+0000] {manager.py:489} INFO - Checking for new files in /opt/airflow/dags every 300 seconds
[2025-05-22T06:58:20.019+0000] {manager.py:759} INFO - Searching for files in /opt/airflow/dags
[2025-05-22T06:58:20.485+0000] {manager.py:762} INFO - There are 6 files in /opt/airflow/dags
[2025-05-22T06:59:10.452+0000] {manager.py:469} INFO - Exiting gracefully upon receiving signal 15
[2025-05-22T06:59:11.940+0000] {manager.py:487} INFO - Processing files using up to 2 processes at a time 
[2025-05-22T06:59:11.945+0000] {manager.py:488} INFO - Process each file at most once every 30 seconds
[2025-05-22T06:59:11.956+0000] {manager.py:489} INFO - Checking for new files in /opt/airflow/dags every 300 seconds
[2025-05-22T06:59:11.968+0000] {manager.py:759} INFO - Searching for files in /opt/airflow/dags
[2025-05-22T06:59:13.517+0000] {manager.py:762} INFO - There are 6 files in /opt/airflow/dags
[2025-05-22T07:00:01.904+0000] {manager.py:469} INFO - Exiting gracefully upon receiving signal 15
[2025-05-22T07:00:03.031+0000] {manager.py:487} INFO - Processing files using up to 2 processes at a time 
[2025-05-22T07:00:03.039+0000] {manager.py:488} INFO - Process each file at most once every 30 seconds
[2025-05-22T07:00:03.042+0000] {manager.py:489} INFO - Checking for new files in /opt/airflow/dags every 300 seconds
[2025-05-22T07:00:03.043+0000] {manager.py:759} INFO - Searching for files in /opt/airflow/dags
[2025-05-22T07:00:03.244+0000] {manager.py:762} INFO - There are 6 files in /opt/airflow/dags
[2025-05-22T07:00:53.346+0000] {manager.py:469} INFO - Exiting gracefully upon receiving signal 15
[2025-05-22T07:00:54.932+0000] {manager.py:487} INFO - Processing files using up to 2 processes at a time 
[2025-05-22T07:00:54.933+0000] {manager.py:488} INFO - Process each file at most once every 30 seconds
[2025-05-22T07:00:54.938+0000] {manager.py:489} INFO - Checking for new files in /opt/airflow/dags every 300 seconds
[2025-05-22T07:00:54.946+0000] {manager.py:759} INFO - Searching for files in /opt/airflow/dags
[2025-05-22T07:00:55.424+0000] {manager.py:762} INFO - There are 6 files in /opt/airflow/dags
[2025-05-22T07:01:45.635+0000] {manager.py:469} INFO - Exiting gracefully upon receiving signal 15
[2025-05-22T07:01:47.529+0000] {manager.py:487} INFO - Processing files using up to 2 processes at a time 
[2025-05-22T07:01:47.533+0000] {manager.py:488} INFO - Process each file at most once every 30 seconds
[2025-05-22T07:01:47.534+0000] {manager.py:489} INFO - Checking for new files in /opt/airflow/dags every 300 seconds
[2025-05-22T07:01:47.535+0000] {manager.py:759} INFO - Searching for files in /opt/airflow/dags
[2025-05-22T07:01:47.794+0000] {manager.py:762} INFO - There are 6 files in /opt/airflow/dags
[2025-05-22T07:02:37.284+0000] {manager.py:469} INFO - Exiting gracefully upon receiving signal 15
[2025-05-22T07:02:39.290+0000] {manager.py:487} INFO - Processing files using up to 2 processes at a time 
[2025-05-22T07:02:39.296+0000] {manager.py:488} INFO - Process each file at most once every 30 seconds
[2025-05-22T07:02:39.299+0000] {manager.py:489} INFO - Checking for new files in /opt/airflow/dags every 300 seconds
[2025-05-22T07:02:39.307+0000] {manager.py:759} INFO - Searching for files in /opt/airflow/dags
[2025-05-22T07:02:39.779+0000] {manager.py:762} INFO - There are 6 files in /opt/airflow/dags
[2025-05-22T07:03:29.951+0000] {manager.py:469} INFO - Exiting gracefully upon receiving signal 15
[2025-05-22T07:03:32.156+0000] {manager.py:487} INFO - Processing files using up to 2 processes at a time 
[2025-05-22T07:03:32.157+0000] {manager.py:488} INFO - Process each file at most once every 30 seconds
[2025-05-22T07:03:32.158+0000] {manager.py:489} INFO - Checking for new files in /opt/airflow/dags every 300 seconds
[2025-05-22T07:03:32.166+0000] {manager.py:759} INFO - Searching for files in /opt/airflow/dags
[2025-05-22T07:03:32.603+0000] {manager.py:762} INFO - There are 6 files in /opt/airflow/dags
[2025-05-22T07:04:22.026+0000] {manager.py:469} INFO - Exiting gracefully upon receiving signal 15
[2025-05-22T07:04:22.783+0000] {manager.py:487} INFO - Processing files using up to 2 processes at a time 
[2025-05-22T07:04:22.784+0000] {manager.py:488} INFO - Process each file at most once every 30 seconds
[2025-05-22T07:04:22.785+0000] {manager.py:489} INFO - Checking for new files in /opt/airflow/dags every 300 seconds
[2025-05-22T07:04:22.786+0000] {manager.py:759} INFO - Searching for files in /opt/airflow/dags
[2025-05-22T07:04:23.133+0000] {manager.py:762} INFO - There are 6 files in /opt/airflow/dags
[2025-05-22T07:05:13.060+0000] {manager.py:469} INFO - Exiting gracefully upon receiving signal 15
[2025-05-22T07:05:13.820+0000] {manager.py:487} INFO - Processing files using up to 2 processes at a time 
[2025-05-22T07:05:13.821+0000] {manager.py:488} INFO - Process each file at most once every 30 seconds
[2025-05-22T07:05:13.822+0000] {manager.py:489} INFO - Checking for new files in /opt/airflow/dags every 300 seconds
[2025-05-22T07:05:13.823+0000] {manager.py:759} INFO - Searching for files in /opt/airflow/dags
[2025-05-22T07:05:14.007+0000] {manager.py:762} INFO - There are 6 files in /opt/airflow/dags
[2025-05-22T07:06:04.022+0000] {manager.py:469} INFO - Exiting gracefully upon receiving signal 15
[2025-05-22T07:06:04.343+0000] {manager.py:487} INFO - Processing files using up to 2 processes at a time 
[2025-05-22T07:06:04.344+0000] {manager.py:488} INFO - Process each file at most once every 30 seconds
[2025-05-22T07:06:04.345+0000] {manager.py:489} INFO - Checking for new files in /opt/airflow/dags every 300 seconds
[2025-05-22T07:06:04.345+0000] {manager.py:759} INFO - Searching for files in /opt/airflow/dags
[2025-05-22T07:06:04.429+0000] {manager.py:762} INFO - There are 6 files in /opt/airflow/dags
[2025-05-22T07:06:54.511+0000] {manager.py:469} INFO - Exiting gracefully upon receiving signal 15
[2025-05-22T07:06:54.907+0000] {manager.py:487} INFO - Processing files using up to 2 processes at a time 
[2025-05-22T07:06:54.908+0000] {manager.py:488} INFO - Process each file at most once every 30 seconds
[2025-05-22T07:06:54.908+0000] {manager.py:489} INFO - Checking for new files in /opt/airflow/dags every 300 seconds
[2025-05-22T07:06:54.909+0000] {manager.py:759} INFO - Searching for files in /opt/airflow/dags
[2025-05-22T07:06:55.047+0000] {manager.py:762} INFO - There are 6 files in /opt/airflow/dags
[2025-05-22T07:07:45.041+0000] {manager.py:469} INFO - Exiting gracefully upon receiving signal 15
[2025-05-22T07:07:45.361+0000] {manager.py:487} INFO - Processing files using up to 2 processes at a time 
[2025-05-22T07:07:45.362+0000] {manager.py:488} INFO - Process each file at most once every 30 seconds
[2025-05-22T07:07:45.363+0000] {manager.py:489} INFO - Checking for new files in /opt/airflow/dags every 300 seconds
[2025-05-22T07:07:45.363+0000] {manager.py:759} INFO - Searching for files in /opt/airflow/dags
[2025-05-22T07:07:45.463+0000] {manager.py:762} INFO - There are 6 files in /opt/airflow/dags
[2025-05-22T07:08:35.501+0000] {manager.py:469} INFO - Exiting gracefully upon receiving signal 15
[2025-05-22T07:08:35.737+0000] {manager.py:487} INFO - Processing files using up to 2 processes at a time 
[2025-05-22T07:08:35.737+0000] {manager.py:488} INFO - Process each file at most once every 30 seconds
[2025-05-22T07:08:35.738+0000] {manager.py:489} INFO - Checking for new files in /opt/airflow/dags every 300 seconds
[2025-05-22T07:08:35.738+0000] {manager.py:759} INFO - Searching for files in /opt/airflow/dags
[2025-05-22T07:08:35.959+0000] {manager.py:762} INFO - There are 6 files in /opt/airflow/dags
[2025-05-22T07:09:25.896+0000] {manager.py:469} INFO - Exiting gracefully upon receiving signal 15
[2025-05-22T07:09:26.132+0000] {manager.py:487} INFO - Processing files using up to 2 processes at a time 
[2025-05-22T07:09:26.132+0000] {manager.py:488} INFO - Process each file at most once every 30 seconds
[2025-05-22T07:09:26.133+0000] {manager.py:489} INFO - Checking for new files in /opt/airflow/dags every 300 seconds
[2025-05-22T07:09:26.133+0000] {manager.py:759} INFO - Searching for files in /opt/airflow/dags
[2025-05-22T07:09:26.338+0000] {manager.py:762} INFO - There are 6 files in /opt/airflow/dags
[2025-05-22T07:09:34.207+0000] {manager.py:469} INFO - Exiting gracefully upon receiving signal 15
[2025-05-22T07:10:21.862+0000] {manager.py:487} INFO - Processing files using up to 2 processes at a time 
[2025-05-22T07:10:21.863+0000] {manager.py:488} INFO - Process each file at most once every 30 seconds
[2025-05-22T07:10:21.865+0000] {manager.py:489} INFO - Checking for new files in /opt/airflow/dags every 300 seconds
[2025-05-22T07:10:21.867+0000] {manager.py:759} INFO - Searching for files in /opt/airflow/dags
[2025-05-22T07:10:21.979+0000] {manager.py:762} INFO - There are 6 files in /opt/airflow/dags
[2025-05-22T07:11:12.154+0000] {manager.py:469} INFO - Exiting gracefully upon receiving signal 15
[2025-05-22T07:11:12.433+0000] {manager.py:487} INFO - Processing files using up to 2 processes at a time 
[2025-05-22T07:11:12.434+0000] {manager.py:488} INFO - Process each file at most once every 30 seconds
[2025-05-22T07:11:12.434+0000] {manager.py:489} INFO - Checking for new files in /opt/airflow/dags every 300 seconds
[2025-05-22T07:11:12.435+0000] {manager.py:759} INFO - Searching for files in /opt/airflow/dags
[2025-05-22T07:11:12.530+0000] {manager.py:762} INFO - There are 6 files in /opt/airflow/dags
[2025-05-22T07:12:02.570+0000] {manager.py:469} INFO - Exiting gracefully upon receiving signal 15
[2025-05-22T07:12:03.151+0000] {manager.py:487} INFO - Processing files using up to 2 processes at a time 
[2025-05-22T07:12:03.152+0000] {manager.py:488} INFO - Process each file at most once every 30 seconds
[2025-05-22T07:12:03.153+0000] {manager.py:489} INFO - Checking for new files in /opt/airflow/dags every 300 seconds
[2025-05-22T07:12:03.154+0000] {manager.py:759} INFO - Searching for files in /opt/airflow/dags
[2025-05-22T07:12:03.305+0000] {manager.py:762} INFO - There are 6 files in /opt/airflow/dags
[2025-05-22T07:12:53.679+0000] {manager.py:469} INFO - Exiting gracefully upon receiving signal 15
[2025-05-22T07:12:54.737+0000] {manager.py:487} INFO - Processing files using up to 2 processes at a time 
[2025-05-22T07:12:54.738+0000] {manager.py:488} INFO - Process each file at most once every 30 seconds
[2025-05-22T07:12:54.738+0000] {manager.py:489} INFO - Checking for new files in /opt/airflow/dags every 300 seconds
[2025-05-22T07:12:54.739+0000] {manager.py:759} INFO - Searching for files in /opt/airflow/dags
[2025-05-22T07:12:55.316+0000] {manager.py:762} INFO - There are 6 files in /opt/airflow/dags
[2025-05-22T07:13:44.736+0000] {manager.py:469} INFO - Exiting gracefully upon receiving signal 15
[2025-05-22T07:13:45.965+0000] {manager.py:487} INFO - Processing files using up to 2 processes at a time 
[2025-05-22T07:13:45.966+0000] {manager.py:488} INFO - Process each file at most once every 30 seconds
[2025-05-22T07:13:45.967+0000] {manager.py:489} INFO - Checking for new files in /opt/airflow/dags every 300 seconds
[2025-05-22T07:13:45.967+0000] {manager.py:759} INFO - Searching for files in /opt/airflow/dags
[2025-05-22T07:13:46.457+0000] {manager.py:762} INFO - There are 6 files in /opt/airflow/dags
[2025-05-22T07:14:36.359+0000] {manager.py:469} INFO - Exiting gracefully upon receiving signal 15
[2025-05-22T07:14:37.080+0000] {manager.py:487} INFO - Processing files using up to 2 processes at a time 
[2025-05-22T07:14:37.081+0000] {manager.py:488} INFO - Process each file at most once every 30 seconds
[2025-05-22T07:14:37.082+0000] {manager.py:489} INFO - Checking for new files in /opt/airflow/dags every 300 seconds
[2025-05-22T07:14:37.083+0000] {manager.py:759} INFO - Searching for files in /opt/airflow/dags
[2025-05-22T07:14:37.409+0000] {manager.py:762} INFO - There are 6 files in /opt/airflow/dags
[2025-05-22T07:15:27.656+0000] {manager.py:469} INFO - Exiting gracefully upon receiving signal 15
[2025-05-22T07:15:28.668+0000] {manager.py:487} INFO - Processing files using up to 2 processes at a time 
[2025-05-22T07:15:28.670+0000] {manager.py:488} INFO - Process each file at most once every 30 seconds
[2025-05-22T07:15:28.671+0000] {manager.py:489} INFO - Checking for new files in /opt/airflow/dags every 300 seconds
[2025-05-22T07:15:28.675+0000] {manager.py:759} INFO - Searching for files in /opt/airflow/dags
[2025-05-22T07:15:29.242+0000] {manager.py:762} INFO - There are 6 files in /opt/airflow/dags
[2025-05-22T07:16:18.523+0000] {manager.py:469} INFO - Exiting gracefully upon receiving signal 15
[2025-05-22T07:16:19.478+0000] {manager.py:487} INFO - Processing files using up to 2 processes at a time 
[2025-05-22T07:16:19.481+0000] {manager.py:488} INFO - Process each file at most once every 30 seconds
[2025-05-22T07:16:19.482+0000] {manager.py:489} INFO - Checking for new files in /opt/airflow/dags every 300 seconds
[2025-05-22T07:16:19.482+0000] {manager.py:759} INFO - Searching for files in /opt/airflow/dags
[2025-05-22T07:16:20.101+0000] {manager.py:762} INFO - There are 6 files in /opt/airflow/dags
[2025-05-22T07:17:10.034+0000] {manager.py:469} INFO - Exiting gracefully upon receiving signal 15
[2025-05-22T07:17:10.923+0000] {manager.py:487} INFO - Processing files using up to 2 processes at a time 
[2025-05-22T07:17:10.924+0000] {manager.py:488} INFO - Process each file at most once every 30 seconds
[2025-05-22T07:17:10.925+0000] {manager.py:489} INFO - Checking for new files in /opt/airflow/dags every 300 seconds
[2025-05-22T07:17:10.926+0000] {manager.py:759} INFO - Searching for files in /opt/airflow/dags
[2025-05-22T07:17:11.354+0000] {manager.py:762} INFO - There are 6 files in /opt/airflow/dags
[2025-05-22T07:18:01.300+0000] {manager.py:469} INFO - Exiting gracefully upon receiving signal 15
[2025-05-22T07:18:02.103+0000] {manager.py:487} INFO - Processing files using up to 2 processes at a time 
[2025-05-22T07:18:02.104+0000] {manager.py:488} INFO - Process each file at most once every 30 seconds
[2025-05-22T07:18:02.105+0000] {manager.py:489} INFO - Checking for new files in /opt/airflow/dags every 300 seconds
[2025-05-22T07:18:02.105+0000] {manager.py:759} INFO - Searching for files in /opt/airflow/dags
[2025-05-22T07:18:02.299+0000] {manager.py:762} INFO - There are 6 files in /opt/airflow/dags
[2025-05-22T07:18:52.695+0000] {manager.py:469} INFO - Exiting gracefully upon receiving signal 15
[2025-05-22T07:18:53.462+0000] {manager.py:487} INFO - Processing files using up to 2 processes at a time 
[2025-05-22T07:18:53.463+0000] {manager.py:488} INFO - Process each file at most once every 30 seconds
[2025-05-22T07:18:53.465+0000] {manager.py:489} INFO - Checking for new files in /opt/airflow/dags every 300 seconds
[2025-05-22T07:18:53.465+0000] {manager.py:759} INFO - Searching for files in /opt/airflow/dags
[2025-05-22T07:18:53.829+0000] {manager.py:762} INFO - There are 6 files in /opt/airflow/dags
[2025-05-22T07:19:43.372+0000] {manager.py:469} INFO - Exiting gracefully upon receiving signal 15
[2025-05-22T07:19:44.312+0000] {manager.py:487} INFO - Processing files using up to 2 processes at a time 
[2025-05-22T07:19:44.337+0000] {manager.py:488} INFO - Process each file at most once every 30 seconds
[2025-05-22T07:19:44.339+0000] {manager.py:489} INFO - Checking for new files in /opt/airflow/dags every 300 seconds
[2025-05-22T07:19:44.347+0000] {manager.py:759} INFO - Searching for files in /opt/airflow/dags
[2025-05-22T07:19:44.682+0000] {manager.py:762} INFO - There are 6 files in /opt/airflow/dags
[2025-05-22T07:20:34.470+0000] {manager.py:469} INFO - Exiting gracefully upon receiving signal 15
[2025-05-22T07:20:34.836+0000] {manager.py:487} INFO - Processing files using up to 2 processes at a time 
[2025-05-22T07:20:34.836+0000] {manager.py:488} INFO - Process each file at most once every 30 seconds
[2025-05-22T07:20:34.837+0000] {manager.py:489} INFO - Checking for new files in /opt/airflow/dags every 300 seconds
[2025-05-22T07:20:34.838+0000] {manager.py:759} INFO - Searching for files in /opt/airflow/dags
[2025-05-22T07:20:34.934+0000] {manager.py:762} INFO - There are 6 files in /opt/airflow/dags
[2025-05-22T07:21:24.987+0000] {manager.py:469} INFO - Exiting gracefully upon receiving signal 15
[2025-05-22T07:21:25.318+0000] {manager.py:487} INFO - Processing files using up to 2 processes at a time 
[2025-05-22T07:21:25.319+0000] {manager.py:488} INFO - Process each file at most once every 30 seconds
[2025-05-22T07:21:25.319+0000] {manager.py:489} INFO - Checking for new files in /opt/airflow/dags every 300 seconds
[2025-05-22T07:21:25.320+0000] {manager.py:759} INFO - Searching for files in /opt/airflow/dags
[2025-05-22T07:21:25.426+0000] {manager.py:762} INFO - There are 6 files in /opt/airflow/dags
[2025-05-22T07:22:15.482+0000] {manager.py:469} INFO - Exiting gracefully upon receiving signal 15
[2025-05-22T07:22:15.810+0000] {manager.py:487} INFO - Processing files using up to 2 processes at a time 
[2025-05-22T07:22:15.811+0000] {manager.py:488} INFO - Process each file at most once every 30 seconds
[2025-05-22T07:22:15.811+0000] {manager.py:489} INFO - Checking for new files in /opt/airflow/dags every 300 seconds
[2025-05-22T07:22:15.812+0000] {manager.py:759} INFO - Searching for files in /opt/airflow/dags
[2025-05-22T07:22:15.916+0000] {manager.py:762} INFO - There are 6 files in /opt/airflow/dags
[2025-05-22T07:23:05.985+0000] {manager.py:469} INFO - Exiting gracefully upon receiving signal 15
[2025-05-22T07:23:06.222+0000] {manager.py:487} INFO - Processing files using up to 2 processes at a time 
[2025-05-22T07:23:06.223+0000] {manager.py:488} INFO - Process each file at most once every 30 seconds
[2025-05-22T07:23:06.223+0000] {manager.py:489} INFO - Checking for new files in /opt/airflow/dags every 300 seconds
[2025-05-22T07:23:06.223+0000] {manager.py:759} INFO - Searching for files in /opt/airflow/dags
[2025-05-22T07:23:06.315+0000] {manager.py:762} INFO - There are 6 files in /opt/airflow/dags
[2025-05-22T07:23:56.413+0000] {manager.py:469} INFO - Exiting gracefully upon receiving signal 15
[2025-05-22T07:23:56.887+0000] {manager.py:487} INFO - Processing files using up to 2 processes at a time 
[2025-05-22T07:23:56.888+0000] {manager.py:488} INFO - Process each file at most once every 30 seconds
[2025-05-22T07:23:56.888+0000] {manager.py:489} INFO - Checking for new files in /opt/airflow/dags every 300 seconds
[2025-05-22T07:23:56.889+0000] {manager.py:759} INFO - Searching for files in /opt/airflow/dags
[2025-05-22T07:23:57.031+0000] {manager.py:762} INFO - There are 6 files in /opt/airflow/dags
[2025-05-22T07:24:47.204+0000] {manager.py:469} INFO - Exiting gracefully upon receiving signal 15
[2025-05-22T07:24:47.669+0000] {manager.py:487} INFO - Processing files using up to 2 processes at a time 
[2025-05-22T07:24:47.670+0000] {manager.py:488} INFO - Process each file at most once every 30 seconds
[2025-05-22T07:24:47.671+0000] {manager.py:489} INFO - Checking for new files in /opt/airflow/dags every 300 seconds
[2025-05-22T07:24:47.671+0000] {manager.py:759} INFO - Searching for files in /opt/airflow/dags
[2025-05-22T07:24:47.800+0000] {manager.py:762} INFO - There are 6 files in /opt/airflow/dags
[2025-05-22T07:25:37.813+0000] {manager.py:469} INFO - Exiting gracefully upon receiving signal 15
[2025-05-22T07:25:38.089+0000] {manager.py:487} INFO - Processing files using up to 2 processes at a time 
[2025-05-22T07:25:38.090+0000] {manager.py:488} INFO - Process each file at most once every 30 seconds
[2025-05-22T07:25:38.091+0000] {manager.py:489} INFO - Checking for new files in /opt/airflow/dags every 300 seconds
[2025-05-22T07:25:38.091+0000] {manager.py:759} INFO - Searching for files in /opt/airflow/dags
[2025-05-22T07:25:38.175+0000] {manager.py:762} INFO - There are 6 files in /opt/airflow/dags
[2025-05-22T07:26:28.197+0000] {manager.py:469} INFO - Exiting gracefully upon receiving signal 15
[2025-05-22T07:26:28.510+0000] {manager.py:487} INFO - Processing files using up to 2 processes at a time 
[2025-05-22T07:26:28.511+0000] {manager.py:488} INFO - Process each file at most once every 30 seconds
[2025-05-22T07:26:28.511+0000] {manager.py:489} INFO - Checking for new files in /opt/airflow/dags every 300 seconds
[2025-05-22T07:26:28.512+0000] {manager.py:759} INFO - Searching for files in /opt/airflow/dags
[2025-05-22T07:26:28.605+0000] {manager.py:762} INFO - There are 6 files in /opt/airflow/dags
[2025-05-22T07:27:18.673+0000] {manager.py:469} INFO - Exiting gracefully upon receiving signal 15
[2025-05-22T07:27:19.181+0000] {manager.py:487} INFO - Processing files using up to 2 processes at a time 
[2025-05-22T07:27:19.182+0000] {manager.py:488} INFO - Process each file at most once every 30 seconds
[2025-05-22T07:27:19.182+0000] {manager.py:489} INFO - Checking for new files in /opt/airflow/dags every 300 seconds
[2025-05-22T07:27:19.183+0000] {manager.py:759} INFO - Searching for files in /opt/airflow/dags
[2025-05-22T07:27:19.311+0000] {manager.py:762} INFO - There are 6 files in /opt/airflow/dags
[2025-05-22T07:28:09.211+0000] {manager.py:469} INFO - Exiting gracefully upon receiving signal 15
[2025-05-22T07:28:09.484+0000] {manager.py:487} INFO - Processing files using up to 2 processes at a time 
[2025-05-22T07:28:09.485+0000] {manager.py:488} INFO - Process each file at most once every 30 seconds
[2025-05-22T07:28:09.485+0000] {manager.py:489} INFO - Checking for new files in /opt/airflow/dags every 300 seconds
[2025-05-22T07:28:09.485+0000] {manager.py:759} INFO - Searching for files in /opt/airflow/dags
[2025-05-22T07:28:09.573+0000] {manager.py:762} INFO - There are 6 files in /opt/airflow/dags
[2025-05-22T07:28:54.939+0000] {manager.py:469} INFO - Exiting gracefully upon receiving signal 15
[2025-05-22T07:29:50.454+0000] {manager.py:487} INFO - Processing files using up to 2 processes at a time 
[2025-05-22T07:29:50.456+0000] {manager.py:488} INFO - Process each file at most once every 30 seconds
[2025-05-22T07:29:50.457+0000] {manager.py:489} INFO - Checking for new files in /opt/airflow/dags every 300 seconds
[2025-05-22T07:29:50.457+0000] {manager.py:759} INFO - Searching for files in /opt/airflow/dags
[2025-05-22T07:29:50.579+0000] {manager.py:762} INFO - There are 6 files in /opt/airflow/dags
[2025-05-22T07:30:40.451+0000] {manager.py:469} INFO - Exiting gracefully upon receiving signal 15
[2025-05-22T07:30:40.868+0000] {manager.py:487} INFO - Processing files using up to 2 processes at a time 
[2025-05-22T07:30:40.869+0000] {manager.py:488} INFO - Process each file at most once every 30 seconds
[2025-05-22T07:30:40.870+0000] {manager.py:489} INFO - Checking for new files in /opt/airflow/dags every 300 seconds
[2025-05-22T07:30:40.870+0000] {manager.py:759} INFO - Searching for files in /opt/airflow/dags
[2025-05-22T07:30:40.965+0000] {manager.py:762} INFO - There are 6 files in /opt/airflow/dags
[2025-05-22T07:31:31.378+0000] {manager.py:469} INFO - Exiting gracefully upon receiving signal 15
[2025-05-22T07:31:32.792+0000] {manager.py:487} INFO - Processing files using up to 2 processes at a time 
[2025-05-22T07:31:32.801+0000] {manager.py:488} INFO - Process each file at most once every 30 seconds
[2025-05-22T07:31:32.813+0000] {manager.py:489} INFO - Checking for new files in /opt/airflow/dags every 300 seconds
[2025-05-22T07:31:32.826+0000] {manager.py:759} INFO - Searching for files in /opt/airflow/dags
[2025-05-22T07:31:33.293+0000] {manager.py:762} INFO - There are 6 files in /opt/airflow/dags
[2025-05-22T07:32:22.768+0000] {manager.py:469} INFO - Exiting gracefully upon receiving signal 15
[2025-05-22T07:32:23.453+0000] {manager.py:487} INFO - Processing files using up to 2 processes at a time 
[2025-05-22T07:32:23.459+0000] {manager.py:488} INFO - Process each file at most once every 30 seconds
[2025-05-22T07:32:23.460+0000] {manager.py:489} INFO - Checking for new files in /opt/airflow/dags every 300 seconds
[2025-05-22T07:32:23.460+0000] {manager.py:759} INFO - Searching for files in /opt/airflow/dags
[2025-05-22T07:32:23.780+0000] {manager.py:762} INFO - There are 6 files in /opt/airflow/dags
[2025-05-22T07:33:13.942+0000] {manager.py:469} INFO - Exiting gracefully upon receiving signal 15
[2025-05-22T07:33:14.833+0000] {manager.py:487} INFO - Processing files using up to 2 processes at a time 
[2025-05-22T07:33:14.838+0000] {manager.py:488} INFO - Process each file at most once every 30 seconds
[2025-05-22T07:33:14.839+0000] {manager.py:489} INFO - Checking for new files in /opt/airflow/dags every 300 seconds
[2025-05-22T07:33:14.841+0000] {manager.py:759} INFO - Searching for files in /opt/airflow/dags
[2025-05-22T07:33:15.315+0000] {manager.py:762} INFO - There are 6 files in /opt/airflow/dags
[2025-05-22T07:34:05.403+0000] {manager.py:469} INFO - Exiting gracefully upon receiving signal 15
[2025-05-22T07:34:06.220+0000] {manager.py:487} INFO - Processing files using up to 2 processes at a time 
[2025-05-22T07:34:06.234+0000] {manager.py:488} INFO - Process each file at most once every 30 seconds
[2025-05-22T07:34:06.236+0000] {manager.py:489} INFO - Checking for new files in /opt/airflow/dags every 300 seconds
[2025-05-22T07:34:06.237+0000] {manager.py:759} INFO - Searching for files in /opt/airflow/dags
[2025-05-22T07:34:06.645+0000] {manager.py:762} INFO - There are 6 files in /opt/airflow/dags
[2025-05-22T07:34:56.261+0000] {manager.py:469} INFO - Exiting gracefully upon receiving signal 15
[2025-05-22T07:34:57.002+0000] {manager.py:487} INFO - Processing files using up to 2 processes at a time 
[2025-05-22T07:34:57.004+0000] {manager.py:488} INFO - Process each file at most once every 30 seconds
[2025-05-22T07:34:57.005+0000] {manager.py:489} INFO - Checking for new files in /opt/airflow/dags every 300 seconds
[2025-05-22T07:34:57.018+0000] {manager.py:759} INFO - Searching for files in /opt/airflow/dags
[2025-05-22T07:34:57.637+0000] {manager.py:762} INFO - There are 6 files in /opt/airflow/dags
[2025-05-22T07:35:46.858+0000] {manager.py:469} INFO - Exiting gracefully upon receiving signal 15
[2025-05-22T07:35:48.121+0000] {manager.py:487} INFO - Processing files using up to 2 processes at a time 
[2025-05-22T07:35:48.123+0000] {manager.py:488} INFO - Process each file at most once every 30 seconds
[2025-05-22T07:35:48.125+0000] {manager.py:489} INFO - Checking for new files in /opt/airflow/dags every 300 seconds
[2025-05-22T07:35:48.130+0000] {manager.py:759} INFO - Searching for files in /opt/airflow/dags
[2025-05-22T07:35:49.372+0000] {manager.py:762} INFO - There are 6 files in /opt/airflow/dags
[2025-05-22T07:36:38.602+0000] {manager.py:469} INFO - Exiting gracefully upon receiving signal 15
[2025-05-22T07:36:39.663+0000] {manager.py:487} INFO - Processing files using up to 2 processes at a time 
[2025-05-22T07:36:39.664+0000] {manager.py:488} INFO - Process each file at most once every 30 seconds
[2025-05-22T07:36:39.664+0000] {manager.py:489} INFO - Checking for new files in /opt/airflow/dags every 300 seconds
[2025-05-22T07:36:39.665+0000] {manager.py:759} INFO - Searching for files in /opt/airflow/dags
[2025-05-22T07:36:40.276+0000] {manager.py:762} INFO - There are 6 files in /opt/airflow/dags
[2025-05-22T07:37:30.060+0000] {manager.py:469} INFO - Exiting gracefully upon receiving signal 15
[2025-05-22T07:37:30.682+0000] {manager.py:487} INFO - Processing files using up to 2 processes at a time 
[2025-05-22T07:37:30.683+0000] {manager.py:488} INFO - Process each file at most once every 30 seconds
[2025-05-22T07:37:30.685+0000] {manager.py:489} INFO - Checking for new files in /opt/airflow/dags every 300 seconds
[2025-05-22T07:37:30.685+0000] {manager.py:759} INFO - Searching for files in /opt/airflow/dags
[2025-05-22T07:37:31.070+0000] {manager.py:762} INFO - There are 6 files in /opt/airflow/dags
[2025-05-22T07:38:21.322+0000] {manager.py:469} INFO - Exiting gracefully upon receiving signal 15
[2025-05-22T07:38:21.980+0000] {manager.py:487} INFO - Processing files using up to 2 processes at a time 
[2025-05-22T07:38:21.981+0000] {manager.py:488} INFO - Process each file at most once every 30 seconds
[2025-05-22T07:38:21.983+0000] {manager.py:489} INFO - Checking for new files in /opt/airflow/dags every 300 seconds
[2025-05-22T07:38:21.986+0000] {manager.py:759} INFO - Searching for files in /opt/airflow/dags
[2025-05-22T07:38:22.387+0000] {manager.py:762} INFO - There are 6 files in /opt/airflow/dags
[2025-05-22T07:39:12.068+0000] {manager.py:469} INFO - Exiting gracefully upon receiving signal 15
[2025-05-22T07:39:13.400+0000] {manager.py:487} INFO - Processing files using up to 2 processes at a time 
[2025-05-22T07:39:13.413+0000] {manager.py:488} INFO - Process each file at most once every 30 seconds
[2025-05-22T07:39:13.416+0000] {manager.py:489} INFO - Checking for new files in /opt/airflow/dags every 300 seconds
[2025-05-22T07:39:13.429+0000] {manager.py:759} INFO - Searching for files in /opt/airflow/dags
[2025-05-22T07:39:14.121+0000] {manager.py:762} INFO - There are 6 files in /opt/airflow/dags
[2025-05-22T07:40:03.770+0000] {manager.py:469} INFO - Exiting gracefully upon receiving signal 15
[2025-05-22T07:40:04.228+0000] {manager.py:487} INFO - Processing files using up to 2 processes at a time 
[2025-05-22T07:40:04.229+0000] {manager.py:488} INFO - Process each file at most once every 30 seconds
[2025-05-22T07:40:04.230+0000] {manager.py:489} INFO - Checking for new files in /opt/airflow/dags every 300 seconds
[2025-05-22T07:40:04.230+0000] {manager.py:759} INFO - Searching for files in /opt/airflow/dags
[2025-05-22T07:40:04.376+0000] {manager.py:762} INFO - There are 6 files in /opt/airflow/dags
[2025-05-22T07:40:54.377+0000] {manager.py:469} INFO - Exiting gracefully upon receiving signal 15
[2025-05-22T07:40:54.806+0000] {manager.py:487} INFO - Processing files using up to 2 processes at a time 
[2025-05-22T07:40:54.807+0000] {manager.py:488} INFO - Process each file at most once every 30 seconds
[2025-05-22T07:40:54.808+0000] {manager.py:489} INFO - Checking for new files in /opt/airflow/dags every 300 seconds
[2025-05-22T07:40:54.809+0000] {manager.py:759} INFO - Searching for files in /opt/airflow/dags
[2025-05-22T07:40:54.930+0000] {manager.py:762} INFO - There are 6 files in /opt/airflow/dags
[2025-05-22T07:41:44.830+0000] {manager.py:469} INFO - Exiting gracefully upon receiving signal 15
[2025-05-22T07:41:45.112+0000] {manager.py:487} INFO - Processing files using up to 2 processes at a time 
[2025-05-22T07:41:45.112+0000] {manager.py:488} INFO - Process each file at most once every 30 seconds
[2025-05-22T07:41:45.113+0000] {manager.py:489} INFO - Checking for new files in /opt/airflow/dags every 300 seconds
[2025-05-22T07:41:45.113+0000] {manager.py:759} INFO - Searching for files in /opt/airflow/dags
[2025-05-22T07:41:45.190+0000] {manager.py:762} INFO - There are 6 files in /opt/airflow/dags
[2025-05-22T07:42:35.286+0000] {manager.py:469} INFO - Exiting gracefully upon receiving signal 15
[2025-05-22T07:42:35.942+0000] {manager.py:487} INFO - Processing files using up to 2 processes at a time 
[2025-05-22T07:42:35.943+0000] {manager.py:488} INFO - Process each file at most once every 30 seconds
[2025-05-22T07:42:35.943+0000] {manager.py:489} INFO - Checking for new files in /opt/airflow/dags every 300 seconds
[2025-05-22T07:42:35.944+0000] {manager.py:759} INFO - Searching for files in /opt/airflow/dags
[2025-05-22T07:42:36.079+0000] {manager.py:762} INFO - There are 6 files in /opt/airflow/dags
[2025-05-22T07:43:26.143+0000] {manager.py:469} INFO - Exiting gracefully upon receiving signal 15
[2025-05-22T07:43:28.129+0000] {manager.py:487} INFO - Processing files using up to 2 processes at a time 
[2025-05-22T07:43:28.130+0000] {manager.py:488} INFO - Process each file at most once every 30 seconds
[2025-05-22T07:43:28.131+0000] {manager.py:489} INFO - Checking for new files in /opt/airflow/dags every 300 seconds
[2025-05-22T07:43:28.131+0000] {manager.py:759} INFO - Searching for files in /opt/airflow/dags
[2025-05-22T07:43:28.302+0000] {manager.py:762} INFO - There are 6 files in /opt/airflow/dags
[2025-05-22T07:44:17.807+0000] {manager.py:469} INFO - Exiting gracefully upon receiving signal 15
[2025-05-22T07:44:18.197+0000] {manager.py:487} INFO - Processing files using up to 2 processes at a time 
[2025-05-22T07:44:18.199+0000] {manager.py:488} INFO - Process each file at most once every 30 seconds
[2025-05-22T07:44:18.200+0000] {manager.py:489} INFO - Checking for new files in /opt/airflow/dags every 300 seconds
[2025-05-22T07:44:18.202+0000] {manager.py:759} INFO - Searching for files in /opt/airflow/dags
[2025-05-22T07:44:18.382+0000] {manager.py:762} INFO - There are 6 files in /opt/airflow/dags
[2025-05-22T07:45:08.464+0000] {manager.py:469} INFO - Exiting gracefully upon receiving signal 15
[2025-05-22T07:45:09.119+0000] {manager.py:487} INFO - Processing files using up to 2 processes at a time 
[2025-05-22T07:45:09.120+0000] {manager.py:488} INFO - Process each file at most once every 30 seconds
[2025-05-22T07:45:09.121+0000] {manager.py:489} INFO - Checking for new files in /opt/airflow/dags every 300 seconds
[2025-05-22T07:45:09.121+0000] {manager.py:759} INFO - Searching for files in /opt/airflow/dags
[2025-05-22T07:45:09.233+0000] {manager.py:762} INFO - There are 6 files in /opt/airflow/dags
