[2025-05-20T20:45:47.094+0000] {taskinstance.py:1157} INFO - Dependencies all met for dep_context=non-requeueable deps ti=<TaskInstance: weather_streaming_pipeline.fetch_weather_data manual__2025-05-20T20:45:34.409584+00:00 [queued]>
[2025-05-20T20:45:47.121+0000] {taskinstance.py:1157} INFO - Dependencies all met for dep_context=requeueable deps ti=<TaskInstance: weather_streaming_pipeline.fetch_weather_data manual__2025-05-20T20:45:34.409584+00:00 [queued]>
[2025-05-20T20:45:47.124+0000] {taskinstance.py:1359} INFO - Starting attempt 1 of 2
[2025-05-20T20:45:47.170+0000] {taskinstance.py:1380} INFO - Executing <Task(BashOperator): fetch_weather_data> on 2025-05-20 20:45:34.409584+00:00
[2025-05-20T20:45:47.194+0000] {standard_task_runner.py:57} INFO - Started process 483 to run task
[2025-05-20T20:45:47.224+0000] {standard_task_runner.py:84} INFO - Running: ['airflow', 'tasks', 'run', 'weather_streaming_pipeline', 'fetch_weather_data', 'manual__2025-05-20T20:45:34.409584+00:00', '--job-id', '41', '--raw', '--subdir', 'DAGS_FOLDER/weather_streaming_dag.py', '--cfg-path', '/tmp/tmpl_x3xun5']
[2025-05-20T20:45:47.256+0000] {standard_task_runner.py:85} INFO - Job 41: Subtask fetch_weather_data
[2025-05-20T20:45:47.329+0000] {logging_mixin.py:151} WARNING - /home/airflow/.local/lib/python3.8/site-packages/airflow/settings.py:195 DeprecationWarning: The sql_alchemy_conn option in [core] has been moved to the sql_alchemy_conn option in [database] - the old setting has been used, but please update your config.
[2025-05-20T20:45:47.611+0000] {task_command.py:415} INFO - Running <TaskInstance: weather_streaming_pipeline.fetch_weather_data manual__2025-05-20T20:45:34.409584+00:00 [running]> on host 54a986196d48
[2025-05-20T20:45:48.177+0000] {taskinstance.py:1660} INFO - Exporting env vars: AIRFLOW_CTX_DAG_OWNER='airflow' AIRFLOW_CTX_DAG_ID='weather_streaming_pipeline' AIRFLOW_CTX_TASK_ID='fetch_weather_data' AIRFLOW_CTX_EXECUTION_DATE='2025-05-20T20:45:34.409584+00:00' AIRFLOW_CTX_TRY_NUMBER='1' AIRFLOW_CTX_DAG_RUN_ID='manual__2025-05-20T20:45:34.409584+00:00'
[2025-05-20T20:45:48.190+0000] {subprocess.py:63} INFO - Tmp dir root location: /tmp
[2025-05-20T20:45:48.198+0000] {subprocess.py:75} INFO - Running command: ['/bin/bash', '-c', 'python /opt/airflow/dags/scripts/fetch_weather_data.py']
[2025-05-20T20:45:48.248+0000] {subprocess.py:86} INFO - Output:
[2025-05-20T20:45:56.481+0000] {subprocess.py:93} INFO - 2025-05-20 20:45:56,480 - INFO - Bucket nyc-taxi-data already exists
[2025-05-20T20:45:57.369+0000] {subprocess.py:93} INFO - 2025-05-20 20:45:57,368 - INFO - Weather data saved to MinIO: weather_nyc_20250520_204557.json
[2025-05-20T20:45:57.370+0000] {subprocess.py:93} INFO - 2025-05-20 20:45:57,369 - INFO - Weather data fetch completed
[2025-05-20T20:45:57.696+0000] {subprocess.py:97} INFO - Command exited with return code 0
[2025-05-20T20:45:58.020+0000] {taskinstance.py:1398} INFO - Marking task as SUCCESS. dag_id=weather_streaming_pipeline, task_id=fetch_weather_data, execution_date=20250520T204534, start_date=20250520T204547, end_date=20250520T204558
[2025-05-20T20:45:58.153+0000] {local_task_job_runner.py:228} INFO - Task exited with return code 0
[2025-05-20T20:45:58.249+0000] {taskinstance.py:2776} INFO - 1 downstream tasks scheduled from follow-on schedule check
