[2025-05-21T13:00:22.090+0000] {taskinstance.py:1157} INFO - Dependencies all met for dep_context=non-requeueable deps ti=<TaskInstance: yellow_taxi_batch_pipeline.download_taxi_data manual__2025-05-21T13:00:19.051223+00:00 [queued]>
[2025-05-21T13:00:22.103+0000] {taskinstance.py:1157} INFO - Dependencies all met for dep_context=requeueable deps ti=<TaskInstance: yellow_taxi_batch_pipeline.download_taxi_data manual__2025-05-21T13:00:19.051223+00:00 [queued]>
[2025-05-21T13:00:22.104+0000] {taskinstance.py:1359} INFO - Starting attempt 1 of 2
[2025-05-21T13:00:22.134+0000] {taskinstance.py:1380} INFO - Executing <Task(BashOperator): download_taxi_data> on 2025-05-21 13:00:19.051223+00:00
[2025-05-21T13:00:22.173+0000] {standard_task_runner.py:57} INFO - Started process 198 to run task
[2025-05-21T13:00:22.176+0000] {standard_task_runner.py:84} INFO - Running: ['airflow', 'tasks', 'run', 'yellow_taxi_batch_pipeline', 'download_taxi_data', 'manual__2025-05-21T13:00:19.051223+00:00', '--job-id', '88', '--raw', '--subdir', 'DAGS_FOLDER/taxi_batch_dag.py', '--cfg-path', '/tmp/tmpj83570nq']
[2025-05-21T13:00:22.181+0000] {standard_task_runner.py:85} INFO - Job 88: Subtask download_taxi_data
[2025-05-21T13:00:22.209+0000] {logging_mixin.py:151} WARNING - /home/airflow/.local/lib/python3.8/site-packages/airflow/settings.py:195 DeprecationWarning: The sql_alchemy_conn option in [core] has been moved to the sql_alchemy_conn option in [database] - the old setting has been used, but please update your config.
[2025-05-21T13:00:22.253+0000] {task_command.py:415} INFO - Running <TaskInstance: yellow_taxi_batch_pipeline.download_taxi_data manual__2025-05-21T13:00:19.051223+00:00 [running]> on host 90f6607be6b0
[2025-05-21T13:00:22.378+0000] {taskinstance.py:1660} INFO - Exporting env vars: AIRFLOW_CTX_DAG_OWNER='airflow' AIRFLOW_CTX_DAG_ID='yellow_taxi_batch_pipeline' AIRFLOW_CTX_TASK_ID='download_taxi_data' AIRFLOW_CTX_EXECUTION_DATE='2025-05-21T13:00:19.051223+00:00' AIRFLOW_CTX_TRY_NUMBER='1' AIRFLOW_CTX_DAG_RUN_ID='manual__2025-05-21T13:00:19.051223+00:00'
[2025-05-21T13:00:22.380+0000] {subprocess.py:63} INFO - Tmp dir root location: /tmp
[2025-05-21T13:00:22.381+0000] {subprocess.py:75} INFO - Running command: ['/bin/bash', '-c', 'python /opt/airflow/dags/scripts/download_taxi_data.py']
[2025-05-21T13:00:22.389+0000] {subprocess.py:86} INFO - Output:
[2025-05-21T13:00:25.065+0000] {subprocess.py:93} INFO - 2025-05-21 13:00:25,065 - INFO - Bucket nyc-taxi-data already exists
[2025-05-21T13:00:25.065+0000] {subprocess.py:93} INFO - 2025-05-21 13:00:25,065 - INFO - Downloading yellow_tripdata_2022-01.parquet from https://d37ci6vzurychx.cloudfront.net/trip-data/yellow_tripdata_2022-01.parquet
[2025-05-21T13:00:26.943+0000] {subprocess.py:93} INFO - 2025-05-21 13:00:26,943 - INFO - Successfully uploaded yellow_tripdata_2022-01.parquet to MinIO
[2025-05-21T13:00:26.944+0000] {subprocess.py:93} INFO - 2025-05-21 13:00:26,943 - INFO - Downloading yellow_tripdata_2022-02.parquet from https://d37ci6vzurychx.cloudfront.net/trip-data/yellow_tripdata_2022-02.parquet
[2025-05-21T13:00:29.278+0000] {subprocess.py:93} INFO - 2025-05-21 13:00:29,278 - INFO - Successfully uploaded yellow_tripdata_2022-02.parquet to MinIO
[2025-05-21T13:00:29.279+0000] {subprocess.py:93} INFO - 2025-05-21 13:00:29,278 - INFO - Downloading yellow_tripdata_2022-03.parquet from https://d37ci6vzurychx.cloudfront.net/trip-data/yellow_tripdata_2022-03.parquet
[2025-05-21T13:00:32.369+0000] {subprocess.py:93} INFO - 2025-05-21 13:00:32,369 - INFO - Successfully uploaded yellow_tripdata_2022-03.parquet to MinIO
[2025-05-21T13:00:32.370+0000] {subprocess.py:93} INFO - 2025-05-21 13:00:32,369 - INFO - Downloading yellow_tripdata_2022-04.parquet from https://d37ci6vzurychx.cloudfront.net/trip-data/yellow_tripdata_2022-04.parquet
[2025-05-21T13:00:36.946+0000] {subprocess.py:93} INFO - 2025-05-21 13:00:36,945 - INFO - Successfully uploaded yellow_tripdata_2022-04.parquet to MinIO
[2025-05-21T13:00:36.947+0000] {subprocess.py:93} INFO - 2025-05-21 13:00:36,946 - INFO - Downloading yellow_tripdata_2022-05.parquet from https://d37ci6vzurychx.cloudfront.net/trip-data/yellow_tripdata_2022-05.parquet
[2025-05-21T13:00:40.213+0000] {subprocess.py:93} INFO - 2025-05-21 13:00:40,213 - INFO - Successfully uploaded yellow_tripdata_2022-05.parquet to MinIO
[2025-05-21T13:00:40.214+0000] {subprocess.py:93} INFO - 2025-05-21 13:00:40,213 - INFO - Downloading yellow_tripdata_2022-06.parquet from https://d37ci6vzurychx.cloudfront.net/trip-data/yellow_tripdata_2022-06.parquet
[2025-05-21T13:00:43.462+0000] {subprocess.py:93} INFO - 2025-05-21 13:00:43,462 - INFO - Successfully uploaded yellow_tripdata_2022-06.parquet to MinIO
[2025-05-21T13:00:43.464+0000] {subprocess.py:93} INFO - 2025-05-21 13:00:43,462 - INFO - Downloading yellow_tripdata_2022-07.parquet from https://d37ci6vzurychx.cloudfront.net/trip-data/yellow_tripdata_2022-07.parquet
[2025-05-21T13:00:47.900+0000] {subprocess.py:93} INFO - 2025-05-21 13:00:47,900 - INFO - Successfully uploaded yellow_tripdata_2022-07.parquet to MinIO
[2025-05-21T13:00:47.902+0000] {subprocess.py:93} INFO - 2025-05-21 13:00:47,900 - INFO - Downloading yellow_tripdata_2022-08.parquet from https://d37ci6vzurychx.cloudfront.net/trip-data/yellow_tripdata_2022-08.parquet
[2025-05-21T13:00:51.185+0000] {subprocess.py:93} INFO - 2025-05-21 13:00:51,185 - INFO - Successfully uploaded yellow_tripdata_2022-08.parquet to MinIO
[2025-05-21T13:00:51.210+0000] {subprocess.py:93} INFO - 2025-05-21 13:00:51,185 - INFO - Downloading yellow_tripdata_2022-09.parquet from https://d37ci6vzurychx.cloudfront.net/trip-data/yellow_tripdata_2022-09.parquet
[2025-05-21T13:00:55.518+0000] {subprocess.py:93} INFO - 2025-05-21 13:00:55,517 - INFO - Successfully uploaded yellow_tripdata_2022-09.parquet to MinIO
[2025-05-21T13:00:55.519+0000] {subprocess.py:93} INFO - 2025-05-21 13:00:55,518 - INFO - Downloading yellow_tripdata_2022-10.parquet from https://d37ci6vzurychx.cloudfront.net/trip-data/yellow_tripdata_2022-10.parquet
[2025-05-21T13:00:58.547+0000] {subprocess.py:93} INFO - 2025-05-21 13:00:58,546 - INFO - Successfully uploaded yellow_tripdata_2022-10.parquet to MinIO
[2025-05-21T13:00:58.547+0000] {subprocess.py:93} INFO - 2025-05-21 13:00:58,547 - INFO - Downloading yellow_tripdata_2022-11.parquet from https://d37ci6vzurychx.cloudfront.net/trip-data/yellow_tripdata_2022-11.parquet
[2025-05-21T13:01:01.637+0000] {subprocess.py:93} INFO - 2025-05-21 13:01:01,637 - INFO - Successfully uploaded yellow_tripdata_2022-11.parquet to MinIO
[2025-05-21T13:01:01.638+0000] {subprocess.py:93} INFO - 2025-05-21 13:01:01,637 - INFO - Downloading yellow_tripdata_2022-12.parquet from https://d37ci6vzurychx.cloudfront.net/trip-data/yellow_tripdata_2022-12.parquet
[2025-05-21T13:01:07.414+0000] {subprocess.py:93} INFO - 2025-05-21 13:01:07,414 - INFO - Successfully uploaded yellow_tripdata_2022-12.parquet to MinIO
[2025-05-21T13:01:07.417+0000] {subprocess.py:93} INFO - 2025-05-21 13:01:07,416 - INFO - Taxi data download completed
[2025-05-21T13:01:08.113+0000] {subprocess.py:97} INFO - Command exited with return code 0
[2025-05-21T13:01:08.204+0000] {taskinstance.py:1398} INFO - Marking task as SUCCESS. dag_id=yellow_taxi_batch_pipeline, task_id=download_taxi_data, execution_date=20250521T130019, start_date=20250521T130022, end_date=20250521T130108
[2025-05-21T13:01:08.293+0000] {local_task_job_runner.py:228} INFO - Task exited with return code 0
[2025-05-21T13:01:08.347+0000] {taskinstance.py:2776} INFO - 1 downstream tasks scheduled from follow-on schedule check
