[2025-05-21T09:24:31.278+0000] {taskinstance.py:1157} INFO - Dependencies all met for dep_context=non-requeueable deps ti=<TaskInstance: weather_streaming_pipeline.fetch_weather_data scheduled__2025-05-20T21:28:09.155513+00:00 [queued]>
[2025-05-21T09:24:31.293+0000] {taskinstance.py:1157} INFO - Dependencies all met for dep_context=requeueable deps ti=<TaskInstance: weather_streaming_pipeline.fetch_weather_data scheduled__2025-05-20T21:28:09.155513+00:00 [queued]>
[2025-05-21T09:24:31.294+0000] {taskinstance.py:1359} INFO - Starting attempt 1 of 2
[2025-05-21T09:24:31.317+0000] {taskinstance.py:1380} INFO - Executing <Task(BashOperator): fetch_weather_data> on 2025-05-20 21:28:09.155513+00:00
[2025-05-21T09:24:31.323+0000] {standard_task_runner.py:57} INFO - Started process 179 to run task
[2025-05-21T09:24:31.326+0000] {standard_task_runner.py:84} INFO - Running: ['airflow', 'tasks', 'run', 'weather_streaming_pipeline', 'fetch_weather_data', 'scheduled__2025-05-20T21:28:09.155513+00:00', '--job-id', '51', '--raw', '--subdir', 'DAGS_FOLDER/weather_streaming_dag.py', '--cfg-path', '/tmp/tmph179o0ds']
[2025-05-21T09:24:31.329+0000] {standard_task_runner.py:85} INFO - Job 51: Subtask fetch_weather_data
[2025-05-21T09:24:31.351+0000] {logging_mixin.py:151} WARNING - /home/airflow/.local/lib/python3.8/site-packages/airflow/settings.py:195 DeprecationWarning: The sql_alchemy_conn option in [core] has been moved to the sql_alchemy_conn option in [database] - the old setting has been used, but please update your config.
[2025-05-21T09:24:31.400+0000] {task_command.py:415} INFO - Running <TaskInstance: weather_streaming_pipeline.fetch_weather_data scheduled__2025-05-20T21:28:09.155513+00:00 [running]> on host a0c1f0ba11e5
[2025-05-21T09:24:31.599+0000] {taskinstance.py:1660} INFO - Exporting env vars: AIRFLOW_CTX_DAG_OWNER='airflow' AIRFLOW_CTX_DAG_ID='weather_streaming_pipeline' AIRFLOW_CTX_TASK_ID='fetch_weather_data' AIRFLOW_CTX_EXECUTION_DATE='2025-05-20T21:28:09.155513+00:00' AIRFLOW_CTX_TRY_NUMBER='1' AIRFLOW_CTX_DAG_RUN_ID='scheduled__2025-05-20T21:28:09.155513+00:00'
[2025-05-21T09:24:31.601+0000] {subprocess.py:63} INFO - Tmp dir root location: /tmp
[2025-05-21T09:24:31.602+0000] {subprocess.py:75} INFO - Running command: ['/bin/bash', '-c', 'python /opt/airflow/dags/scripts/fetch_weather_data.py']
[2025-05-21T09:24:31.632+0000] {subprocess.py:86} INFO - Output:
[2025-05-21T09:24:33.529+0000] {subprocess.py:93} INFO - 2025-05-21 09:24:33,529 - INFO - Bucket nyc-taxi-data already exists
[2025-05-21T09:24:33.754+0000] {subprocess.py:93} INFO - 2025-05-21 09:24:33,754 - INFO - Weather data saved to MinIO: weather_nyc_20250521_092433.json
[2025-05-21T09:24:33.756+0000] {subprocess.py:93} INFO - 2025-05-21 09:24:33,754 - INFO - Weather data fetch completed
[2025-05-21T09:24:33.892+0000] {subprocess.py:97} INFO - Command exited with return code 0
[2025-05-21T09:24:33.934+0000] {taskinstance.py:1398} INFO - Marking task as SUCCESS. dag_id=weather_streaming_pipeline, task_id=fetch_weather_data, execution_date=20250520T212809, start_date=20250521T092431, end_date=20250521T092433
[2025-05-21T09:24:33.992+0000] {local_task_job_runner.py:228} INFO - Task exited with return code 0
[2025-05-21T09:24:34.024+0000] {taskinstance.py:2776} INFO - 1 downstream tasks scheduled from follow-on schedule check
