[2025-05-21T09:27:25.831+0000] {taskinstance.py:1157} INFO - Dependencies all met for dep_context=non-requeueable deps ti=<TaskInstance: weather_streaming_pipeline.fetch_weather_data manual__2025-05-21T09:27:22.833952+00:00 [queued]>
[2025-05-21T09:27:25.886+0000] {taskinstance.py:1157} INFO - Dependencies all met for dep_context=requeueable deps ti=<TaskInstance: weather_streaming_pipeline.fetch_weather_data manual__2025-05-21T09:27:22.833952+00:00 [queued]>
[2025-05-21T09:27:25.888+0000] {taskinstance.py:1359} INFO - Starting attempt 1 of 2
[2025-05-21T09:27:25.979+0000] {taskinstance.py:1380} INFO - Executing <Task(BashOperator): fetch_weather_data> on 2025-05-21 09:27:22.833952+00:00
[2025-05-21T09:27:26.002+0000] {standard_task_runner.py:57} INFO - Started process 252 to run task
[2025-05-21T09:27:26.031+0000] {standard_task_runner.py:84} INFO - Running: ['airflow', 'tasks', 'run', 'weather_streaming_pipeline', 'fetch_weather_data', 'manual__2025-05-21T09:27:22.833952+00:00', '--job-id', '59', '--raw', '--subdir', 'DAGS_FOLDER/weather_streaming_dag.py', '--cfg-path', '/tmp/tmp6fwp93et']
[2025-05-21T09:27:26.048+0000] {standard_task_runner.py:85} INFO - Job 59: Subtask fetch_weather_data
[2025-05-21T09:27:26.120+0000] {logging_mixin.py:151} WARNING - /home/airflow/.local/lib/python3.8/site-packages/airflow/settings.py:195 DeprecationWarning: The sql_alchemy_conn option in [core] has been moved to the sql_alchemy_conn option in [database] - the old setting has been used, but please update your config.
[2025-05-21T09:27:26.313+0000] {task_command.py:415} INFO - Running <TaskInstance: weather_streaming_pipeline.fetch_weather_data manual__2025-05-21T09:27:22.833952+00:00 [running]> on host c4c55d29c79f
[2025-05-21T09:27:26.683+0000] {taskinstance.py:1660} INFO - Exporting env vars: AIRFLOW_CTX_DAG_OWNER='airflow' AIRFLOW_CTX_DAG_ID='weather_streaming_pipeline' AIRFLOW_CTX_TASK_ID='fetch_weather_data' AIRFLOW_CTX_EXECUTION_DATE='2025-05-21T09:27:22.833952+00:00' AIRFLOW_CTX_TRY_NUMBER='1' AIRFLOW_CTX_DAG_RUN_ID='manual__2025-05-21T09:27:22.833952+00:00'
[2025-05-21T09:27:26.686+0000] {subprocess.py:63} INFO - Tmp dir root location: /tmp
[2025-05-21T09:27:26.693+0000] {subprocess.py:75} INFO - Running command: ['/bin/bash', '-c', 'python /opt/airflow/dags/scripts/fetch_weather_data.py']
[2025-05-21T09:27:26.718+0000] {subprocess.py:86} INFO - Output:
[2025-05-21T09:27:30.102+0000] {subprocess.py:93} INFO - 2025-05-21 09:27:30,101 - INFO - Bucket nyc-taxi-data already exists
[2025-05-21T09:27:30.386+0000] {subprocess.py:93} INFO - 2025-05-21 09:27:30,385 - INFO - Weather data saved to MinIO: weather_nyc_20250521_092730.json
[2025-05-21T09:27:30.386+0000] {subprocess.py:93} INFO - 2025-05-21 09:27:30,385 - INFO - Weather data fetch completed
[2025-05-21T09:27:30.667+0000] {subprocess.py:97} INFO - Command exited with return code 0
[2025-05-21T09:27:30.744+0000] {taskinstance.py:1398} INFO - Marking task as SUCCESS. dag_id=weather_streaming_pipeline, task_id=fetch_weather_data, execution_date=20250521T092722, start_date=20250521T092725, end_date=20250521T092730
[2025-05-21T09:27:30.806+0000] {local_task_job_runner.py:228} INFO - Task exited with return code 0
[2025-05-21T09:27:30.886+0000] {taskinstance.py:2776} INFO - 1 downstream tasks scheduled from follow-on schedule check
