[2025-05-21T09:35:12.943+0000] {taskinstance.py:1157} INFO - Dependencies all met for dep_context=non-requeueable deps ti=<TaskInstance: yellow_taxi_batch_pipeline.download_taxi_data manual__2025-05-21T09:35:11.589791+00:00 [queued]>
[2025-05-21T09:35:12.978+0000] {taskinstance.py:1157} INFO - Dependencies all met for dep_context=requeueable deps ti=<TaskInstance: yellow_taxi_batch_pipeline.download_taxi_data manual__2025-05-21T09:35:11.589791+00:00 [queued]>
[2025-05-21T09:35:12.981+0000] {taskinstance.py:1359} INFO - Starting attempt 1 of 2
[2025-05-21T09:35:13.002+0000] {taskinstance.py:1380} INFO - Executing <Task(BashOperator): download_taxi_data> on 2025-05-21 09:35:11.589791+00:00
[2025-05-21T09:35:13.009+0000] {standard_task_runner.py:57} INFO - Started process 364 to run task
[2025-05-21T09:35:13.014+0000] {standard_task_runner.py:84} INFO - Running: ['airflow', 'tasks', 'run', 'yellow_taxi_batch_pipeline', 'download_taxi_data', 'manual__2025-05-21T09:35:11.589791+00:00', '--job-id', '67', '--raw', '--subdir', 'DAGS_FOLDER/taxi_batch_dag.py', '--cfg-path', '/tmp/tmp8jtwprag']
[2025-05-21T09:35:13.021+0000] {standard_task_runner.py:85} INFO - Job 67: Subtask download_taxi_data
[2025-05-21T09:35:13.042+0000] {logging_mixin.py:151} WARNING - /home/airflow/.local/lib/python3.8/site-packages/airflow/settings.py:195 DeprecationWarning: The sql_alchemy_conn option in [core] has been moved to the sql_alchemy_conn option in [database] - the old setting has been used, but please update your config.
[2025-05-21T09:35:13.103+0000] {task_command.py:415} INFO - Running <TaskInstance: yellow_taxi_batch_pipeline.download_taxi_data manual__2025-05-21T09:35:11.589791+00:00 [running]> on host e235d42916dc
[2025-05-21T09:35:13.314+0000] {taskinstance.py:1660} INFO - Exporting env vars: AIRFLOW_CTX_DAG_OWNER='airflow' AIRFLOW_CTX_DAG_ID='yellow_taxi_batch_pipeline' AIRFLOW_CTX_TASK_ID='download_taxi_data' AIRFLOW_CTX_EXECUTION_DATE='2025-05-21T09:35:11.589791+00:00' AIRFLOW_CTX_TRY_NUMBER='1' AIRFLOW_CTX_DAG_RUN_ID='manual__2025-05-21T09:35:11.589791+00:00'
[2025-05-21T09:35:13.318+0000] {subprocess.py:63} INFO - Tmp dir root location: /tmp
[2025-05-21T09:35:13.325+0000] {subprocess.py:75} INFO - Running command: ['/bin/bash', '-c', 'python /opt/airflow/dags/scripts/download_taxi_data.py']
[2025-05-21T09:35:13.342+0000] {subprocess.py:86} INFO - Output:
[2025-05-21T09:35:16.519+0000] {subprocess.py:93} INFO - 2025-05-21 09:35:16,519 - INFO - Bucket nyc-taxi-data already exists
[2025-05-21T09:35:16.520+0000] {subprocess.py:93} INFO - 2025-05-21 09:35:16,519 - INFO - Downloading yellow_tripdata_2022-01.parquet from https://d37ci6vzurychx.cloudfront.net/trip-data/yellow_tripdata_2022-01.parquet
[2025-05-21T09:35:20.193+0000] {subprocess.py:93} INFO - 2025-05-21 09:35:20,193 - INFO - Successfully uploaded yellow_tripdata_2022-01.parquet to MinIO
[2025-05-21T09:35:20.194+0000] {subprocess.py:93} INFO - 2025-05-21 09:35:20,193 - INFO - Downloading yellow_tripdata_2022-02.parquet from https://d37ci6vzurychx.cloudfront.net/trip-data/yellow_tripdata_2022-02.parquet
[2025-05-21T09:35:24.235+0000] {subprocess.py:93} INFO - 2025-05-21 09:35:24,235 - INFO - Successfully uploaded yellow_tripdata_2022-02.parquet to MinIO
[2025-05-21T09:35:24.237+0000] {subprocess.py:93} INFO - 2025-05-21 09:35:24,235 - INFO - Downloading yellow_tripdata_2022-03.parquet from https://d37ci6vzurychx.cloudfront.net/trip-data/yellow_tripdata_2022-03.parquet
[2025-05-21T09:35:29.421+0000] {subprocess.py:93} INFO - 2025-05-21 09:35:29,421 - INFO - Successfully uploaded yellow_tripdata_2022-03.parquet to MinIO
[2025-05-21T09:35:29.422+0000] {subprocess.py:93} INFO - 2025-05-21 09:35:29,421 - INFO - Downloading yellow_tripdata_2022-04.parquet from https://d37ci6vzurychx.cloudfront.net/trip-data/yellow_tripdata_2022-04.parquet
[2025-05-21T09:35:34.771+0000] {subprocess.py:93} INFO - 2025-05-21 09:35:34,771 - INFO - Successfully uploaded yellow_tripdata_2022-04.parquet to MinIO
[2025-05-21T09:35:34.772+0000] {subprocess.py:93} INFO - 2025-05-21 09:35:34,771 - INFO - Downloading yellow_tripdata_2022-05.parquet from https://d37ci6vzurychx.cloudfront.net/trip-data/yellow_tripdata_2022-05.parquet
[2025-05-21T09:35:41.094+0000] {subprocess.py:93} INFO - 2025-05-21 09:35:41,093 - INFO - Successfully uploaded yellow_tripdata_2022-05.parquet to MinIO
[2025-05-21T09:35:41.098+0000] {subprocess.py:93} INFO - 2025-05-21 09:35:41,093 - INFO - Downloading yellow_tripdata_2022-06.parquet from https://d37ci6vzurychx.cloudfront.net/trip-data/yellow_tripdata_2022-06.parquet
[2025-05-21T09:35:47.061+0000] {subprocess.py:93} INFO - 2025-05-21 09:35:47,060 - INFO - Successfully uploaded yellow_tripdata_2022-06.parquet to MinIO
[2025-05-21T09:35:47.061+0000] {subprocess.py:93} INFO - 2025-05-21 09:35:47,061 - INFO - Downloading yellow_tripdata_2022-07.parquet from https://d37ci6vzurychx.cloudfront.net/trip-data/yellow_tripdata_2022-07.parquet
[2025-05-21T09:35:52.967+0000] {subprocess.py:93} INFO - 2025-05-21 09:35:52,967 - INFO - Successfully uploaded yellow_tripdata_2022-07.parquet to MinIO
[2025-05-21T09:35:52.968+0000] {subprocess.py:93} INFO - 2025-05-21 09:35:52,967 - INFO - Downloading yellow_tripdata_2022-08.parquet from https://d37ci6vzurychx.cloudfront.net/trip-data/yellow_tripdata_2022-08.parquet
[2025-05-21T09:35:58.441+0000] {subprocess.py:93} INFO - 2025-05-21 09:35:58,441 - INFO - Successfully uploaded yellow_tripdata_2022-08.parquet to MinIO
[2025-05-21T09:35:58.443+0000] {subprocess.py:93} INFO - 2025-05-21 09:35:58,441 - INFO - Downloading yellow_tripdata_2022-09.parquet from https://d37ci6vzurychx.cloudfront.net/trip-data/yellow_tripdata_2022-09.parquet
[2025-05-21T09:36:04.324+0000] {subprocess.py:93} INFO - 2025-05-21 09:36:04,324 - INFO - Successfully uploaded yellow_tripdata_2022-09.parquet to MinIO
[2025-05-21T09:36:04.325+0000] {subprocess.py:93} INFO - 2025-05-21 09:36:04,324 - INFO - Downloading yellow_tripdata_2022-10.parquet from https://d37ci6vzurychx.cloudfront.net/trip-data/yellow_tripdata_2022-10.parquet
[2025-05-21T09:36:11.621+0000] {subprocess.py:93} INFO - 2025-05-21 09:36:11,621 - INFO - Successfully uploaded yellow_tripdata_2022-10.parquet to MinIO
[2025-05-21T09:36:11.622+0000] {subprocess.py:93} INFO - 2025-05-21 09:36:11,621 - INFO - Downloading yellow_tripdata_2022-11.parquet from https://d37ci6vzurychx.cloudfront.net/trip-data/yellow_tripdata_2022-11.parquet
[2025-05-21T09:36:17.246+0000] {subprocess.py:93} INFO - 2025-05-21 09:36:17,245 - INFO - Successfully uploaded yellow_tripdata_2022-11.parquet to MinIO
[2025-05-21T09:36:17.247+0000] {subprocess.py:93} INFO - 2025-05-21 09:36:17,246 - INFO - Downloading yellow_tripdata_2022-12.parquet from https://d37ci6vzurychx.cloudfront.net/trip-data/yellow_tripdata_2022-12.parquet
[2025-05-21T09:36:23.030+0000] {subprocess.py:93} INFO - 2025-05-21 09:36:23,030 - INFO - Successfully uploaded yellow_tripdata_2022-12.parquet to MinIO
[2025-05-21T09:36:23.033+0000] {subprocess.py:93} INFO - 2025-05-21 09:36:23,032 - INFO - Taxi data download completed
[2025-05-21T09:36:23.334+0000] {subprocess.py:97} INFO - Command exited with return code 0
[2025-05-21T09:36:23.387+0000] {taskinstance.py:1398} INFO - Marking task as SUCCESS. dag_id=yellow_taxi_batch_pipeline, task_id=download_taxi_data, execution_date=20250521T093511, start_date=20250521T093512, end_date=20250521T093623
[2025-05-21T09:36:23.414+0000] {local_task_job_runner.py:228} INFO - Task exited with return code 0
[2025-05-21T09:36:23.463+0000] {taskinstance.py:2776} INFO - 1 downstream tasks scheduled from follow-on schedule check
