[2025-05-21T09:27:27.751+0000] {taskinstance.py:1157} INFO - Dependencies all met for dep_context=non-requeueable deps ti=<TaskInstance: yellow_taxi_batch_pipeline.download_taxi_data manual__2025-05-21T09:27:24.603467+00:00 [queued]>
[2025-05-21T09:27:27.774+0000] {taskinstance.py:1157} INFO - Dependencies all met for dep_context=requeueable deps ti=<TaskInstance: yellow_taxi_batch_pipeline.download_taxi_data manual__2025-05-21T09:27:24.603467+00:00 [queued]>
[2025-05-21T09:27:27.779+0000] {taskinstance.py:1359} INFO - Starting attempt 1 of 2
[2025-05-21T09:27:27.844+0000] {taskinstance.py:1380} INFO - Executing <Task(BashOperator): download_taxi_data> on 2025-05-21 09:27:24.603467+00:00
[2025-05-21T09:27:27.851+0000] {standard_task_runner.py:57} INFO - Started process 256 to run task
[2025-05-21T09:27:27.859+0000] {standard_task_runner.py:84} INFO - Running: ['airflow', 'tasks', 'run', 'yellow_taxi_batch_pipeline', 'download_taxi_data', 'manual__2025-05-21T09:27:24.603467+00:00', '--job-id', '60', '--raw', '--subdir', 'DAGS_FOLDER/taxi_batch_dag.py', '--cfg-path', '/tmp/tmpumnk9knu']
[2025-05-21T09:27:27.879+0000] {standard_task_runner.py:85} INFO - Job 60: Subtask download_taxi_data
[2025-05-21T09:27:27.933+0000] {logging_mixin.py:151} WARNING - /home/airflow/.local/lib/python3.8/site-packages/airflow/settings.py:195 DeprecationWarning: The sql_alchemy_conn option in [core] has been moved to the sql_alchemy_conn option in [database] - the old setting has been used, but please update your config.
[2025-05-21T09:27:28.085+0000] {task_command.py:415} INFO - Running <TaskInstance: yellow_taxi_batch_pipeline.download_taxi_data manual__2025-05-21T09:27:24.603467+00:00 [running]> on host c4c55d29c79f
[2025-05-21T09:27:28.517+0000] {taskinstance.py:1660} INFO - Exporting env vars: AIRFLOW_CTX_DAG_OWNER='airflow' AIRFLOW_CTX_DAG_ID='yellow_taxi_batch_pipeline' AIRFLOW_CTX_TASK_ID='download_taxi_data' AIRFLOW_CTX_EXECUTION_DATE='2025-05-21T09:27:24.603467+00:00' AIRFLOW_CTX_TRY_NUMBER='1' AIRFLOW_CTX_DAG_RUN_ID='manual__2025-05-21T09:27:24.603467+00:00'
[2025-05-21T09:27:28.519+0000] {subprocess.py:63} INFO - Tmp dir root location: /tmp
[2025-05-21T09:27:28.530+0000] {subprocess.py:75} INFO - Running command: ['/bin/bash', '-c', 'python /opt/airflow/dags/scripts/download_taxi_data.py']
[2025-05-21T09:27:28.559+0000] {subprocess.py:86} INFO - Output:
[2025-05-21T09:27:32.726+0000] {subprocess.py:93} INFO - 2025-05-21 09:27:32,726 - INFO - Bucket nyc-taxi-data already exists
[2025-05-21T09:27:32.727+0000] {subprocess.py:93} INFO - 2025-05-21 09:27:32,726 - INFO - Downloading yellow_tripdata_2022-01.parquet from https://d37ci6vzurychx.cloudfront.net/trip-data/yellow_tripdata_2022-01.parquet
[2025-05-21T09:27:51.797+0000] {subprocess.py:93} INFO - 2025-05-21 09:27:51,796 - INFO - Successfully uploaded yellow_tripdata_2022-01.parquet to MinIO
[2025-05-21T09:27:51.798+0000] {subprocess.py:93} INFO - 2025-05-21 09:27:51,797 - INFO - Downloading yellow_tripdata_2022-02.parquet from https://d37ci6vzurychx.cloudfront.net/trip-data/yellow_tripdata_2022-02.parquet
[2025-05-21T09:28:02.072+0000] {subprocess.py:93} INFO - 2025-05-21 09:28:02,072 - INFO - Successfully uploaded yellow_tripdata_2022-02.parquet to MinIO
[2025-05-21T09:28:02.076+0000] {subprocess.py:93} INFO - 2025-05-21 09:28:02,072 - INFO - Downloading yellow_tripdata_2022-03.parquet from https://d37ci6vzurychx.cloudfront.net/trip-data/yellow_tripdata_2022-03.parquet
[2025-05-21T09:28:32.763+0000] {subprocess.py:93} INFO - 2025-05-21 09:28:32,762 - INFO - Successfully uploaded yellow_tripdata_2022-03.parquet to MinIO
[2025-05-21T09:28:32.769+0000] {subprocess.py:93} INFO - 2025-05-21 09:28:32,763 - INFO - Downloading yellow_tripdata_2022-04.parquet from https://d37ci6vzurychx.cloudfront.net/trip-data/yellow_tripdata_2022-04.parquet
[2025-05-21T09:28:45.371+0000] {subprocess.py:93} INFO - 2025-05-21 09:28:45,361 - INFO - Successfully uploaded yellow_tripdata_2022-04.parquet to MinIO
[2025-05-21T09:28:45.387+0000] {subprocess.py:93} INFO - 2025-05-21 09:28:45,361 - INFO - Downloading yellow_tripdata_2022-05.parquet from https://d37ci6vzurychx.cloudfront.net/trip-data/yellow_tripdata_2022-05.parquet
[2025-05-21T09:28:55.969+0000] {subprocess.py:93} INFO - 2025-05-21 09:28:55,969 - INFO - Successfully uploaded yellow_tripdata_2022-05.parquet to MinIO
[2025-05-21T09:28:55.971+0000] {subprocess.py:93} INFO - 2025-05-21 09:28:55,969 - INFO - Downloading yellow_tripdata_2022-06.parquet from https://d37ci6vzurychx.cloudfront.net/trip-data/yellow_tripdata_2022-06.parquet
[2025-05-21T09:29:06.129+0000] {subprocess.py:93} INFO - 2025-05-21 09:29:06,128 - INFO - Successfully uploaded yellow_tripdata_2022-06.parquet to MinIO
[2025-05-21T09:29:06.131+0000] {subprocess.py:93} INFO - 2025-05-21 09:29:06,129 - INFO - Downloading yellow_tripdata_2022-07.parquet from https://d37ci6vzurychx.cloudfront.net/trip-data/yellow_tripdata_2022-07.parquet
[2025-05-21T09:29:14.388+0000] {subprocess.py:93} INFO - 2025-05-21 09:29:14,387 - INFO - Successfully uploaded yellow_tripdata_2022-07.parquet to MinIO
[2025-05-21T09:29:14.389+0000] {subprocess.py:93} INFO - 2025-05-21 09:29:14,388 - INFO - Downloading yellow_tripdata_2022-08.parquet from https://d37ci6vzurychx.cloudfront.net/trip-data/yellow_tripdata_2022-08.parquet
[2025-05-21T09:29:24.056+0000] {subprocess.py:93} INFO - 2025-05-21 09:29:24,055 - INFO - Successfully uploaded yellow_tripdata_2022-08.parquet to MinIO
[2025-05-21T09:29:24.057+0000] {subprocess.py:93} INFO - 2025-05-21 09:29:24,056 - INFO - Downloading yellow_tripdata_2022-09.parquet from https://d37ci6vzurychx.cloudfront.net/trip-data/yellow_tripdata_2022-09.parquet
[2025-05-21T09:29:33.596+0000] {subprocess.py:93} INFO - 2025-05-21 09:29:33,595 - INFO - Successfully uploaded yellow_tripdata_2022-09.parquet to MinIO
[2025-05-21T09:29:33.596+0000] {subprocess.py:93} INFO - 2025-05-21 09:29:33,596 - INFO - Downloading yellow_tripdata_2022-10.parquet from https://d37ci6vzurychx.cloudfront.net/trip-data/yellow_tripdata_2022-10.parquet
[2025-05-21T09:29:44.327+0000] {subprocess.py:93} INFO - 2025-05-21 09:29:44,327 - INFO - Successfully uploaded yellow_tripdata_2022-10.parquet to MinIO
[2025-05-21T09:29:44.328+0000] {subprocess.py:93} INFO - 2025-05-21 09:29:44,327 - INFO - Downloading yellow_tripdata_2022-11.parquet from https://d37ci6vzurychx.cloudfront.net/trip-data/yellow_tripdata_2022-11.parquet
[2025-05-21T09:29:53.034+0000] {subprocess.py:93} INFO - 2025-05-21 09:29:53,034 - INFO - Successfully uploaded yellow_tripdata_2022-11.parquet to MinIO
[2025-05-21T09:29:53.035+0000] {subprocess.py:93} INFO - 2025-05-21 09:29:53,034 - INFO - Downloading yellow_tripdata_2022-12.parquet from https://d37ci6vzurychx.cloudfront.net/trip-data/yellow_tripdata_2022-12.parquet
[2025-05-21T09:29:58.465+0000] {subprocess.py:93} INFO - 2025-05-21 09:29:58,464 - INFO - Successfully uploaded yellow_tripdata_2022-12.parquet to MinIO
[2025-05-21T09:29:58.468+0000] {subprocess.py:93} INFO - 2025-05-21 09:29:58,467 - INFO - Taxi data download completed
[2025-05-21T09:29:58.952+0000] {subprocess.py:97} INFO - Command exited with return code 0
[2025-05-21T09:29:59.078+0000] {taskinstance.py:1398} INFO - Marking task as SUCCESS. dag_id=yellow_taxi_batch_pipeline, task_id=download_taxi_data, execution_date=20250521T092724, start_date=20250521T092727, end_date=20250521T092959
[2025-05-21T09:29:59.185+0000] {local_task_job_runner.py:228} INFO - Task exited with return code 0
[2025-05-21T09:29:59.272+0000] {taskinstance.py:2776} INFO - 0 downstream tasks scheduled from follow-on schedule check
