[2025-05-21T12:55:59.921+0000] {processor.py:157} INFO - Started process (PID=176) to work on /opt/airflow/dags/jars/postgresql-42.5.0.jar
[2025-05-21T12:55:59.923+0000] {processor.py:829} INFO - Processing file /opt/airflow/dags/jars/postgresql-42.5.0.jar for tasks to queue
[2025-05-21T12:55:59.924+0000] {logging_mixin.py:151} INFO - [2025-05-21T12:55:59.924+0000] {dagbag.py:539} INFO - Filling up the DagBag from /opt/airflow/dags/jars/postgresql-42.5.0.jar
[2025-05-21T12:55:59.946+0000] {processor.py:841} WARNING - No viable dags retrieved from /opt/airflow/dags/jars/postgresql-42.5.0.jar
[2025-05-21T12:55:59.969+0000] {processor.py:179} INFO - Processing /opt/airflow/dags/jars/postgresql-42.5.0.jar took 0.052 seconds
[2025-05-21T12:56:30.631+0000] {processor.py:157} INFO - Started process (PID=191) to work on /opt/airflow/dags/jars/postgresql-42.5.0.jar
[2025-05-21T12:56:30.632+0000] {processor.py:829} INFO - Processing file /opt/airflow/dags/jars/postgresql-42.5.0.jar for tasks to queue
[2025-05-21T12:56:30.633+0000] {logging_mixin.py:151} INFO - [2025-05-21T12:56:30.632+0000] {dagbag.py:539} INFO - Filling up the DagBag from /opt/airflow/dags/jars/postgresql-42.5.0.jar
[2025-05-21T12:56:30.646+0000] {processor.py:841} WARNING - No viable dags retrieved from /opt/airflow/dags/jars/postgresql-42.5.0.jar
[2025-05-21T12:56:30.662+0000] {processor.py:179} INFO - Processing /opt/airflow/dags/jars/postgresql-42.5.0.jar took 0.034 seconds
[2025-05-21T12:57:02.836+0000] {processor.py:157} INFO - Started process (PID=302) to work on /opt/airflow/dags/jars/postgresql-42.5.0.jar
[2025-05-21T12:57:02.838+0000] {processor.py:829} INFO - Processing file /opt/airflow/dags/jars/postgresql-42.5.0.jar for tasks to queue
[2025-05-21T12:57:02.840+0000] {logging_mixin.py:151} INFO - [2025-05-21T12:57:02.839+0000] {dagbag.py:539} INFO - Filling up the DagBag from /opt/airflow/dags/jars/postgresql-42.5.0.jar
[2025-05-21T12:57:02.892+0000] {processor.py:841} WARNING - No viable dags retrieved from /opt/airflow/dags/jars/postgresql-42.5.0.jar
[2025-05-21T12:57:02.934+0000] {processor.py:179} INFO - Processing /opt/airflow/dags/jars/postgresql-42.5.0.jar took 0.101 seconds
[2025-05-21T12:57:34.084+0000] {processor.py:157} INFO - Started process (PID=410) to work on /opt/airflow/dags/jars/postgresql-42.5.0.jar
[2025-05-21T12:57:34.095+0000] {processor.py:829} INFO - Processing file /opt/airflow/dags/jars/postgresql-42.5.0.jar for tasks to queue
[2025-05-21T12:57:34.099+0000] {logging_mixin.py:151} INFO - [2025-05-21T12:57:34.098+0000] {dagbag.py:539} INFO - Filling up the DagBag from /opt/airflow/dags/jars/postgresql-42.5.0.jar
[2025-05-21T12:57:34.136+0000] {processor.py:841} WARNING - No viable dags retrieved from /opt/airflow/dags/jars/postgresql-42.5.0.jar
[2025-05-21T12:57:34.172+0000] {processor.py:179} INFO - Processing /opt/airflow/dags/jars/postgresql-42.5.0.jar took 0.093 seconds
[2025-05-21T12:58:05.031+0000] {processor.py:157} INFO - Started process (PID=426) to work on /opt/airflow/dags/jars/postgresql-42.5.0.jar
[2025-05-21T12:58:05.033+0000] {processor.py:829} INFO - Processing file /opt/airflow/dags/jars/postgresql-42.5.0.jar for tasks to queue
[2025-05-21T12:58:05.035+0000] {logging_mixin.py:151} INFO - [2025-05-21T12:58:05.034+0000] {dagbag.py:539} INFO - Filling up the DagBag from /opt/airflow/dags/jars/postgresql-42.5.0.jar
[2025-05-21T12:58:05.050+0000] {processor.py:841} WARNING - No viable dags retrieved from /opt/airflow/dags/jars/postgresql-42.5.0.jar
[2025-05-21T12:58:05.063+0000] {processor.py:179} INFO - Processing /opt/airflow/dags/jars/postgresql-42.5.0.jar took 0.035 seconds
[2025-05-21T12:58:36.050+0000] {processor.py:157} INFO - Started process (PID=441) to work on /opt/airflow/dags/jars/postgresql-42.5.0.jar
[2025-05-21T12:58:36.052+0000] {processor.py:829} INFO - Processing file /opt/airflow/dags/jars/postgresql-42.5.0.jar for tasks to queue
[2025-05-21T12:58:36.053+0000] {logging_mixin.py:151} INFO - [2025-05-21T12:58:36.052+0000] {dagbag.py:539} INFO - Filling up the DagBag from /opt/airflow/dags/jars/postgresql-42.5.0.jar
[2025-05-21T12:58:36.196+0000] {processor.py:841} WARNING - No viable dags retrieved from /opt/airflow/dags/jars/postgresql-42.5.0.jar
[2025-05-21T12:58:36.216+0000] {processor.py:179} INFO - Processing /opt/airflow/dags/jars/postgresql-42.5.0.jar took 0.169 seconds
[2025-05-21T12:59:50.046+0000] {processor.py:157} INFO - Started process (PID=177) to work on /opt/airflow/dags/jars/postgresql-42.5.0.jar
[2025-05-21T12:59:50.047+0000] {processor.py:829} INFO - Processing file /opt/airflow/dags/jars/postgresql-42.5.0.jar for tasks to queue
[2025-05-21T12:59:50.048+0000] {logging_mixin.py:151} INFO - [2025-05-21T12:59:50.047+0000] {dagbag.py:539} INFO - Filling up the DagBag from /opt/airflow/dags/jars/postgresql-42.5.0.jar
[2025-05-21T12:59:50.067+0000] {processor.py:841} WARNING - No viable dags retrieved from /opt/airflow/dags/jars/postgresql-42.5.0.jar
[2025-05-21T12:59:50.085+0000] {processor.py:179} INFO - Processing /opt/airflow/dags/jars/postgresql-42.5.0.jar took 0.042 seconds
[2025-05-21T13:00:21.123+0000] {processor.py:157} INFO - Started process (PID=193) to work on /opt/airflow/dags/jars/postgresql-42.5.0.jar
[2025-05-21T13:00:21.124+0000] {processor.py:829} INFO - Processing file /opt/airflow/dags/jars/postgresql-42.5.0.jar for tasks to queue
[2025-05-21T13:00:21.126+0000] {logging_mixin.py:151} INFO - [2025-05-21T13:00:21.125+0000] {dagbag.py:539} INFO - Filling up the DagBag from /opt/airflow/dags/jars/postgresql-42.5.0.jar
[2025-05-21T13:00:21.144+0000] {processor.py:841} WARNING - No viable dags retrieved from /opt/airflow/dags/jars/postgresql-42.5.0.jar
[2025-05-21T13:00:21.167+0000] {processor.py:179} INFO - Processing /opt/airflow/dags/jars/postgresql-42.5.0.jar took 0.048 seconds
[2025-05-21T13:00:53.234+0000] {processor.py:157} INFO - Started process (PID=286) to work on /opt/airflow/dags/jars/postgresql-42.5.0.jar
[2025-05-21T13:00:53.235+0000] {processor.py:829} INFO - Processing file /opt/airflow/dags/jars/postgresql-42.5.0.jar for tasks to queue
[2025-05-21T13:00:53.237+0000] {logging_mixin.py:151} INFO - [2025-05-21T13:00:53.237+0000] {dagbag.py:539} INFO - Filling up the DagBag from /opt/airflow/dags/jars/postgresql-42.5.0.jar
[2025-05-21T13:00:53.298+0000] {processor.py:841} WARNING - No viable dags retrieved from /opt/airflow/dags/jars/postgresql-42.5.0.jar
[2025-05-21T13:00:53.333+0000] {processor.py:179} INFO - Processing /opt/airflow/dags/jars/postgresql-42.5.0.jar took 0.104 seconds
[2025-05-21T13:01:25.827+0000] {processor.py:157} INFO - Started process (PID=386) to work on /opt/airflow/dags/jars/postgresql-42.5.0.jar
[2025-05-21T13:01:25.830+0000] {processor.py:829} INFO - Processing file /opt/airflow/dags/jars/postgresql-42.5.0.jar for tasks to queue
[2025-05-21T13:01:25.832+0000] {logging_mixin.py:151} INFO - [2025-05-21T13:01:25.831+0000] {dagbag.py:539} INFO - Filling up the DagBag from /opt/airflow/dags/jars/postgresql-42.5.0.jar
[2025-05-21T13:01:25.879+0000] {processor.py:841} WARNING - No viable dags retrieved from /opt/airflow/dags/jars/postgresql-42.5.0.jar
[2025-05-21T13:01:25.941+0000] {processor.py:179} INFO - Processing /opt/airflow/dags/jars/postgresql-42.5.0.jar took 0.130 seconds
[2025-05-21T13:01:56.996+0000] {processor.py:157} INFO - Started process (PID=523) to work on /opt/airflow/dags/jars/postgresql-42.5.0.jar
[2025-05-21T13:01:56.997+0000] {processor.py:829} INFO - Processing file /opt/airflow/dags/jars/postgresql-42.5.0.jar for tasks to queue
[2025-05-21T13:01:56.999+0000] {logging_mixin.py:151} INFO - [2025-05-21T13:01:56.998+0000] {dagbag.py:539} INFO - Filling up the DagBag from /opt/airflow/dags/jars/postgresql-42.5.0.jar
[2025-05-21T13:01:57.014+0000] {processor.py:841} WARNING - No viable dags retrieved from /opt/airflow/dags/jars/postgresql-42.5.0.jar
[2025-05-21T13:01:57.033+0000] {processor.py:179} INFO - Processing /opt/airflow/dags/jars/postgresql-42.5.0.jar took 0.041 seconds
[2025-05-21T13:02:28.007+0000] {processor.py:157} INFO - Started process (PID=540) to work on /opt/airflow/dags/jars/postgresql-42.5.0.jar
[2025-05-21T13:02:28.010+0000] {processor.py:829} INFO - Processing file /opt/airflow/dags/jars/postgresql-42.5.0.jar for tasks to queue
[2025-05-21T13:02:28.012+0000] {logging_mixin.py:151} INFO - [2025-05-21T13:02:28.012+0000] {dagbag.py:539} INFO - Filling up the DagBag from /opt/airflow/dags/jars/postgresql-42.5.0.jar
[2025-05-21T13:02:28.180+0000] {processor.py:841} WARNING - No viable dags retrieved from /opt/airflow/dags/jars/postgresql-42.5.0.jar
[2025-05-21T13:02:28.196+0000] {processor.py:179} INFO - Processing /opt/airflow/dags/jars/postgresql-42.5.0.jar took 0.194 seconds
[2025-05-21T13:02:59.094+0000] {processor.py:157} INFO - Started process (PID=581) to work on /opt/airflow/dags/jars/postgresql-42.5.0.jar
[2025-05-21T13:02:59.095+0000] {processor.py:829} INFO - Processing file /opt/airflow/dags/jars/postgresql-42.5.0.jar for tasks to queue
[2025-05-21T13:02:59.097+0000] {logging_mixin.py:151} INFO - [2025-05-21T13:02:59.096+0000] {dagbag.py:539} INFO - Filling up the DagBag from /opt/airflow/dags/jars/postgresql-42.5.0.jar
[2025-05-21T13:02:59.114+0000] {processor.py:841} WARNING - No viable dags retrieved from /opt/airflow/dags/jars/postgresql-42.5.0.jar
[2025-05-21T13:02:59.136+0000] {processor.py:179} INFO - Processing /opt/airflow/dags/jars/postgresql-42.5.0.jar took 0.047 seconds
[2025-05-21T13:03:30.684+0000] {processor.py:157} INFO - Started process (PID=596) to work on /opt/airflow/dags/jars/postgresql-42.5.0.jar
[2025-05-21T13:03:30.687+0000] {processor.py:829} INFO - Processing file /opt/airflow/dags/jars/postgresql-42.5.0.jar for tasks to queue
[2025-05-21T13:03:30.689+0000] {logging_mixin.py:151} INFO - [2025-05-21T13:03:30.689+0000] {dagbag.py:539} INFO - Filling up the DagBag from /opt/airflow/dags/jars/postgresql-42.5.0.jar
[2025-05-21T13:03:30.714+0000] {processor.py:841} WARNING - No viable dags retrieved from /opt/airflow/dags/jars/postgresql-42.5.0.jar
[2025-05-21T13:03:30.758+0000] {processor.py:179} INFO - Processing /opt/airflow/dags/jars/postgresql-42.5.0.jar took 0.082 seconds
[2025-05-21T13:04:02.209+0000] {processor.py:157} INFO - Started process (PID=611) to work on /opt/airflow/dags/jars/postgresql-42.5.0.jar
[2025-05-21T13:04:02.211+0000] {processor.py:829} INFO - Processing file /opt/airflow/dags/jars/postgresql-42.5.0.jar for tasks to queue
[2025-05-21T13:04:02.213+0000] {logging_mixin.py:151} INFO - [2025-05-21T13:04:02.212+0000] {dagbag.py:539} INFO - Filling up the DagBag from /opt/airflow/dags/jars/postgresql-42.5.0.jar
[2025-05-21T13:04:02.233+0000] {processor.py:841} WARNING - No viable dags retrieved from /opt/airflow/dags/jars/postgresql-42.5.0.jar
[2025-05-21T13:04:02.257+0000] {processor.py:179} INFO - Processing /opt/airflow/dags/jars/postgresql-42.5.0.jar took 0.052 seconds
[2025-05-21T13:04:33.810+0000] {processor.py:157} INFO - Started process (PID=626) to work on /opt/airflow/dags/jars/postgresql-42.5.0.jar
[2025-05-21T13:04:33.819+0000] {processor.py:829} INFO - Processing file /opt/airflow/dags/jars/postgresql-42.5.0.jar for tasks to queue
[2025-05-21T13:04:33.823+0000] {logging_mixin.py:151} INFO - [2025-05-21T13:04:33.822+0000] {dagbag.py:539} INFO - Filling up the DagBag from /opt/airflow/dags/jars/postgresql-42.5.0.jar
[2025-05-21T13:04:34.053+0000] {processor.py:841} WARNING - No viable dags retrieved from /opt/airflow/dags/jars/postgresql-42.5.0.jar
[2025-05-21T13:04:34.251+0000] {processor.py:179} INFO - Processing /opt/airflow/dags/jars/postgresql-42.5.0.jar took 0.446 seconds
[2025-05-21T13:05:04.938+0000] {processor.py:157} INFO - Started process (PID=641) to work on /opt/airflow/dags/jars/postgresql-42.5.0.jar
[2025-05-21T13:05:04.940+0000] {processor.py:829} INFO - Processing file /opt/airflow/dags/jars/postgresql-42.5.0.jar for tasks to queue
[2025-05-21T13:05:04.941+0000] {logging_mixin.py:151} INFO - [2025-05-21T13:05:04.941+0000] {dagbag.py:539} INFO - Filling up the DagBag from /opt/airflow/dags/jars/postgresql-42.5.0.jar
[2025-05-21T13:05:04.954+0000] {processor.py:841} WARNING - No viable dags retrieved from /opt/airflow/dags/jars/postgresql-42.5.0.jar
[2025-05-21T13:05:04.982+0000] {processor.py:179} INFO - Processing /opt/airflow/dags/jars/postgresql-42.5.0.jar took 0.048 seconds
[2025-05-21T13:05:35.747+0000] {processor.py:157} INFO - Started process (PID=656) to work on /opt/airflow/dags/jars/postgresql-42.5.0.jar
[2025-05-21T13:05:35.749+0000] {processor.py:829} INFO - Processing file /opt/airflow/dags/jars/postgresql-42.5.0.jar for tasks to queue
[2025-05-21T13:05:35.750+0000] {logging_mixin.py:151} INFO - [2025-05-21T13:05:35.750+0000] {dagbag.py:539} INFO - Filling up the DagBag from /opt/airflow/dags/jars/postgresql-42.5.0.jar
[2025-05-21T13:05:35.770+0000] {processor.py:841} WARNING - No viable dags retrieved from /opt/airflow/dags/jars/postgresql-42.5.0.jar
[2025-05-21T13:05:35.804+0000] {processor.py:179} INFO - Processing /opt/airflow/dags/jars/postgresql-42.5.0.jar took 0.062 seconds
[2025-05-21T13:06:07.147+0000] {processor.py:157} INFO - Started process (PID=671) to work on /opt/airflow/dags/jars/postgresql-42.5.0.jar
[2025-05-21T13:06:07.165+0000] {processor.py:829} INFO - Processing file /opt/airflow/dags/jars/postgresql-42.5.0.jar for tasks to queue
[2025-05-21T13:06:07.168+0000] {logging_mixin.py:151} INFO - [2025-05-21T13:06:07.167+0000] {dagbag.py:539} INFO - Filling up the DagBag from /opt/airflow/dags/jars/postgresql-42.5.0.jar
[2025-05-21T13:06:07.193+0000] {processor.py:841} WARNING - No viable dags retrieved from /opt/airflow/dags/jars/postgresql-42.5.0.jar
[2025-05-21T13:06:07.234+0000] {processor.py:179} INFO - Processing /opt/airflow/dags/jars/postgresql-42.5.0.jar took 0.103 seconds
[2025-05-21T13:06:38.447+0000] {processor.py:157} INFO - Started process (PID=686) to work on /opt/airflow/dags/jars/postgresql-42.5.0.jar
[2025-05-21T13:06:38.449+0000] {processor.py:829} INFO - Processing file /opt/airflow/dags/jars/postgresql-42.5.0.jar for tasks to queue
[2025-05-21T13:06:38.450+0000] {logging_mixin.py:151} INFO - [2025-05-21T13:06:38.450+0000] {dagbag.py:539} INFO - Filling up the DagBag from /opt/airflow/dags/jars/postgresql-42.5.0.jar
[2025-05-21T13:06:38.485+0000] {processor.py:841} WARNING - No viable dags retrieved from /opt/airflow/dags/jars/postgresql-42.5.0.jar
[2025-05-21T13:06:38.538+0000] {processor.py:179} INFO - Processing /opt/airflow/dags/jars/postgresql-42.5.0.jar took 0.097 seconds
[2025-05-21T13:07:09.270+0000] {processor.py:157} INFO - Started process (PID=701) to work on /opt/airflow/dags/jars/postgresql-42.5.0.jar
[2025-05-21T13:07:09.271+0000] {processor.py:829} INFO - Processing file /opt/airflow/dags/jars/postgresql-42.5.0.jar for tasks to queue
[2025-05-21T13:07:09.273+0000] {logging_mixin.py:151} INFO - [2025-05-21T13:07:09.272+0000] {dagbag.py:539} INFO - Filling up the DagBag from /opt/airflow/dags/jars/postgresql-42.5.0.jar
[2025-05-21T13:07:09.286+0000] {processor.py:841} WARNING - No viable dags retrieved from /opt/airflow/dags/jars/postgresql-42.5.0.jar
[2025-05-21T13:07:09.306+0000] {processor.py:179} INFO - Processing /opt/airflow/dags/jars/postgresql-42.5.0.jar took 0.040 seconds
[2025-05-21T13:07:40.198+0000] {processor.py:157} INFO - Started process (PID=716) to work on /opt/airflow/dags/jars/postgresql-42.5.0.jar
[2025-05-21T13:07:40.200+0000] {processor.py:829} INFO - Processing file /opt/airflow/dags/jars/postgresql-42.5.0.jar for tasks to queue
[2025-05-21T13:07:40.202+0000] {logging_mixin.py:151} INFO - [2025-05-21T13:07:40.201+0000] {dagbag.py:539} INFO - Filling up the DagBag from /opt/airflow/dags/jars/postgresql-42.5.0.jar
[2025-05-21T13:07:40.223+0000] {processor.py:841} WARNING - No viable dags retrieved from /opt/airflow/dags/jars/postgresql-42.5.0.jar
[2025-05-21T13:07:40.256+0000] {processor.py:179} INFO - Processing /opt/airflow/dags/jars/postgresql-42.5.0.jar took 0.063 seconds
[2025-05-21T13:08:10.989+0000] {processor.py:157} INFO - Started process (PID=731) to work on /opt/airflow/dags/jars/postgresql-42.5.0.jar
[2025-05-21T13:08:10.991+0000] {processor.py:829} INFO - Processing file /opt/airflow/dags/jars/postgresql-42.5.0.jar for tasks to queue
[2025-05-21T13:08:10.993+0000] {logging_mixin.py:151} INFO - [2025-05-21T13:08:10.992+0000] {dagbag.py:539} INFO - Filling up the DagBag from /opt/airflow/dags/jars/postgresql-42.5.0.jar
[2025-05-21T13:08:11.012+0000] {processor.py:841} WARNING - No viable dags retrieved from /opt/airflow/dags/jars/postgresql-42.5.0.jar
[2025-05-21T13:08:11.036+0000] {processor.py:179} INFO - Processing /opt/airflow/dags/jars/postgresql-42.5.0.jar took 0.054 seconds
[2025-05-21T13:08:41.817+0000] {processor.py:157} INFO - Started process (PID=746) to work on /opt/airflow/dags/jars/postgresql-42.5.0.jar
[2025-05-21T13:08:41.821+0000] {processor.py:829} INFO - Processing file /opt/airflow/dags/jars/postgresql-42.5.0.jar for tasks to queue
[2025-05-21T13:08:41.823+0000] {logging_mixin.py:151} INFO - [2025-05-21T13:08:41.823+0000] {dagbag.py:539} INFO - Filling up the DagBag from /opt/airflow/dags/jars/postgresql-42.5.0.jar
[2025-05-21T13:08:41.843+0000] {processor.py:841} WARNING - No viable dags retrieved from /opt/airflow/dags/jars/postgresql-42.5.0.jar
[2025-05-21T13:08:41.877+0000] {processor.py:179} INFO - Processing /opt/airflow/dags/jars/postgresql-42.5.0.jar took 0.069 seconds
[2025-05-21T13:09:13.084+0000] {processor.py:157} INFO - Started process (PID=761) to work on /opt/airflow/dags/jars/postgresql-42.5.0.jar
[2025-05-21T13:09:13.091+0000] {processor.py:829} INFO - Processing file /opt/airflow/dags/jars/postgresql-42.5.0.jar for tasks to queue
[2025-05-21T13:09:13.094+0000] {logging_mixin.py:151} INFO - [2025-05-21T13:09:13.093+0000] {dagbag.py:539} INFO - Filling up the DagBag from /opt/airflow/dags/jars/postgresql-42.5.0.jar
[2025-05-21T13:09:13.120+0000] {processor.py:841} WARNING - No viable dags retrieved from /opt/airflow/dags/jars/postgresql-42.5.0.jar
[2025-05-21T13:09:13.158+0000] {processor.py:179} INFO - Processing /opt/airflow/dags/jars/postgresql-42.5.0.jar took 0.081 seconds
[2025-05-21T13:09:45.648+0000] {processor.py:157} INFO - Started process (PID=776) to work on /opt/airflow/dags/jars/postgresql-42.5.0.jar
[2025-05-21T13:09:45.652+0000] {processor.py:829} INFO - Processing file /opt/airflow/dags/jars/postgresql-42.5.0.jar for tasks to queue
[2025-05-21T13:09:45.662+0000] {logging_mixin.py:151} INFO - [2025-05-21T13:09:45.662+0000] {dagbag.py:539} INFO - Filling up the DagBag from /opt/airflow/dags/jars/postgresql-42.5.0.jar
[2025-05-21T13:09:45.713+0000] {processor.py:841} WARNING - No viable dags retrieved from /opt/airflow/dags/jars/postgresql-42.5.0.jar
[2025-05-21T13:09:45.764+0000] {processor.py:179} INFO - Processing /opt/airflow/dags/jars/postgresql-42.5.0.jar took 0.133 seconds
[2025-05-21T13:10:16.533+0000] {processor.py:157} INFO - Started process (PID=791) to work on /opt/airflow/dags/jars/postgresql-42.5.0.jar
[2025-05-21T13:10:16.535+0000] {processor.py:829} INFO - Processing file /opt/airflow/dags/jars/postgresql-42.5.0.jar for tasks to queue
[2025-05-21T13:10:16.537+0000] {logging_mixin.py:151} INFO - [2025-05-21T13:10:16.537+0000] {dagbag.py:539} INFO - Filling up the DagBag from /opt/airflow/dags/jars/postgresql-42.5.0.jar
[2025-05-21T13:10:16.567+0000] {processor.py:841} WARNING - No viable dags retrieved from /opt/airflow/dags/jars/postgresql-42.5.0.jar
[2025-05-21T13:10:16.608+0000] {processor.py:179} INFO - Processing /opt/airflow/dags/jars/postgresql-42.5.0.jar took 0.090 seconds
[2025-05-21T13:10:47.598+0000] {processor.py:157} INFO - Started process (PID=806) to work on /opt/airflow/dags/jars/postgresql-42.5.0.jar
[2025-05-21T13:10:47.602+0000] {processor.py:829} INFO - Processing file /opt/airflow/dags/jars/postgresql-42.5.0.jar for tasks to queue
[2025-05-21T13:10:47.603+0000] {logging_mixin.py:151} INFO - [2025-05-21T13:10:47.603+0000] {dagbag.py:539} INFO - Filling up the DagBag from /opt/airflow/dags/jars/postgresql-42.5.0.jar
[2025-05-21T13:10:47.631+0000] {processor.py:841} WARNING - No viable dags retrieved from /opt/airflow/dags/jars/postgresql-42.5.0.jar
[2025-05-21T13:10:47.683+0000] {processor.py:179} INFO - Processing /opt/airflow/dags/jars/postgresql-42.5.0.jar took 0.095 seconds
[2025-05-21T13:11:18.139+0000] {processor.py:157} INFO - Started process (PID=853) to work on /opt/airflow/dags/jars/postgresql-42.5.0.jar
[2025-05-21T13:11:18.140+0000] {processor.py:829} INFO - Processing file /opt/airflow/dags/jars/postgresql-42.5.0.jar for tasks to queue
[2025-05-21T13:11:18.141+0000] {logging_mixin.py:151} INFO - [2025-05-21T13:11:18.141+0000] {dagbag.py:539} INFO - Filling up the DagBag from /opt/airflow/dags/jars/postgresql-42.5.0.jar
[2025-05-21T13:11:18.155+0000] {processor.py:841} WARNING - No viable dags retrieved from /opt/airflow/dags/jars/postgresql-42.5.0.jar
[2025-05-21T13:11:18.194+0000] {processor.py:179} INFO - Processing /opt/airflow/dags/jars/postgresql-42.5.0.jar took 0.063 seconds
[2025-05-21T13:11:48.894+0000] {processor.py:157} INFO - Started process (PID=874) to work on /opt/airflow/dags/jars/postgresql-42.5.0.jar
[2025-05-21T13:11:48.895+0000] {processor.py:829} INFO - Processing file /opt/airflow/dags/jars/postgresql-42.5.0.jar for tasks to queue
[2025-05-21T13:11:48.896+0000] {logging_mixin.py:151} INFO - [2025-05-21T13:11:48.896+0000] {dagbag.py:539} INFO - Filling up the DagBag from /opt/airflow/dags/jars/postgresql-42.5.0.jar
[2025-05-21T13:11:48.909+0000] {processor.py:841} WARNING - No viable dags retrieved from /opt/airflow/dags/jars/postgresql-42.5.0.jar
[2025-05-21T13:11:48.929+0000] {processor.py:179} INFO - Processing /opt/airflow/dags/jars/postgresql-42.5.0.jar took 0.039 seconds
[2025-05-21T13:12:19.655+0000] {processor.py:157} INFO - Started process (PID=889) to work on /opt/airflow/dags/jars/postgresql-42.5.0.jar
[2025-05-21T13:12:19.658+0000] {processor.py:829} INFO - Processing file /opt/airflow/dags/jars/postgresql-42.5.0.jar for tasks to queue
[2025-05-21T13:12:19.660+0000] {logging_mixin.py:151} INFO - [2025-05-21T13:12:19.659+0000] {dagbag.py:539} INFO - Filling up the DagBag from /opt/airflow/dags/jars/postgresql-42.5.0.jar
[2025-05-21T13:12:19.679+0000] {processor.py:841} WARNING - No viable dags retrieved from /opt/airflow/dags/jars/postgresql-42.5.0.jar
[2025-05-21T13:12:19.708+0000] {processor.py:179} INFO - Processing /opt/airflow/dags/jars/postgresql-42.5.0.jar took 0.067 seconds
[2025-05-21T13:13:08.121+0000] {processor.py:157} INFO - Started process (PID=177) to work on /opt/airflow/dags/jars/postgresql-42.5.0.jar
[2025-05-21T13:13:08.135+0000] {processor.py:829} INFO - Processing file /opt/airflow/dags/jars/postgresql-42.5.0.jar for tasks to queue
[2025-05-21T13:13:08.137+0000] {logging_mixin.py:151} INFO - [2025-05-21T13:13:08.137+0000] {dagbag.py:539} INFO - Filling up the DagBag from /opt/airflow/dags/jars/postgresql-42.5.0.jar
[2025-05-21T13:13:08.171+0000] {processor.py:841} WARNING - No viable dags retrieved from /opt/airflow/dags/jars/postgresql-42.5.0.jar
[2025-05-21T13:13:08.213+0000] {processor.py:179} INFO - Processing /opt/airflow/dags/jars/postgresql-42.5.0.jar took 0.102 seconds
[2025-05-21T13:13:39.248+0000] {processor.py:157} INFO - Started process (PID=192) to work on /opt/airflow/dags/jars/postgresql-42.5.0.jar
[2025-05-21T13:13:39.258+0000] {processor.py:829} INFO - Processing file /opt/airflow/dags/jars/postgresql-42.5.0.jar for tasks to queue
[2025-05-21T13:13:39.260+0000] {logging_mixin.py:151} INFO - [2025-05-21T13:13:39.259+0000] {dagbag.py:539} INFO - Filling up the DagBag from /opt/airflow/dags/jars/postgresql-42.5.0.jar
[2025-05-21T13:13:39.289+0000] {processor.py:841} WARNING - No viable dags retrieved from /opt/airflow/dags/jars/postgresql-42.5.0.jar
[2025-05-21T13:13:39.324+0000] {processor.py:179} INFO - Processing /opt/airflow/dags/jars/postgresql-42.5.0.jar took 0.083 seconds
[2025-05-21T13:14:10.743+0000] {processor.py:157} INFO - Started process (PID=299) to work on /opt/airflow/dags/jars/postgresql-42.5.0.jar
[2025-05-21T13:14:10.760+0000] {processor.py:829} INFO - Processing file /opt/airflow/dags/jars/postgresql-42.5.0.jar for tasks to queue
[2025-05-21T13:14:10.769+0000] {logging_mixin.py:151} INFO - [2025-05-21T13:14:10.765+0000] {dagbag.py:539} INFO - Filling up the DagBag from /opt/airflow/dags/jars/postgresql-42.5.0.jar
[2025-05-21T13:14:10.839+0000] {processor.py:841} WARNING - No viable dags retrieved from /opt/airflow/dags/jars/postgresql-42.5.0.jar
[2025-05-21T13:14:10.900+0000] {processor.py:179} INFO - Processing /opt/airflow/dags/jars/postgresql-42.5.0.jar took 0.200 seconds
[2025-05-21T13:14:42.516+0000] {processor.py:157} INFO - Started process (PID=543) to work on /opt/airflow/dags/jars/postgresql-42.5.0.jar
[2025-05-21T13:14:42.518+0000] {processor.py:829} INFO - Processing file /opt/airflow/dags/jars/postgresql-42.5.0.jar for tasks to queue
[2025-05-21T13:14:42.523+0000] {logging_mixin.py:151} INFO - [2025-05-21T13:14:42.521+0000] {dagbag.py:539} INFO - Filling up the DagBag from /opt/airflow/dags/jars/postgresql-42.5.0.jar
[2025-05-21T13:14:42.554+0000] {processor.py:841} WARNING - No viable dags retrieved from /opt/airflow/dags/jars/postgresql-42.5.0.jar
[2025-05-21T13:14:42.596+0000] {processor.py:179} INFO - Processing /opt/airflow/dags/jars/postgresql-42.5.0.jar took 0.086 seconds
[2025-05-21T13:15:13.310+0000] {processor.py:157} INFO - Started process (PID=558) to work on /opt/airflow/dags/jars/postgresql-42.5.0.jar
[2025-05-21T13:15:13.311+0000] {processor.py:829} INFO - Processing file /opt/airflow/dags/jars/postgresql-42.5.0.jar for tasks to queue
[2025-05-21T13:15:13.313+0000] {logging_mixin.py:151} INFO - [2025-05-21T13:15:13.312+0000] {dagbag.py:539} INFO - Filling up the DagBag from /opt/airflow/dags/jars/postgresql-42.5.0.jar
[2025-05-21T13:15:13.328+0000] {processor.py:841} WARNING - No viable dags retrieved from /opt/airflow/dags/jars/postgresql-42.5.0.jar
[2025-05-21T13:15:13.345+0000] {processor.py:179} INFO - Processing /opt/airflow/dags/jars/postgresql-42.5.0.jar took 0.038 seconds
[2025-05-21T13:15:46.536+0000] {processor.py:157} INFO - Started process (PID=573) to work on /opt/airflow/dags/jars/postgresql-42.5.0.jar
[2025-05-21T13:15:46.538+0000] {processor.py:829} INFO - Processing file /opt/airflow/dags/jars/postgresql-42.5.0.jar for tasks to queue
[2025-05-21T13:15:46.540+0000] {logging_mixin.py:151} INFO - [2025-05-21T13:15:46.539+0000] {dagbag.py:539} INFO - Filling up the DagBag from /opt/airflow/dags/jars/postgresql-42.5.0.jar
[2025-05-21T13:15:46.560+0000] {processor.py:841} WARNING - No viable dags retrieved from /opt/airflow/dags/jars/postgresql-42.5.0.jar
[2025-05-21T13:15:46.592+0000] {processor.py:179} INFO - Processing /opt/airflow/dags/jars/postgresql-42.5.0.jar took 0.061 seconds
[2025-05-21T13:16:17.484+0000] {processor.py:157} INFO - Started process (PID=586) to work on /opt/airflow/dags/jars/postgresql-42.5.0.jar
[2025-05-21T13:16:17.487+0000] {processor.py:829} INFO - Processing file /opt/airflow/dags/jars/postgresql-42.5.0.jar for tasks to queue
[2025-05-21T13:16:17.488+0000] {logging_mixin.py:151} INFO - [2025-05-21T13:16:17.488+0000] {dagbag.py:539} INFO - Filling up the DagBag from /opt/airflow/dags/jars/postgresql-42.5.0.jar
[2025-05-21T13:16:17.510+0000] {processor.py:841} WARNING - No viable dags retrieved from /opt/airflow/dags/jars/postgresql-42.5.0.jar
[2025-05-21T13:16:17.560+0000] {processor.py:179} INFO - Processing /opt/airflow/dags/jars/postgresql-42.5.0.jar took 0.082 seconds
[2025-05-21T13:16:48.574+0000] {processor.py:157} INFO - Started process (PID=603) to work on /opt/airflow/dags/jars/postgresql-42.5.0.jar
[2025-05-21T13:16:48.575+0000] {processor.py:829} INFO - Processing file /opt/airflow/dags/jars/postgresql-42.5.0.jar for tasks to queue
[2025-05-21T13:16:48.578+0000] {logging_mixin.py:151} INFO - [2025-05-21T13:16:48.577+0000] {dagbag.py:539} INFO - Filling up the DagBag from /opt/airflow/dags/jars/postgresql-42.5.0.jar
[2025-05-21T13:16:48.595+0000] {processor.py:841} WARNING - No viable dags retrieved from /opt/airflow/dags/jars/postgresql-42.5.0.jar
[2025-05-21T13:16:48.616+0000] {processor.py:179} INFO - Processing /opt/airflow/dags/jars/postgresql-42.5.0.jar took 0.046 seconds
[2025-05-21T13:17:20.121+0000] {processor.py:157} INFO - Started process (PID=618) to work on /opt/airflow/dags/jars/postgresql-42.5.0.jar
[2025-05-21T13:17:20.125+0000] {processor.py:829} INFO - Processing file /opt/airflow/dags/jars/postgresql-42.5.0.jar for tasks to queue
[2025-05-21T13:17:20.127+0000] {logging_mixin.py:151} INFO - [2025-05-21T13:17:20.127+0000] {dagbag.py:539} INFO - Filling up the DagBag from /opt/airflow/dags/jars/postgresql-42.5.0.jar
[2025-05-21T13:17:20.161+0000] {processor.py:841} WARNING - No viable dags retrieved from /opt/airflow/dags/jars/postgresql-42.5.0.jar
[2025-05-21T13:17:20.191+0000] {processor.py:179} INFO - Processing /opt/airflow/dags/jars/postgresql-42.5.0.jar took 0.082 seconds
[2025-05-21T13:17:51.169+0000] {processor.py:157} INFO - Started process (PID=631) to work on /opt/airflow/dags/jars/postgresql-42.5.0.jar
[2025-05-21T13:17:51.175+0000] {processor.py:829} INFO - Processing file /opt/airflow/dags/jars/postgresql-42.5.0.jar for tasks to queue
[2025-05-21T13:17:51.179+0000] {logging_mixin.py:151} INFO - [2025-05-21T13:17:51.178+0000] {dagbag.py:539} INFO - Filling up the DagBag from /opt/airflow/dags/jars/postgresql-42.5.0.jar
[2025-05-21T13:17:51.495+0000] {processor.py:841} WARNING - No viable dags retrieved from /opt/airflow/dags/jars/postgresql-42.5.0.jar
[2025-05-21T13:17:51.526+0000] {processor.py:179} INFO - Processing /opt/airflow/dags/jars/postgresql-42.5.0.jar took 0.372 seconds
[2025-05-21T13:18:22.501+0000] {processor.py:157} INFO - Started process (PID=648) to work on /opt/airflow/dags/jars/postgresql-42.5.0.jar
[2025-05-21T13:18:22.502+0000] {processor.py:829} INFO - Processing file /opt/airflow/dags/jars/postgresql-42.5.0.jar for tasks to queue
[2025-05-21T13:18:22.504+0000] {logging_mixin.py:151} INFO - [2025-05-21T13:18:22.504+0000] {dagbag.py:539} INFO - Filling up the DagBag from /opt/airflow/dags/jars/postgresql-42.5.0.jar
[2025-05-21T13:18:22.521+0000] {processor.py:841} WARNING - No viable dags retrieved from /opt/airflow/dags/jars/postgresql-42.5.0.jar
[2025-05-21T13:18:22.537+0000] {processor.py:179} INFO - Processing /opt/airflow/dags/jars/postgresql-42.5.0.jar took 0.039 seconds
[2025-05-21T13:18:53.251+0000] {processor.py:157} INFO - Started process (PID=663) to work on /opt/airflow/dags/jars/postgresql-42.5.0.jar
[2025-05-21T13:18:53.253+0000] {processor.py:829} INFO - Processing file /opt/airflow/dags/jars/postgresql-42.5.0.jar for tasks to queue
[2025-05-21T13:18:53.255+0000] {logging_mixin.py:151} INFO - [2025-05-21T13:18:53.254+0000] {dagbag.py:539} INFO - Filling up the DagBag from /opt/airflow/dags/jars/postgresql-42.5.0.jar
[2025-05-21T13:18:53.278+0000] {processor.py:841} WARNING - No viable dags retrieved from /opt/airflow/dags/jars/postgresql-42.5.0.jar
[2025-05-21T13:18:53.302+0000] {processor.py:179} INFO - Processing /opt/airflow/dags/jars/postgresql-42.5.0.jar took 0.055 seconds
[2025-05-21T13:19:24.489+0000] {processor.py:157} INFO - Started process (PID=678) to work on /opt/airflow/dags/jars/postgresql-42.5.0.jar
[2025-05-21T13:19:24.491+0000] {processor.py:829} INFO - Processing file /opt/airflow/dags/jars/postgresql-42.5.0.jar for tasks to queue
[2025-05-21T13:19:24.493+0000] {logging_mixin.py:151} INFO - [2025-05-21T13:19:24.493+0000] {dagbag.py:539} INFO - Filling up the DagBag from /opt/airflow/dags/jars/postgresql-42.5.0.jar
[2025-05-21T13:19:24.513+0000] {processor.py:841} WARNING - No viable dags retrieved from /opt/airflow/dags/jars/postgresql-42.5.0.jar
[2025-05-21T13:19:24.544+0000] {processor.py:179} INFO - Processing /opt/airflow/dags/jars/postgresql-42.5.0.jar took 0.059 seconds
[2025-05-21T13:19:55.344+0000] {processor.py:157} INFO - Started process (PID=693) to work on /opt/airflow/dags/jars/postgresql-42.5.0.jar
[2025-05-21T13:19:55.346+0000] {processor.py:829} INFO - Processing file /opt/airflow/dags/jars/postgresql-42.5.0.jar for tasks to queue
[2025-05-21T13:19:55.347+0000] {logging_mixin.py:151} INFO - [2025-05-21T13:19:55.347+0000] {dagbag.py:539} INFO - Filling up the DagBag from /opt/airflow/dags/jars/postgresql-42.5.0.jar
[2025-05-21T13:19:55.362+0000] {processor.py:841} WARNING - No viable dags retrieved from /opt/airflow/dags/jars/postgresql-42.5.0.jar
[2025-05-21T13:19:55.383+0000] {processor.py:179} INFO - Processing /opt/airflow/dags/jars/postgresql-42.5.0.jar took 0.043 seconds
[2025-05-21T13:20:26.045+0000] {processor.py:157} INFO - Started process (PID=708) to work on /opt/airflow/dags/jars/postgresql-42.5.0.jar
[2025-05-21T13:20:26.048+0000] {processor.py:829} INFO - Processing file /opt/airflow/dags/jars/postgresql-42.5.0.jar for tasks to queue
[2025-05-21T13:20:26.051+0000] {logging_mixin.py:151} INFO - [2025-05-21T13:20:26.049+0000] {dagbag.py:539} INFO - Filling up the DagBag from /opt/airflow/dags/jars/postgresql-42.5.0.jar
[2025-05-21T13:20:26.070+0000] {processor.py:841} WARNING - No viable dags retrieved from /opt/airflow/dags/jars/postgresql-42.5.0.jar
[2025-05-21T13:20:26.093+0000] {processor.py:179} INFO - Processing /opt/airflow/dags/jars/postgresql-42.5.0.jar took 0.053 seconds
[2025-05-21T13:20:56.844+0000] {processor.py:157} INFO - Started process (PID=723) to work on /opt/airflow/dags/jars/postgresql-42.5.0.jar
[2025-05-21T13:20:56.845+0000] {processor.py:829} INFO - Processing file /opt/airflow/dags/jars/postgresql-42.5.0.jar for tasks to queue
[2025-05-21T13:20:56.846+0000] {logging_mixin.py:151} INFO - [2025-05-21T13:20:56.846+0000] {dagbag.py:539} INFO - Filling up the DagBag from /opt/airflow/dags/jars/postgresql-42.5.0.jar
[2025-05-21T13:20:56.859+0000] {processor.py:841} WARNING - No viable dags retrieved from /opt/airflow/dags/jars/postgresql-42.5.0.jar
[2025-05-21T13:20:56.879+0000] {processor.py:179} INFO - Processing /opt/airflow/dags/jars/postgresql-42.5.0.jar took 0.038 seconds
[2025-05-21T13:21:27.949+0000] {processor.py:157} INFO - Started process (PID=738) to work on /opt/airflow/dags/jars/postgresql-42.5.0.jar
[2025-05-21T13:21:27.950+0000] {processor.py:829} INFO - Processing file /opt/airflow/dags/jars/postgresql-42.5.0.jar for tasks to queue
[2025-05-21T13:21:27.951+0000] {logging_mixin.py:151} INFO - [2025-05-21T13:21:27.950+0000] {dagbag.py:539} INFO - Filling up the DagBag from /opt/airflow/dags/jars/postgresql-42.5.0.jar
[2025-05-21T13:21:27.966+0000] {processor.py:841} WARNING - No viable dags retrieved from /opt/airflow/dags/jars/postgresql-42.5.0.jar
[2025-05-21T13:21:27.988+0000] {processor.py:179} INFO - Processing /opt/airflow/dags/jars/postgresql-42.5.0.jar took 0.042 seconds
[2025-05-21T13:21:58.706+0000] {processor.py:157} INFO - Started process (PID=753) to work on /opt/airflow/dags/jars/postgresql-42.5.0.jar
[2025-05-21T13:21:58.708+0000] {processor.py:829} INFO - Processing file /opt/airflow/dags/jars/postgresql-42.5.0.jar for tasks to queue
[2025-05-21T13:21:58.709+0000] {logging_mixin.py:151} INFO - [2025-05-21T13:21:58.709+0000] {dagbag.py:539} INFO - Filling up the DagBag from /opt/airflow/dags/jars/postgresql-42.5.0.jar
[2025-05-21T13:21:58.723+0000] {processor.py:841} WARNING - No viable dags retrieved from /opt/airflow/dags/jars/postgresql-42.5.0.jar
[2025-05-21T13:21:58.739+0000] {processor.py:179} INFO - Processing /opt/airflow/dags/jars/postgresql-42.5.0.jar took 0.036 seconds
[2025-05-21T13:22:29.408+0000] {processor.py:157} INFO - Started process (PID=768) to work on /opt/airflow/dags/jars/postgresql-42.5.0.jar
[2025-05-21T13:22:29.409+0000] {processor.py:829} INFO - Processing file /opt/airflow/dags/jars/postgresql-42.5.0.jar for tasks to queue
[2025-05-21T13:22:29.410+0000] {logging_mixin.py:151} INFO - [2025-05-21T13:22:29.410+0000] {dagbag.py:539} INFO - Filling up the DagBag from /opt/airflow/dags/jars/postgresql-42.5.0.jar
[2025-05-21T13:22:29.420+0000] {processor.py:841} WARNING - No viable dags retrieved from /opt/airflow/dags/jars/postgresql-42.5.0.jar
[2025-05-21T13:22:29.437+0000] {processor.py:179} INFO - Processing /opt/airflow/dags/jars/postgresql-42.5.0.jar took 0.031 seconds
[2025-05-21T13:23:00.216+0000] {processor.py:157} INFO - Started process (PID=783) to work on /opt/airflow/dags/jars/postgresql-42.5.0.jar
[2025-05-21T13:23:00.217+0000] {processor.py:829} INFO - Processing file /opt/airflow/dags/jars/postgresql-42.5.0.jar for tasks to queue
[2025-05-21T13:23:00.219+0000] {logging_mixin.py:151} INFO - [2025-05-21T13:23:00.218+0000] {dagbag.py:539} INFO - Filling up the DagBag from /opt/airflow/dags/jars/postgresql-42.5.0.jar
[2025-05-21T13:23:00.233+0000] {processor.py:841} WARNING - No viable dags retrieved from /opt/airflow/dags/jars/postgresql-42.5.0.jar
[2025-05-21T13:23:00.251+0000] {processor.py:179} INFO - Processing /opt/airflow/dags/jars/postgresql-42.5.0.jar took 0.040 seconds
[2025-05-21T13:23:31.232+0000] {processor.py:157} INFO - Started process (PID=798) to work on /opt/airflow/dags/jars/postgresql-42.5.0.jar
[2025-05-21T13:23:31.233+0000] {processor.py:829} INFO - Processing file /opt/airflow/dags/jars/postgresql-42.5.0.jar for tasks to queue
[2025-05-21T13:23:31.234+0000] {logging_mixin.py:151} INFO - [2025-05-21T13:23:31.233+0000] {dagbag.py:539} INFO - Filling up the DagBag from /opt/airflow/dags/jars/postgresql-42.5.0.jar
[2025-05-21T13:23:31.245+0000] {processor.py:841} WARNING - No viable dags retrieved from /opt/airflow/dags/jars/postgresql-42.5.0.jar
[2025-05-21T13:23:31.261+0000] {processor.py:179} INFO - Processing /opt/airflow/dags/jars/postgresql-42.5.0.jar took 0.032 seconds
[2025-05-21T13:24:01.992+0000] {processor.py:157} INFO - Started process (PID=813) to work on /opt/airflow/dags/jars/postgresql-42.5.0.jar
[2025-05-21T13:24:01.994+0000] {processor.py:829} INFO - Processing file /opt/airflow/dags/jars/postgresql-42.5.0.jar for tasks to queue
[2025-05-21T13:24:01.995+0000] {logging_mixin.py:151} INFO - [2025-05-21T13:24:01.994+0000] {dagbag.py:539} INFO - Filling up the DagBag from /opt/airflow/dags/jars/postgresql-42.5.0.jar
[2025-05-21T13:24:02.017+0000] {processor.py:841} WARNING - No viable dags retrieved from /opt/airflow/dags/jars/postgresql-42.5.0.jar
[2025-05-21T13:24:02.042+0000] {processor.py:179} INFO - Processing /opt/airflow/dags/jars/postgresql-42.5.0.jar took 0.054 seconds
[2025-05-21T13:24:32.700+0000] {processor.py:157} INFO - Started process (PID=828) to work on /opt/airflow/dags/jars/postgresql-42.5.0.jar
[2025-05-21T13:24:32.701+0000] {processor.py:829} INFO - Processing file /opt/airflow/dags/jars/postgresql-42.5.0.jar for tasks to queue
[2025-05-21T13:24:32.702+0000] {logging_mixin.py:151} INFO - [2025-05-21T13:24:32.702+0000] {dagbag.py:539} INFO - Filling up the DagBag from /opt/airflow/dags/jars/postgresql-42.5.0.jar
[2025-05-21T13:24:32.713+0000] {processor.py:841} WARNING - No viable dags retrieved from /opt/airflow/dags/jars/postgresql-42.5.0.jar
[2025-05-21T13:24:32.728+0000] {processor.py:179} INFO - Processing /opt/airflow/dags/jars/postgresql-42.5.0.jar took 0.031 seconds
[2025-05-21T13:25:03.473+0000] {processor.py:157} INFO - Started process (PID=843) to work on /opt/airflow/dags/jars/postgresql-42.5.0.jar
[2025-05-21T13:25:03.474+0000] {processor.py:829} INFO - Processing file /opt/airflow/dags/jars/postgresql-42.5.0.jar for tasks to queue
[2025-05-21T13:25:03.475+0000] {logging_mixin.py:151} INFO - [2025-05-21T13:25:03.475+0000] {dagbag.py:539} INFO - Filling up the DagBag from /opt/airflow/dags/jars/postgresql-42.5.0.jar
[2025-05-21T13:25:03.488+0000] {processor.py:841} WARNING - No viable dags retrieved from /opt/airflow/dags/jars/postgresql-42.5.0.jar
[2025-05-21T13:25:03.503+0000] {processor.py:179} INFO - Processing /opt/airflow/dags/jars/postgresql-42.5.0.jar took 0.033 seconds
[2025-05-21T13:25:34.467+0000] {processor.py:157} INFO - Started process (PID=858) to work on /opt/airflow/dags/jars/postgresql-42.5.0.jar
[2025-05-21T13:25:34.468+0000] {processor.py:829} INFO - Processing file /opt/airflow/dags/jars/postgresql-42.5.0.jar for tasks to queue
[2025-05-21T13:25:34.469+0000] {logging_mixin.py:151} INFO - [2025-05-21T13:25:34.469+0000] {dagbag.py:539} INFO - Filling up the DagBag from /opt/airflow/dags/jars/postgresql-42.5.0.jar
[2025-05-21T13:25:34.483+0000] {processor.py:841} WARNING - No viable dags retrieved from /opt/airflow/dags/jars/postgresql-42.5.0.jar
[2025-05-21T13:25:34.501+0000] {processor.py:179} INFO - Processing /opt/airflow/dags/jars/postgresql-42.5.0.jar took 0.038 seconds
[2025-05-21T13:26:06.106+0000] {processor.py:157} INFO - Started process (PID=873) to work on /opt/airflow/dags/jars/postgresql-42.5.0.jar
[2025-05-21T13:26:06.116+0000] {processor.py:829} INFO - Processing file /opt/airflow/dags/jars/postgresql-42.5.0.jar for tasks to queue
[2025-05-21T13:26:06.120+0000] {logging_mixin.py:151} INFO - [2025-05-21T13:26:06.119+0000] {dagbag.py:539} INFO - Filling up the DagBag from /opt/airflow/dags/jars/postgresql-42.5.0.jar
[2025-05-21T13:26:06.173+0000] {processor.py:841} WARNING - No viable dags retrieved from /opt/airflow/dags/jars/postgresql-42.5.0.jar
[2025-05-21T13:26:06.212+0000] {processor.py:179} INFO - Processing /opt/airflow/dags/jars/postgresql-42.5.0.jar took 0.112 seconds
[2025-05-21T13:26:37.817+0000] {processor.py:157} INFO - Started process (PID=888) to work on /opt/airflow/dags/jars/postgresql-42.5.0.jar
[2025-05-21T13:26:37.819+0000] {processor.py:829} INFO - Processing file /opt/airflow/dags/jars/postgresql-42.5.0.jar for tasks to queue
[2025-05-21T13:26:37.821+0000] {logging_mixin.py:151} INFO - [2025-05-21T13:26:37.821+0000] {dagbag.py:539} INFO - Filling up the DagBag from /opt/airflow/dags/jars/postgresql-42.5.0.jar
[2025-05-21T13:26:37.843+0000] {processor.py:841} WARNING - No viable dags retrieved from /opt/airflow/dags/jars/postgresql-42.5.0.jar
[2025-05-21T13:26:37.971+0000] {processor.py:179} INFO - Processing /opt/airflow/dags/jars/postgresql-42.5.0.jar took 0.159 seconds
[2025-05-21T13:27:08.804+0000] {processor.py:157} INFO - Started process (PID=903) to work on /opt/airflow/dags/jars/postgresql-42.5.0.jar
[2025-05-21T13:27:08.805+0000] {processor.py:829} INFO - Processing file /opt/airflow/dags/jars/postgresql-42.5.0.jar for tasks to queue
[2025-05-21T13:27:08.806+0000] {logging_mixin.py:151} INFO - [2025-05-21T13:27:08.806+0000] {dagbag.py:539} INFO - Filling up the DagBag from /opt/airflow/dags/jars/postgresql-42.5.0.jar
[2025-05-21T13:27:08.823+0000] {processor.py:841} WARNING - No viable dags retrieved from /opt/airflow/dags/jars/postgresql-42.5.0.jar
[2025-05-21T13:27:08.846+0000] {processor.py:179} INFO - Processing /opt/airflow/dags/jars/postgresql-42.5.0.jar took 0.050 seconds
[2025-05-21T16:55:25.807+0000] {processor.py:157} INFO - Started process (PID=227) to work on /opt/airflow/dags/jars/postgresql-42.5.0.jar
[2025-05-21T16:55:25.808+0000] {processor.py:829} INFO - Processing file /opt/airflow/dags/jars/postgresql-42.5.0.jar for tasks to queue
[2025-05-21T16:55:25.809+0000] {logging_mixin.py:151} INFO - [2025-05-21T16:55:25.809+0000] {dagbag.py:539} INFO - Filling up the DagBag from /opt/airflow/dags/jars/postgresql-42.5.0.jar
[2025-05-21T16:55:25.821+0000] {processor.py:841} WARNING - No viable dags retrieved from /opt/airflow/dags/jars/postgresql-42.5.0.jar
[2025-05-21T16:55:25.838+0000] {processor.py:179} INFO - Processing /opt/airflow/dags/jars/postgresql-42.5.0.jar took 0.035 seconds
[2025-05-21T16:56:16.464+0000] {processor.py:157} INFO - Started process (PID=250) to work on /opt/airflow/dags/jars/postgresql-42.5.0.jar
[2025-05-21T16:56:16.466+0000] {processor.py:829} INFO - Processing file /opt/airflow/dags/jars/postgresql-42.5.0.jar for tasks to queue
[2025-05-21T16:56:16.467+0000] {logging_mixin.py:151} INFO - [2025-05-21T16:56:16.467+0000] {dagbag.py:539} INFO - Filling up the DagBag from /opt/airflow/dags/jars/postgresql-42.5.0.jar
[2025-05-21T16:56:16.483+0000] {processor.py:841} WARNING - No viable dags retrieved from /opt/airflow/dags/jars/postgresql-42.5.0.jar
[2025-05-21T16:56:16.507+0000] {processor.py:179} INFO - Processing /opt/airflow/dags/jars/postgresql-42.5.0.jar took 0.047 seconds
[2025-05-21T16:56:47.422+0000] {processor.py:157} INFO - Started process (PID=272) to work on /opt/airflow/dags/jars/postgresql-42.5.0.jar
[2025-05-21T16:56:47.423+0000] {processor.py:829} INFO - Processing file /opt/airflow/dags/jars/postgresql-42.5.0.jar for tasks to queue
[2025-05-21T16:56:47.424+0000] {logging_mixin.py:151} INFO - [2025-05-21T16:56:47.423+0000] {dagbag.py:539} INFO - Filling up the DagBag from /opt/airflow/dags/jars/postgresql-42.5.0.jar
[2025-05-21T16:56:47.445+0000] {processor.py:841} WARNING - No viable dags retrieved from /opt/airflow/dags/jars/postgresql-42.5.0.jar
[2025-05-21T16:56:47.460+0000] {processor.py:179} INFO - Processing /opt/airflow/dags/jars/postgresql-42.5.0.jar took 0.043 seconds
