[2025-05-21T09:27:20.418+0000] {taskinstance.py:1157} INFO - Dependencies all met for dep_context=non-requeueable deps ti=<TaskInstance: weather_streaming_pipeline.fetch_weather_data scheduled__2025-05-21T08:27:12.758623+00:00 [queued]>
[2025-05-21T09:27:20.428+0000] {taskinstance.py:1157} INFO - Dependencies all met for dep_context=requeueable deps ti=<TaskInstance: weather_streaming_pipeline.fetch_weather_data scheduled__2025-05-21T08:27:12.758623+00:00 [queued]>
[2025-05-21T09:27:20.429+0000] {taskinstance.py:1359} INFO - Starting attempt 1 of 2
[2025-05-21T09:27:20.445+0000] {taskinstance.py:1380} INFO - Executing <Task(BashOperator): fetch_weather_data> on 2025-05-21 08:27:12.758623+00:00
[2025-05-21T09:27:20.449+0000] {standard_task_runner.py:57} INFO - Started process 189 to run task
[2025-05-21T09:27:20.453+0000] {standard_task_runner.py:84} INFO - Running: ['airflow', 'tasks', 'run', 'weather_streaming_pipeline', 'fetch_weather_data', 'scheduled__2025-05-21T08:27:12.758623+00:00', '--job-id', '56', '--raw', '--subdir', 'DAGS_FOLDER/weather_streaming_dag.py', '--cfg-path', '/tmp/tmpax7igue0']
[2025-05-21T09:27:20.456+0000] {standard_task_runner.py:85} INFO - Job 56: Subtask fetch_weather_data
[2025-05-21T09:27:20.473+0000] {logging_mixin.py:151} WARNING - /home/airflow/.local/lib/python3.8/site-packages/airflow/settings.py:195 DeprecationWarning: The sql_alchemy_conn option in [core] has been moved to the sql_alchemy_conn option in [database] - the old setting has been used, but please update your config.
[2025-05-21T09:27:20.519+0000] {task_command.py:415} INFO - Running <TaskInstance: weather_streaming_pipeline.fetch_weather_data scheduled__2025-05-21T08:27:12.758623+00:00 [running]> on host c4c55d29c79f
[2025-05-21T09:27:20.620+0000] {taskinstance.py:1660} INFO - Exporting env vars: AIRFLOW_CTX_DAG_OWNER='airflow' AIRFLOW_CTX_DAG_ID='weather_streaming_pipeline' AIRFLOW_CTX_TASK_ID='fetch_weather_data' AIRFLOW_CTX_EXECUTION_DATE='2025-05-21T08:27:12.758623+00:00' AIRFLOW_CTX_TRY_NUMBER='1' AIRFLOW_CTX_DAG_RUN_ID='scheduled__2025-05-21T08:27:12.758623+00:00'
[2025-05-21T09:27:20.623+0000] {subprocess.py:63} INFO - Tmp dir root location: /tmp
[2025-05-21T09:27:20.624+0000] {subprocess.py:75} INFO - Running command: ['/bin/bash', '-c', 'python /opt/airflow/dags/scripts/fetch_weather_data.py']
[2025-05-21T09:27:20.635+0000] {subprocess.py:86} INFO - Output:
[2025-05-21T09:27:21.915+0000] {subprocess.py:93} INFO - 2025-05-21 09:27:21,915 - INFO - Bucket nyc-taxi-data already exists
[2025-05-21T09:27:22.060+0000] {subprocess.py:93} INFO - 2025-05-21 09:27:22,060 - INFO - Weather data saved to MinIO: weather_nyc_20250521_092722.json
[2025-05-21T09:27:22.061+0000] {subprocess.py:93} INFO - 2025-05-21 09:27:22,060 - INFO - Weather data fetch completed
[2025-05-21T09:27:22.150+0000] {subprocess.py:97} INFO - Command exited with return code 0
[2025-05-21T09:27:22.191+0000] {taskinstance.py:1398} INFO - Marking task as SUCCESS. dag_id=weather_streaming_pipeline, task_id=fetch_weather_data, execution_date=20250521T082712, start_date=20250521T092720, end_date=20250521T092722
[2025-05-21T09:27:22.232+0000] {local_task_job_runner.py:228} INFO - Task exited with return code 0
[2025-05-21T09:27:22.257+0000] {taskinstance.py:2776} INFO - 1 downstream tasks scheduled from follow-on schedule check
