[2025-05-20T20:18:03.913+0000] {processor.py:157} INFO - Started process (PID=166) to work on /opt/airflow/dags/taxi_batch_dag.py
[2025-05-20T20:18:03.932+0000] {processor.py:829} INFO - Processing file /opt/airflow/dags/taxi_batch_dag.py for tasks to queue
[2025-05-20T20:18:03.940+0000] {logging_mixin.py:151} INFO - [2025-05-20T20:18:03.939+0000] {dagbag.py:539} INFO - Filling up the DagBag from /opt/airflow/dags/taxi_batch_dag.py
[2025-05-20T20:18:04.175+0000] {processor.py:839} INFO - DAG(s) dict_keys(['yellow_taxi_batch_pipeline']) retrieved from /opt/airflow/dags/taxi_batch_dag.py
[2025-05-20T20:18:05.520+0000] {logging_mixin.py:151} INFO - [2025-05-20T20:18:05.520+0000] {security.py:708} INFO - Not syncing DAG-level permissions for DAG 'DAG:yellow_taxi_batch_pipeline' as access control is unset.
[2025-05-20T20:18:05.521+0000] {logging_mixin.py:151} INFO - [2025-05-20T20:18:05.521+0000] {dag.py:2915} INFO - Sync 1 DAGs
[2025-05-20T20:18:05.574+0000] {logging_mixin.py:151} INFO - [2025-05-20T20:18:05.574+0000] {dag.py:3696} INFO - Setting next_dagrun for yellow_taxi_batch_pipeline to 2025-05-20T16:42:37.432024+00:00, run_after=2025-05-21T16:42:37.432024+00:00
[2025-05-20T20:18:05.621+0000] {processor.py:179} INFO - Processing /opt/airflow/dags/taxi_batch_dag.py took 1.756 seconds
[2025-05-20T20:18:36.013+0000] {processor.py:157} INFO - Started process (PID=180) to work on /opt/airflow/dags/taxi_batch_dag.py
[2025-05-20T20:18:36.016+0000] {processor.py:829} INFO - Processing file /opt/airflow/dags/taxi_batch_dag.py for tasks to queue
[2025-05-20T20:18:36.018+0000] {logging_mixin.py:151} INFO - [2025-05-20T20:18:36.018+0000] {dagbag.py:539} INFO - Filling up the DagBag from /opt/airflow/dags/taxi_batch_dag.py
[2025-05-20T20:18:36.100+0000] {processor.py:839} INFO - DAG(s) dict_keys(['yellow_taxi_batch_pipeline']) retrieved from /opt/airflow/dags/taxi_batch_dag.py
[2025-05-20T20:18:36.208+0000] {logging_mixin.py:151} INFO - [2025-05-20T20:18:36.208+0000] {dag.py:2915} INFO - Sync 1 DAGs
[2025-05-20T20:18:36.298+0000] {logging_mixin.py:151} INFO - [2025-05-20T20:18:36.298+0000] {dag.py:3696} INFO - Setting next_dagrun for yellow_taxi_batch_pipeline to 2025-05-20T16:42:37.432024+00:00, run_after=2025-05-21T16:42:37.432024+00:00
[2025-05-20T20:18:36.331+0000] {processor.py:179} INFO - Processing /opt/airflow/dags/taxi_batch_dag.py took 0.329 seconds
[2025-05-20T20:19:06.731+0000] {processor.py:157} INFO - Started process (PID=190) to work on /opt/airflow/dags/taxi_batch_dag.py
[2025-05-20T20:19:06.743+0000] {processor.py:829} INFO - Processing file /opt/airflow/dags/taxi_batch_dag.py for tasks to queue
[2025-05-20T20:19:06.752+0000] {logging_mixin.py:151} INFO - [2025-05-20T20:19:06.749+0000] {dagbag.py:539} INFO - Filling up the DagBag from /opt/airflow/dags/taxi_batch_dag.py
[2025-05-20T20:19:06.804+0000] {processor.py:839} INFO - DAG(s) dict_keys(['yellow_taxi_batch_pipeline']) retrieved from /opt/airflow/dags/taxi_batch_dag.py
[2025-05-20T20:19:06.936+0000] {logging_mixin.py:151} INFO - [2025-05-20T20:19:06.935+0000] {dag.py:2915} INFO - Sync 1 DAGs
[2025-05-20T20:19:07.022+0000] {logging_mixin.py:151} INFO - [2025-05-20T20:19:07.022+0000] {dag.py:3696} INFO - Setting next_dagrun for yellow_taxi_batch_pipeline to 2025-05-20T16:42:37.432024+00:00, run_after=2025-05-21T16:42:37.432024+00:00
[2025-05-20T20:19:08.004+0000] {processor.py:179} INFO - Processing /opt/airflow/dags/taxi_batch_dag.py took 1.291 seconds
[2025-05-20T20:19:38.299+0000] {processor.py:157} INFO - Started process (PID=200) to work on /opt/airflow/dags/taxi_batch_dag.py
[2025-05-20T20:19:38.300+0000] {processor.py:829} INFO - Processing file /opt/airflow/dags/taxi_batch_dag.py for tasks to queue
[2025-05-20T20:19:38.301+0000] {logging_mixin.py:151} INFO - [2025-05-20T20:19:38.300+0000] {dagbag.py:539} INFO - Filling up the DagBag from /opt/airflow/dags/taxi_batch_dag.py
[2025-05-20T20:19:38.324+0000] {processor.py:839} INFO - DAG(s) dict_keys(['yellow_taxi_batch_pipeline']) retrieved from /opt/airflow/dags/taxi_batch_dag.py
[2025-05-20T20:19:38.356+0000] {logging_mixin.py:151} INFO - [2025-05-20T20:19:38.356+0000] {dag.py:2915} INFO - Sync 1 DAGs
[2025-05-20T20:19:38.491+0000] {logging_mixin.py:151} INFO - [2025-05-20T20:19:38.491+0000] {dag.py:3696} INFO - Setting next_dagrun for yellow_taxi_batch_pipeline to 2025-05-20T16:42:37.432024+00:00, run_after=2025-05-21T16:42:37.432024+00:00
[2025-05-20T20:19:38.519+0000] {processor.py:179} INFO - Processing /opt/airflow/dags/taxi_batch_dag.py took 0.225 seconds
[2025-05-20T20:20:08.839+0000] {processor.py:157} INFO - Started process (PID=210) to work on /opt/airflow/dags/taxi_batch_dag.py
[2025-05-20T20:20:08.840+0000] {processor.py:829} INFO - Processing file /opt/airflow/dags/taxi_batch_dag.py for tasks to queue
[2025-05-20T20:20:08.842+0000] {logging_mixin.py:151} INFO - [2025-05-20T20:20:08.841+0000] {dagbag.py:539} INFO - Filling up the DagBag from /opt/airflow/dags/taxi_batch_dag.py
[2025-05-20T20:20:08.879+0000] {processor.py:839} INFO - DAG(s) dict_keys(['yellow_taxi_batch_pipeline']) retrieved from /opt/airflow/dags/taxi_batch_dag.py
[2025-05-20T20:20:09.510+0000] {logging_mixin.py:151} INFO - [2025-05-20T20:20:09.510+0000] {security.py:708} INFO - Not syncing DAG-level permissions for DAG 'DAG:yellow_taxi_batch_pipeline' as access control is unset.
[2025-05-20T20:20:09.511+0000] {logging_mixin.py:151} INFO - [2025-05-20T20:20:09.511+0000] {dag.py:2915} INFO - Sync 1 DAGs
[2025-05-20T20:20:09.534+0000] {logging_mixin.py:151} INFO - [2025-05-20T20:20:09.534+0000] {dag.py:2937} INFO - Creating ORM DAG for yellow_taxi_batch_pipeline
[2025-05-20T20:20:09.562+0000] {logging_mixin.py:151} INFO - [2025-05-20T20:20:09.562+0000] {dag.py:3696} INFO - Setting next_dagrun for yellow_taxi_batch_pipeline to 2025-05-19T20:20:09.562089+00:00, run_after=2025-05-20T20:20:09.562089+00:00
[2025-05-20T20:20:09.610+0000] {processor.py:179} INFO - Processing /opt/airflow/dags/taxi_batch_dag.py took 0.778 seconds
[2025-05-20T20:21:08.924+0000] {processor.py:157} INFO - Started process (PID=167) to work on /opt/airflow/dags/taxi_batch_dag.py
[2025-05-20T20:21:08.925+0000] {processor.py:829} INFO - Processing file /opt/airflow/dags/taxi_batch_dag.py for tasks to queue
[2025-05-20T20:21:08.928+0000] {logging_mixin.py:151} INFO - [2025-05-20T20:21:08.927+0000] {dagbag.py:539} INFO - Filling up the DagBag from /opt/airflow/dags/taxi_batch_dag.py
[2025-05-20T20:21:08.993+0000] {processor.py:839} INFO - DAG(s) dict_keys(['yellow_taxi_batch_pipeline']) retrieved from /opt/airflow/dags/taxi_batch_dag.py
[2025-05-20T20:21:09.051+0000] {logging_mixin.py:151} INFO - [2025-05-20T20:21:09.051+0000] {dag.py:2915} INFO - Sync 1 DAGs
[2025-05-20T20:21:09.077+0000] {logging_mixin.py:151} INFO - [2025-05-20T20:21:09.077+0000] {dag.py:3696} INFO - Setting next_dagrun for yellow_taxi_batch_pipeline to 2025-05-19T20:21:09.076688+00:00, run_after=2025-05-20T20:21:09.076688+00:00
[2025-05-20T20:21:09.097+0000] {processor.py:179} INFO - Processing /opt/airflow/dags/taxi_batch_dag.py took 0.178 seconds
[2025-05-20T20:21:39.273+0000] {processor.py:157} INFO - Started process (PID=177) to work on /opt/airflow/dags/taxi_batch_dag.py
[2025-05-20T20:21:39.275+0000] {processor.py:829} INFO - Processing file /opt/airflow/dags/taxi_batch_dag.py for tasks to queue
[2025-05-20T20:21:39.276+0000] {logging_mixin.py:151} INFO - [2025-05-20T20:21:39.275+0000] {dagbag.py:539} INFO - Filling up the DagBag from /opt/airflow/dags/taxi_batch_dag.py
[2025-05-20T20:21:39.297+0000] {processor.py:839} INFO - DAG(s) dict_keys(['yellow_taxi_batch_pipeline']) retrieved from /opt/airflow/dags/taxi_batch_dag.py
[2025-05-20T20:21:39.328+0000] {logging_mixin.py:151} INFO - [2025-05-20T20:21:39.328+0000] {dag.py:2915} INFO - Sync 1 DAGs
[2025-05-20T20:21:39.350+0000] {logging_mixin.py:151} INFO - [2025-05-20T20:21:39.350+0000] {dag.py:3696} INFO - Setting next_dagrun for yellow_taxi_batch_pipeline to 2025-05-19T20:21:39.349731+00:00, run_after=2025-05-20T20:21:39.349731+00:00
[2025-05-20T20:21:39.376+0000] {processor.py:179} INFO - Processing /opt/airflow/dags/taxi_batch_dag.py took 0.106 seconds
[2025-05-20T20:23:05.842+0000] {processor.py:157} INFO - Started process (PID=167) to work on /opt/airflow/dags/taxi_batch_dag.py
[2025-05-20T20:23:05.843+0000] {processor.py:829} INFO - Processing file /opt/airflow/dags/taxi_batch_dag.py for tasks to queue
[2025-05-20T20:23:05.844+0000] {logging_mixin.py:151} INFO - [2025-05-20T20:23:05.843+0000] {dagbag.py:539} INFO - Filling up the DagBag from /opt/airflow/dags/taxi_batch_dag.py
[2025-05-20T20:23:05.906+0000] {processor.py:839} INFO - DAG(s) dict_keys(['yellow_taxi_batch_pipeline']) retrieved from /opt/airflow/dags/taxi_batch_dag.py
[2025-05-20T20:23:05.984+0000] {logging_mixin.py:151} INFO - [2025-05-20T20:23:05.983+0000] {dag.py:2915} INFO - Sync 1 DAGs
[2025-05-20T20:23:06.010+0000] {logging_mixin.py:151} INFO - [2025-05-20T20:23:06.010+0000] {dag.py:3696} INFO - Setting next_dagrun for yellow_taxi_batch_pipeline to 2025-05-19T20:23:06.009911+00:00, run_after=2025-05-20T20:23:06.009911+00:00
[2025-05-20T20:23:06.035+0000] {processor.py:179} INFO - Processing /opt/airflow/dags/taxi_batch_dag.py took 0.198 seconds
[2025-05-20T20:23:36.168+0000] {processor.py:157} INFO - Started process (PID=183) to work on /opt/airflow/dags/taxi_batch_dag.py
[2025-05-20T20:23:36.169+0000] {processor.py:829} INFO - Processing file /opt/airflow/dags/taxi_batch_dag.py for tasks to queue
[2025-05-20T20:23:36.171+0000] {logging_mixin.py:151} INFO - [2025-05-20T20:23:36.171+0000] {dagbag.py:539} INFO - Filling up the DagBag from /opt/airflow/dags/taxi_batch_dag.py
[2025-05-20T20:23:36.208+0000] {processor.py:839} INFO - DAG(s) dict_keys(['yellow_taxi_batch_pipeline']) retrieved from /opt/airflow/dags/taxi_batch_dag.py
[2025-05-20T20:23:36.251+0000] {logging_mixin.py:151} INFO - [2025-05-20T20:23:36.251+0000] {dag.py:2915} INFO - Sync 1 DAGs
[2025-05-20T20:23:36.283+0000] {logging_mixin.py:151} INFO - [2025-05-20T20:23:36.282+0000] {dag.py:3696} INFO - Setting next_dagrun for yellow_taxi_batch_pipeline to 2025-05-20T20:23:06.009911+00:00, run_after=2025-05-21T20:23:06.009911+00:00
[2025-05-20T20:23:36.315+0000] {processor.py:179} INFO - Processing /opt/airflow/dags/taxi_batch_dag.py took 0.153 seconds
[2025-05-20T20:24:06.483+0000] {processor.py:157} INFO - Started process (PID=193) to work on /opt/airflow/dags/taxi_batch_dag.py
[2025-05-20T20:24:06.484+0000] {processor.py:829} INFO - Processing file /opt/airflow/dags/taxi_batch_dag.py for tasks to queue
[2025-05-20T20:24:06.486+0000] {logging_mixin.py:151} INFO - [2025-05-20T20:24:06.485+0000] {dagbag.py:539} INFO - Filling up the DagBag from /opt/airflow/dags/taxi_batch_dag.py
[2025-05-20T20:24:06.526+0000] {processor.py:839} INFO - DAG(s) dict_keys(['yellow_taxi_batch_pipeline']) retrieved from /opt/airflow/dags/taxi_batch_dag.py
[2025-05-20T20:24:06.586+0000] {logging_mixin.py:151} INFO - [2025-05-20T20:24:06.585+0000] {dag.py:2915} INFO - Sync 1 DAGs
[2025-05-20T20:24:06.625+0000] {logging_mixin.py:151} INFO - [2025-05-20T20:24:06.625+0000] {dag.py:3696} INFO - Setting next_dagrun for yellow_taxi_batch_pipeline to 2025-05-20T20:23:06.009911+00:00, run_after=2025-05-21T20:23:06.009911+00:00
[2025-05-20T20:24:06.844+0000] {processor.py:179} INFO - Processing /opt/airflow/dags/taxi_batch_dag.py took 0.367 seconds
[2025-05-20T20:24:37.123+0000] {processor.py:157} INFO - Started process (PID=203) to work on /opt/airflow/dags/taxi_batch_dag.py
[2025-05-20T20:24:37.124+0000] {processor.py:829} INFO - Processing file /opt/airflow/dags/taxi_batch_dag.py for tasks to queue
[2025-05-20T20:24:37.125+0000] {logging_mixin.py:151} INFO - [2025-05-20T20:24:37.125+0000] {dagbag.py:539} INFO - Filling up the DagBag from /opt/airflow/dags/taxi_batch_dag.py
[2025-05-20T20:24:37.149+0000] {processor.py:839} INFO - DAG(s) dict_keys(['yellow_taxi_batch_pipeline']) retrieved from /opt/airflow/dags/taxi_batch_dag.py
[2025-05-20T20:24:37.182+0000] {logging_mixin.py:151} INFO - [2025-05-20T20:24:37.182+0000] {dag.py:2915} INFO - Sync 1 DAGs
[2025-05-20T20:24:37.351+0000] {logging_mixin.py:151} INFO - [2025-05-20T20:24:37.351+0000] {dag.py:3696} INFO - Setting next_dagrun for yellow_taxi_batch_pipeline to 2025-05-20T20:23:06.009911+00:00, run_after=2025-05-21T20:23:06.009911+00:00
[2025-05-20T20:24:37.373+0000] {processor.py:179} INFO - Processing /opt/airflow/dags/taxi_batch_dag.py took 0.255 seconds
[2025-05-20T20:25:07.690+0000] {processor.py:157} INFO - Started process (PID=213) to work on /opt/airflow/dags/taxi_batch_dag.py
[2025-05-20T20:25:07.691+0000] {processor.py:829} INFO - Processing file /opt/airflow/dags/taxi_batch_dag.py for tasks to queue
[2025-05-20T20:25:07.693+0000] {logging_mixin.py:151} INFO - [2025-05-20T20:25:07.692+0000] {dagbag.py:539} INFO - Filling up the DagBag from /opt/airflow/dags/taxi_batch_dag.py
[2025-05-20T20:25:07.720+0000] {processor.py:839} INFO - DAG(s) dict_keys(['yellow_taxi_batch_pipeline']) retrieved from /opt/airflow/dags/taxi_batch_dag.py
[2025-05-20T20:25:07.753+0000] {logging_mixin.py:151} INFO - [2025-05-20T20:25:07.753+0000] {dag.py:2915} INFO - Sync 1 DAGs
[2025-05-20T20:25:07.886+0000] {logging_mixin.py:151} INFO - [2025-05-20T20:25:07.886+0000] {dag.py:3696} INFO - Setting next_dagrun for yellow_taxi_batch_pipeline to 2025-05-20T20:23:06.009911+00:00, run_after=2025-05-21T20:23:06.009911+00:00
[2025-05-20T20:25:07.910+0000] {processor.py:179} INFO - Processing /opt/airflow/dags/taxi_batch_dag.py took 0.223 seconds
[2025-05-20T20:25:38.215+0000] {processor.py:157} INFO - Started process (PID=223) to work on /opt/airflow/dags/taxi_batch_dag.py
[2025-05-20T20:25:38.216+0000] {processor.py:829} INFO - Processing file /opt/airflow/dags/taxi_batch_dag.py for tasks to queue
[2025-05-20T20:25:38.218+0000] {logging_mixin.py:151} INFO - [2025-05-20T20:25:38.217+0000] {dagbag.py:539} INFO - Filling up the DagBag from /opt/airflow/dags/taxi_batch_dag.py
[2025-05-20T20:25:38.240+0000] {processor.py:839} INFO - DAG(s) dict_keys(['yellow_taxi_batch_pipeline']) retrieved from /opt/airflow/dags/taxi_batch_dag.py
[2025-05-20T20:25:38.419+0000] {logging_mixin.py:151} INFO - [2025-05-20T20:25:38.419+0000] {dag.py:2915} INFO - Sync 1 DAGs
[2025-05-20T20:25:38.442+0000] {logging_mixin.py:151} INFO - [2025-05-20T20:25:38.442+0000] {dag.py:3696} INFO - Setting next_dagrun for yellow_taxi_batch_pipeline to 2025-05-20T20:23:06.009911+00:00, run_after=2025-05-21T20:23:06.009911+00:00
[2025-05-20T20:25:38.470+0000] {processor.py:179} INFO - Processing /opt/airflow/dags/taxi_batch_dag.py took 0.260 seconds
[2025-05-20T20:26:35.141+0000] {processor.py:157} INFO - Started process (PID=175) to work on /opt/airflow/dags/taxi_batch_dag.py
[2025-05-20T20:26:35.142+0000] {processor.py:829} INFO - Processing file /opt/airflow/dags/taxi_batch_dag.py for tasks to queue
[2025-05-20T20:26:35.144+0000] {logging_mixin.py:151} INFO - [2025-05-20T20:26:35.143+0000] {dagbag.py:539} INFO - Filling up the DagBag from /opt/airflow/dags/taxi_batch_dag.py
[2025-05-20T20:26:35.185+0000] {processor.py:839} INFO - DAG(s) dict_keys(['yellow_taxi_batch_pipeline']) retrieved from /opt/airflow/dags/taxi_batch_dag.py
[2025-05-20T20:26:35.253+0000] {logging_mixin.py:151} INFO - [2025-05-20T20:26:35.253+0000] {dag.py:2915} INFO - Sync 1 DAGs
[2025-05-20T20:26:35.279+0000] {logging_mixin.py:151} INFO - [2025-05-20T20:26:35.279+0000] {dag.py:3696} INFO - Setting next_dagrun for yellow_taxi_batch_pipeline to 2025-05-20T20:23:06.009911+00:00, run_after=2025-05-21T20:23:06.009911+00:00
[2025-05-20T20:26:35.302+0000] {processor.py:179} INFO - Processing /opt/airflow/dags/taxi_batch_dag.py took 0.166 seconds
[2025-05-20T20:27:05.423+0000] {processor.py:157} INFO - Started process (PID=185) to work on /opt/airflow/dags/taxi_batch_dag.py
[2025-05-20T20:27:05.425+0000] {processor.py:829} INFO - Processing file /opt/airflow/dags/taxi_batch_dag.py for tasks to queue
[2025-05-20T20:27:05.426+0000] {logging_mixin.py:151} INFO - [2025-05-20T20:27:05.426+0000] {dagbag.py:539} INFO - Filling up the DagBag from /opt/airflow/dags/taxi_batch_dag.py
[2025-05-20T20:27:05.460+0000] {processor.py:839} INFO - DAG(s) dict_keys(['yellow_taxi_batch_pipeline']) retrieved from /opt/airflow/dags/taxi_batch_dag.py
[2025-05-20T20:27:05.505+0000] {logging_mixin.py:151} INFO - [2025-05-20T20:27:05.505+0000] {dag.py:2915} INFO - Sync 1 DAGs
[2025-05-20T20:27:05.533+0000] {logging_mixin.py:151} INFO - [2025-05-20T20:27:05.533+0000] {dag.py:3696} INFO - Setting next_dagrun for yellow_taxi_batch_pipeline to 2025-05-20T20:23:06.009911+00:00, run_after=2025-05-21T20:23:06.009911+00:00
[2025-05-20T20:27:05.559+0000] {processor.py:179} INFO - Processing /opt/airflow/dags/taxi_batch_dag.py took 0.140 seconds
[2025-05-20T20:27:35.849+0000] {processor.py:157} INFO - Started process (PID=207) to work on /opt/airflow/dags/taxi_batch_dag.py
[2025-05-20T20:27:35.852+0000] {processor.py:829} INFO - Processing file /opt/airflow/dags/taxi_batch_dag.py for tasks to queue
[2025-05-20T20:27:35.856+0000] {logging_mixin.py:151} INFO - [2025-05-20T20:27:35.854+0000] {dagbag.py:539} INFO - Filling up the DagBag from /opt/airflow/dags/taxi_batch_dag.py
[2025-05-20T20:27:35.956+0000] {processor.py:839} INFO - DAG(s) dict_keys(['yellow_taxi_batch_pipeline']) retrieved from /opt/airflow/dags/taxi_batch_dag.py
[2025-05-20T20:27:36.098+0000] {logging_mixin.py:151} INFO - [2025-05-20T20:27:36.097+0000] {dag.py:2915} INFO - Sync 1 DAGs
[2025-05-20T20:27:36.199+0000] {logging_mixin.py:151} INFO - [2025-05-20T20:27:36.199+0000] {dag.py:3696} INFO - Setting next_dagrun for yellow_taxi_batch_pipeline to 2025-05-20T20:23:06.009911+00:00, run_after=2025-05-21T20:23:06.009911+00:00
[2025-05-20T20:27:37.312+0000] {processor.py:179} INFO - Processing /opt/airflow/dags/taxi_batch_dag.py took 1.500 seconds
[2025-05-20T20:28:07.763+0000] {processor.py:157} INFO - Started process (PID=247) to work on /opt/airflow/dags/taxi_batch_dag.py
[2025-05-20T20:28:07.767+0000] {processor.py:829} INFO - Processing file /opt/airflow/dags/taxi_batch_dag.py for tasks to queue
[2025-05-20T20:28:07.777+0000] {logging_mixin.py:151} INFO - [2025-05-20T20:28:07.772+0000] {dagbag.py:539} INFO - Filling up the DagBag from /opt/airflow/dags/taxi_batch_dag.py
[2025-05-20T20:28:07.927+0000] {processor.py:839} INFO - DAG(s) dict_keys(['yellow_taxi_batch_pipeline']) retrieved from /opt/airflow/dags/taxi_batch_dag.py
[2025-05-20T20:28:08.147+0000] {logging_mixin.py:151} INFO - [2025-05-20T20:28:08.147+0000] {dag.py:2915} INFO - Sync 1 DAGs
[2025-05-20T20:28:09.190+0000] {logging_mixin.py:151} INFO - [2025-05-20T20:28:09.190+0000] {dag.py:3696} INFO - Setting next_dagrun for yellow_taxi_batch_pipeline to 2025-05-20T20:23:06.009911+00:00, run_after=2025-05-21T20:23:06.009911+00:00
[2025-05-20T20:28:09.247+0000] {processor.py:179} INFO - Processing /opt/airflow/dags/taxi_batch_dag.py took 1.497 seconds
[2025-05-20T20:28:39.792+0000] {processor.py:157} INFO - Started process (PID=358) to work on /opt/airflow/dags/taxi_batch_dag.py
[2025-05-20T20:28:39.794+0000] {processor.py:829} INFO - Processing file /opt/airflow/dags/taxi_batch_dag.py for tasks to queue
[2025-05-20T20:28:39.796+0000] {logging_mixin.py:151} INFO - [2025-05-20T20:28:39.795+0000] {dagbag.py:539} INFO - Filling up the DagBag from /opt/airflow/dags/taxi_batch_dag.py
[2025-05-20T20:28:39.872+0000] {processor.py:839} INFO - DAG(s) dict_keys(['yellow_taxi_batch_pipeline']) retrieved from /opt/airflow/dags/taxi_batch_dag.py
[2025-05-20T20:28:42.139+0000] {logging_mixin.py:151} INFO - [2025-05-20T20:28:42.139+0000] {dag.py:2915} INFO - Sync 1 DAGs
[2025-05-20T20:28:42.299+0000] {logging_mixin.py:151} INFO - [2025-05-20T20:28:42.292+0000] {dag.py:3696} INFO - Setting next_dagrun for yellow_taxi_batch_pipeline to 2025-05-20T20:23:06.009911+00:00, run_after=2025-05-21T20:23:06.009911+00:00
[2025-05-20T20:28:42.406+0000] {processor.py:179} INFO - Processing /opt/airflow/dags/taxi_batch_dag.py took 2.625 seconds
[2025-05-20T20:29:12.775+0000] {processor.py:157} INFO - Started process (PID=389) to work on /opt/airflow/dags/taxi_batch_dag.py
[2025-05-20T20:29:12.777+0000] {processor.py:829} INFO - Processing file /opt/airflow/dags/taxi_batch_dag.py for tasks to queue
[2025-05-20T20:29:12.780+0000] {logging_mixin.py:151} INFO - [2025-05-20T20:29:12.779+0000] {dagbag.py:539} INFO - Filling up the DagBag from /opt/airflow/dags/taxi_batch_dag.py
[2025-05-20T20:29:12.824+0000] {processor.py:839} INFO - DAG(s) dict_keys(['yellow_taxi_batch_pipeline']) retrieved from /opt/airflow/dags/taxi_batch_dag.py
[2025-05-20T20:29:13.018+0000] {logging_mixin.py:151} INFO - [2025-05-20T20:29:13.017+0000] {dag.py:2915} INFO - Sync 1 DAGs
[2025-05-20T20:29:13.043+0000] {logging_mixin.py:151} INFO - [2025-05-20T20:29:13.042+0000] {dag.py:3696} INFO - Setting next_dagrun for yellow_taxi_batch_pipeline to 2025-05-20T20:23:06.009911+00:00, run_after=2025-05-21T20:23:06.009911+00:00
[2025-05-20T20:29:13.066+0000] {processor.py:179} INFO - Processing /opt/airflow/dags/taxi_batch_dag.py took 0.297 seconds
[2025-05-20T20:29:43.323+0000] {processor.py:157} INFO - Started process (PID=399) to work on /opt/airflow/dags/taxi_batch_dag.py
[2025-05-20T20:29:43.324+0000] {processor.py:829} INFO - Processing file /opt/airflow/dags/taxi_batch_dag.py for tasks to queue
[2025-05-20T20:29:43.325+0000] {logging_mixin.py:151} INFO - [2025-05-20T20:29:43.324+0000] {dagbag.py:539} INFO - Filling up the DagBag from /opt/airflow/dags/taxi_batch_dag.py
[2025-05-20T20:29:43.471+0000] {processor.py:839} INFO - DAG(s) dict_keys(['yellow_taxi_batch_pipeline']) retrieved from /opt/airflow/dags/taxi_batch_dag.py
[2025-05-20T20:29:43.500+0000] {logging_mixin.py:151} INFO - [2025-05-20T20:29:43.500+0000] {dag.py:2915} INFO - Sync 1 DAGs
[2025-05-20T20:29:43.524+0000] {logging_mixin.py:151} INFO - [2025-05-20T20:29:43.524+0000] {dag.py:3696} INFO - Setting next_dagrun for yellow_taxi_batch_pipeline to 2025-05-20T20:23:06.009911+00:00, run_after=2025-05-21T20:23:06.009911+00:00
[2025-05-20T20:29:43.553+0000] {processor.py:179} INFO - Processing /opt/airflow/dags/taxi_batch_dag.py took 0.233 seconds
[2025-05-20T20:30:13.916+0000] {processor.py:157} INFO - Started process (PID=409) to work on /opt/airflow/dags/taxi_batch_dag.py
[2025-05-20T20:30:13.917+0000] {processor.py:829} INFO - Processing file /opt/airflow/dags/taxi_batch_dag.py for tasks to queue
[2025-05-20T20:30:13.918+0000] {logging_mixin.py:151} INFO - [2025-05-20T20:30:13.918+0000] {dagbag.py:539} INFO - Filling up the DagBag from /opt/airflow/dags/taxi_batch_dag.py
[2025-05-20T20:30:13.941+0000] {processor.py:839} INFO - DAG(s) dict_keys(['yellow_taxi_batch_pipeline']) retrieved from /opt/airflow/dags/taxi_batch_dag.py
[2025-05-20T20:30:13.971+0000] {logging_mixin.py:151} INFO - [2025-05-20T20:30:13.970+0000] {dag.py:2915} INFO - Sync 1 DAGs
[2025-05-20T20:30:14.001+0000] {logging_mixin.py:151} INFO - [2025-05-20T20:30:14.000+0000] {dag.py:3696} INFO - Setting next_dagrun for yellow_taxi_batch_pipeline to 2025-05-20T20:23:06.009911+00:00, run_after=2025-05-21T20:23:06.009911+00:00
[2025-05-20T20:30:14.033+0000] {processor.py:179} INFO - Processing /opt/airflow/dags/taxi_batch_dag.py took 0.120 seconds
[2025-05-20T20:30:44.206+0000] {processor.py:157} INFO - Started process (PID=419) to work on /opt/airflow/dags/taxi_batch_dag.py
[2025-05-20T20:30:44.207+0000] {processor.py:829} INFO - Processing file /opt/airflow/dags/taxi_batch_dag.py for tasks to queue
[2025-05-20T20:30:44.208+0000] {logging_mixin.py:151} INFO - [2025-05-20T20:30:44.208+0000] {dagbag.py:539} INFO - Filling up the DagBag from /opt/airflow/dags/taxi_batch_dag.py
[2025-05-20T20:30:44.236+0000] {processor.py:839} INFO - DAG(s) dict_keys(['yellow_taxi_batch_pipeline']) retrieved from /opt/airflow/dags/taxi_batch_dag.py
[2025-05-20T20:30:44.269+0000] {logging_mixin.py:151} INFO - [2025-05-20T20:30:44.269+0000] {dag.py:2915} INFO - Sync 1 DAGs
[2025-05-20T20:30:44.293+0000] {logging_mixin.py:151} INFO - [2025-05-20T20:30:44.293+0000] {dag.py:3696} INFO - Setting next_dagrun for yellow_taxi_batch_pipeline to 2025-05-20T20:23:06.009911+00:00, run_after=2025-05-21T20:23:06.009911+00:00
[2025-05-20T20:30:44.321+0000] {processor.py:179} INFO - Processing /opt/airflow/dags/taxi_batch_dag.py took 0.118 seconds
[2025-05-20T20:31:14.528+0000] {processor.py:157} INFO - Started process (PID=429) to work on /opt/airflow/dags/taxi_batch_dag.py
[2025-05-20T20:31:14.529+0000] {processor.py:829} INFO - Processing file /opt/airflow/dags/taxi_batch_dag.py for tasks to queue
[2025-05-20T20:31:14.530+0000] {logging_mixin.py:151} INFO - [2025-05-20T20:31:14.529+0000] {dagbag.py:539} INFO - Filling up the DagBag from /opt/airflow/dags/taxi_batch_dag.py
[2025-05-20T20:31:14.550+0000] {processor.py:839} INFO - DAG(s) dict_keys(['yellow_taxi_batch_pipeline']) retrieved from /opt/airflow/dags/taxi_batch_dag.py
[2025-05-20T20:31:14.585+0000] {logging_mixin.py:151} INFO - [2025-05-20T20:31:14.584+0000] {dag.py:2915} INFO - Sync 1 DAGs
[2025-05-20T20:31:14.615+0000] {logging_mixin.py:151} INFO - [2025-05-20T20:31:14.614+0000] {dag.py:3696} INFO - Setting next_dagrun for yellow_taxi_batch_pipeline to 2025-05-20T20:23:06.009911+00:00, run_after=2025-05-21T20:23:06.009911+00:00
[2025-05-20T20:31:14.636+0000] {processor.py:179} INFO - Processing /opt/airflow/dags/taxi_batch_dag.py took 0.112 seconds
[2025-05-20T20:31:44.881+0000] {processor.py:157} INFO - Started process (PID=439) to work on /opt/airflow/dags/taxi_batch_dag.py
[2025-05-20T20:31:44.882+0000] {processor.py:829} INFO - Processing file /opt/airflow/dags/taxi_batch_dag.py for tasks to queue
[2025-05-20T20:31:44.883+0000] {logging_mixin.py:151} INFO - [2025-05-20T20:31:44.883+0000] {dagbag.py:539} INFO - Filling up the DagBag from /opt/airflow/dags/taxi_batch_dag.py
[2025-05-20T20:31:44.908+0000] {processor.py:839} INFO - DAG(s) dict_keys(['yellow_taxi_batch_pipeline']) retrieved from /opt/airflow/dags/taxi_batch_dag.py
[2025-05-20T20:31:44.942+0000] {logging_mixin.py:151} INFO - [2025-05-20T20:31:44.942+0000] {dag.py:2915} INFO - Sync 1 DAGs
[2025-05-20T20:31:44.968+0000] {logging_mixin.py:151} INFO - [2025-05-20T20:31:44.967+0000] {dag.py:3696} INFO - Setting next_dagrun for yellow_taxi_batch_pipeline to 2025-05-20T20:23:06.009911+00:00, run_after=2025-05-21T20:23:06.009911+00:00
[2025-05-20T20:31:44.991+0000] {processor.py:179} INFO - Processing /opt/airflow/dags/taxi_batch_dag.py took 0.114 seconds
[2025-05-20T20:43:18.459+0000] {processor.py:157} INFO - Started process (PID=166) to work on /opt/airflow/dags/taxi_batch_dag.py
[2025-05-20T20:43:18.462+0000] {processor.py:829} INFO - Processing file /opt/airflow/dags/taxi_batch_dag.py for tasks to queue
[2025-05-20T20:43:18.465+0000] {logging_mixin.py:151} INFO - [2025-05-20T20:43:18.463+0000] {dagbag.py:539} INFO - Filling up the DagBag from /opt/airflow/dags/taxi_batch_dag.py
[2025-05-20T20:43:18.563+0000] {processor.py:839} INFO - DAG(s) dict_keys(['yellow_taxi_batch_pipeline']) retrieved from /opt/airflow/dags/taxi_batch_dag.py
[2025-05-20T20:43:18.818+0000] {logging_mixin.py:151} INFO - [2025-05-20T20:43:18.817+0000] {dag.py:2915} INFO - Sync 1 DAGs
[2025-05-20T20:43:19.044+0000] {logging_mixin.py:151} INFO - [2025-05-20T20:43:19.043+0000] {dag.py:3696} INFO - Setting next_dagrun for yellow_taxi_batch_pipeline to 2025-05-20T20:23:06.009911+00:00, run_after=2025-05-21T20:23:06.009911+00:00
[2025-05-20T20:43:19.163+0000] {processor.py:179} INFO - Processing /opt/airflow/dags/taxi_batch_dag.py took 0.719 seconds
[2025-05-20T20:43:49.664+0000] {processor.py:157} INFO - Started process (PID=316) to work on /opt/airflow/dags/taxi_batch_dag.py
[2025-05-20T20:43:49.680+0000] {processor.py:829} INFO - Processing file /opt/airflow/dags/taxi_batch_dag.py for tasks to queue
[2025-05-20T20:43:49.741+0000] {logging_mixin.py:151} INFO - [2025-05-20T20:43:49.700+0000] {dagbag.py:539} INFO - Filling up the DagBag from /opt/airflow/dags/taxi_batch_dag.py
[2025-05-20T20:43:50.788+0000] {processor.py:839} INFO - DAG(s) dict_keys(['yellow_taxi_batch_pipeline']) retrieved from /opt/airflow/dags/taxi_batch_dag.py
[2025-05-20T20:43:51.825+0000] {logging_mixin.py:151} INFO - [2025-05-20T20:43:51.825+0000] {dag.py:2915} INFO - Sync 1 DAGs
[2025-05-20T20:43:52.723+0000] {logging_mixin.py:151} INFO - [2025-05-20T20:43:52.723+0000] {dag.py:3696} INFO - Setting next_dagrun for yellow_taxi_batch_pipeline to 2025-05-20T20:23:06.009911+00:00, run_after=2025-05-21T20:23:06.009911+00:00
[2025-05-20T20:43:53.029+0000] {processor.py:179} INFO - Processing /opt/airflow/dags/taxi_batch_dag.py took 3.423 seconds
[2025-05-20T20:44:23.861+0000] {processor.py:157} INFO - Started process (PID=408) to work on /opt/airflow/dags/taxi_batch_dag.py
[2025-05-20T20:44:23.864+0000] {processor.py:829} INFO - Processing file /opt/airflow/dags/taxi_batch_dag.py for tasks to queue
[2025-05-20T20:44:23.867+0000] {logging_mixin.py:151} INFO - [2025-05-20T20:44:23.865+0000] {dagbag.py:539} INFO - Filling up the DagBag from /opt/airflow/dags/taxi_batch_dag.py
[2025-05-20T20:44:24.036+0000] {processor.py:839} INFO - DAG(s) dict_keys(['yellow_taxi_batch_pipeline']) retrieved from /opt/airflow/dags/taxi_batch_dag.py
[2025-05-20T20:44:24.389+0000] {logging_mixin.py:151} INFO - [2025-05-20T20:44:24.389+0000] {dag.py:2915} INFO - Sync 1 DAGs
[2025-05-20T20:44:24.522+0000] {logging_mixin.py:151} INFO - [2025-05-20T20:44:24.521+0000] {dag.py:3696} INFO - Setting next_dagrun for yellow_taxi_batch_pipeline to 2025-05-20T20:23:06.009911+00:00, run_after=2025-05-21T20:23:06.009911+00:00
[2025-05-20T20:44:32.633+0000] {processor.py:179} INFO - Processing /opt/airflow/dags/taxi_batch_dag.py took 8.783 seconds
[2025-05-20T20:45:03.047+0000] {processor.py:157} INFO - Started process (PID=461) to work on /opt/airflow/dags/taxi_batch_dag.py
[2025-05-20T20:45:03.067+0000] {processor.py:829} INFO - Processing file /opt/airflow/dags/taxi_batch_dag.py for tasks to queue
[2025-05-20T20:45:03.070+0000] {logging_mixin.py:151} INFO - [2025-05-20T20:45:03.069+0000] {dagbag.py:539} INFO - Filling up the DagBag from /opt/airflow/dags/taxi_batch_dag.py
[2025-05-20T20:45:03.344+0000] {processor.py:839} INFO - DAG(s) dict_keys(['yellow_taxi_batch_pipeline']) retrieved from /opt/airflow/dags/taxi_batch_dag.py
[2025-05-20T20:45:03.696+0000] {logging_mixin.py:151} INFO - [2025-05-20T20:45:03.696+0000] {dag.py:2915} INFO - Sync 1 DAGs
[2025-05-20T20:45:05.198+0000] {logging_mixin.py:151} INFO - [2025-05-20T20:45:05.197+0000] {dag.py:3696} INFO - Setting next_dagrun for yellow_taxi_batch_pipeline to 2025-05-20T20:23:06.009911+00:00, run_after=2025-05-21T20:23:06.009911+00:00
[2025-05-20T20:45:05.293+0000] {processor.py:179} INFO - Processing /opt/airflow/dags/taxi_batch_dag.py took 2.256 seconds
[2025-05-20T20:45:36.584+0000] {processor.py:157} INFO - Started process (PID=471) to work on /opt/airflow/dags/taxi_batch_dag.py
[2025-05-20T20:45:36.613+0000] {processor.py:829} INFO - Processing file /opt/airflow/dags/taxi_batch_dag.py for tasks to queue
[2025-05-20T20:45:36.616+0000] {logging_mixin.py:151} INFO - [2025-05-20T20:45:36.615+0000] {dagbag.py:539} INFO - Filling up the DagBag from /opt/airflow/dags/taxi_batch_dag.py
[2025-05-20T20:45:37.098+0000] {processor.py:839} INFO - DAG(s) dict_keys(['yellow_taxi_batch_pipeline']) retrieved from /opt/airflow/dags/taxi_batch_dag.py
[2025-05-20T20:45:37.463+0000] {logging_mixin.py:151} INFO - [2025-05-20T20:45:37.462+0000] {dag.py:2915} INFO - Sync 1 DAGs
[2025-05-20T20:45:39.373+0000] {logging_mixin.py:151} INFO - [2025-05-20T20:45:39.372+0000] {dag.py:3696} INFO - Setting next_dagrun for yellow_taxi_batch_pipeline to 2025-05-20T20:23:06.009911+00:00, run_after=2025-05-21T20:23:06.009911+00:00
[2025-05-20T20:45:39.565+0000] {processor.py:179} INFO - Processing /opt/airflow/dags/taxi_batch_dag.py took 3.026 seconds
[2025-05-20T20:46:10.783+0000] {processor.py:157} INFO - Started process (PID=555) to work on /opt/airflow/dags/taxi_batch_dag.py
[2025-05-20T20:46:10.798+0000] {processor.py:829} INFO - Processing file /opt/airflow/dags/taxi_batch_dag.py for tasks to queue
[2025-05-20T20:46:10.818+0000] {logging_mixin.py:151} INFO - [2025-05-20T20:46:10.817+0000] {dagbag.py:539} INFO - Filling up the DagBag from /opt/airflow/dags/taxi_batch_dag.py
[2025-05-20T20:46:11.095+0000] {processor.py:839} INFO - DAG(s) dict_keys(['yellow_taxi_batch_pipeline']) retrieved from /opt/airflow/dags/taxi_batch_dag.py
[2025-05-20T20:46:12.784+0000] {logging_mixin.py:151} INFO - [2025-05-20T20:46:12.783+0000] {dag.py:2915} INFO - Sync 1 DAGs
[2025-05-20T20:46:12.911+0000] {logging_mixin.py:151} INFO - [2025-05-20T20:46:12.910+0000] {dag.py:3696} INFO - Setting next_dagrun for yellow_taxi_batch_pipeline to 2025-05-20T20:23:06.009911+00:00, run_after=2025-05-21T20:23:06.009911+00:00
[2025-05-20T20:46:13.012+0000] {processor.py:179} INFO - Processing /opt/airflow/dags/taxi_batch_dag.py took 2.271 seconds
[2025-05-20T20:46:43.811+0000] {processor.py:157} INFO - Started process (PID=687) to work on /opt/airflow/dags/taxi_batch_dag.py
[2025-05-20T20:46:43.837+0000] {processor.py:829} INFO - Processing file /opt/airflow/dags/taxi_batch_dag.py for tasks to queue
[2025-05-20T20:46:43.848+0000] {logging_mixin.py:151} INFO - [2025-05-20T20:46:43.842+0000] {dagbag.py:539} INFO - Filling up the DagBag from /opt/airflow/dags/taxi_batch_dag.py
[2025-05-20T20:46:45.089+0000] {processor.py:839} INFO - DAG(s) dict_keys(['yellow_taxi_batch_pipeline']) retrieved from /opt/airflow/dags/taxi_batch_dag.py
[2025-05-20T20:46:45.231+0000] {logging_mixin.py:151} INFO - [2025-05-20T20:46:45.231+0000] {dag.py:2915} INFO - Sync 1 DAGs
[2025-05-20T20:46:45.364+0000] {logging_mixin.py:151} INFO - [2025-05-20T20:46:45.363+0000] {dag.py:3696} INFO - Setting next_dagrun for yellow_taxi_batch_pipeline to 2025-05-20T20:23:06.009911+00:00, run_after=2025-05-21T20:23:06.009911+00:00
[2025-05-20T20:46:45.507+0000] {processor.py:179} INFO - Processing /opt/airflow/dags/taxi_batch_dag.py took 1.742 seconds
[2025-05-20T20:47:15.750+0000] {processor.py:157} INFO - Started process (PID=791) to work on /opt/airflow/dags/taxi_batch_dag.py
[2025-05-20T20:47:15.752+0000] {processor.py:829} INFO - Processing file /opt/airflow/dags/taxi_batch_dag.py for tasks to queue
[2025-05-20T20:47:15.760+0000] {logging_mixin.py:151} INFO - [2025-05-20T20:47:15.754+0000] {dagbag.py:539} INFO - Filling up the DagBag from /opt/airflow/dags/taxi_batch_dag.py
[2025-05-20T20:47:15.846+0000] {processor.py:839} INFO - DAG(s) dict_keys(['yellow_taxi_batch_pipeline']) retrieved from /opt/airflow/dags/taxi_batch_dag.py
[2025-05-20T20:47:15.975+0000] {logging_mixin.py:151} INFO - [2025-05-20T20:47:15.974+0000] {dag.py:2915} INFO - Sync 1 DAGs
[2025-05-20T20:47:16.070+0000] {logging_mixin.py:151} INFO - [2025-05-20T20:47:16.062+0000] {dag.py:3696} INFO - Setting next_dagrun for yellow_taxi_batch_pipeline to 2025-05-20T20:23:06.009911+00:00, run_after=2025-05-21T20:23:06.009911+00:00
[2025-05-20T20:47:16.147+0000] {processor.py:179} INFO - Processing /opt/airflow/dags/taxi_batch_dag.py took 0.404 seconds
[2025-05-20T20:47:47.367+0000] {processor.py:157} INFO - Started process (PID=898) to work on /opt/airflow/dags/taxi_batch_dag.py
[2025-05-20T20:47:47.388+0000] {processor.py:829} INFO - Processing file /opt/airflow/dags/taxi_batch_dag.py for tasks to queue
[2025-05-20T20:47:47.401+0000] {logging_mixin.py:151} INFO - [2025-05-20T20:47:47.400+0000] {dagbag.py:539} INFO - Filling up the DagBag from /opt/airflow/dags/taxi_batch_dag.py
[2025-05-20T20:47:47.654+0000] {processor.py:839} INFO - DAG(s) dict_keys(['yellow_taxi_batch_pipeline']) retrieved from /opt/airflow/dags/taxi_batch_dag.py
[2025-05-20T20:47:48.154+0000] {logging_mixin.py:151} INFO - [2025-05-20T20:47:48.154+0000] {dag.py:2915} INFO - Sync 1 DAGs
[2025-05-20T20:47:48.347+0000] {logging_mixin.py:151} INFO - [2025-05-20T20:47:48.346+0000] {dag.py:3696} INFO - Setting next_dagrun for yellow_taxi_batch_pipeline to 2025-05-20T20:23:06.009911+00:00, run_after=2025-05-21T20:23:06.009911+00:00
[2025-05-20T20:47:48.469+0000] {processor.py:179} INFO - Processing /opt/airflow/dags/taxi_batch_dag.py took 1.202 seconds
[2025-05-20T20:48:19.117+0000] {processor.py:157} INFO - Started process (PID=982) to work on /opt/airflow/dags/taxi_batch_dag.py
[2025-05-20T20:48:19.120+0000] {processor.py:829} INFO - Processing file /opt/airflow/dags/taxi_batch_dag.py for tasks to queue
[2025-05-20T20:48:19.122+0000] {logging_mixin.py:151} INFO - [2025-05-20T20:48:19.121+0000] {dagbag.py:539} INFO - Filling up the DagBag from /opt/airflow/dags/taxi_batch_dag.py
[2025-05-20T20:48:19.209+0000] {processor.py:839} INFO - DAG(s) dict_keys(['yellow_taxi_batch_pipeline']) retrieved from /opt/airflow/dags/taxi_batch_dag.py
[2025-05-20T20:48:19.283+0000] {logging_mixin.py:151} INFO - [2025-05-20T20:48:19.283+0000] {dag.py:2915} INFO - Sync 1 DAGs
[2025-05-20T20:48:19.319+0000] {logging_mixin.py:151} INFO - [2025-05-20T20:48:19.318+0000] {dag.py:3696} INFO - Setting next_dagrun for yellow_taxi_batch_pipeline to 2025-05-20T20:23:06.009911+00:00, run_after=2025-05-21T20:23:06.009911+00:00
[2025-05-20T20:48:19.368+0000] {processor.py:179} INFO - Processing /opt/airflow/dags/taxi_batch_dag.py took 0.259 seconds
[2025-05-20T20:48:50.701+0000] {processor.py:157} INFO - Started process (PID=995) to work on /opt/airflow/dags/taxi_batch_dag.py
[2025-05-20T20:48:50.771+0000] {processor.py:829} INFO - Processing file /opt/airflow/dags/taxi_batch_dag.py for tasks to queue
[2025-05-20T20:48:50.797+0000] {logging_mixin.py:151} INFO - [2025-05-20T20:48:50.785+0000] {dagbag.py:539} INFO - Filling up the DagBag from /opt/airflow/dags/taxi_batch_dag.py
[2025-05-20T20:48:51.084+0000] {processor.py:839} INFO - DAG(s) dict_keys(['yellow_taxi_batch_pipeline']) retrieved from /opt/airflow/dags/taxi_batch_dag.py
[2025-05-20T20:48:51.498+0000] {logging_mixin.py:151} INFO - [2025-05-20T20:48:51.498+0000] {dag.py:2915} INFO - Sync 1 DAGs
[2025-05-20T20:48:51.580+0000] {logging_mixin.py:151} INFO - [2025-05-20T20:48:51.579+0000] {dag.py:3696} INFO - Setting next_dagrun for yellow_taxi_batch_pipeline to 2025-05-20T20:23:06.009911+00:00, run_after=2025-05-21T20:23:06.009911+00:00
[2025-05-20T20:48:51.637+0000] {processor.py:179} INFO - Processing /opt/airflow/dags/taxi_batch_dag.py took 1.152 seconds
[2025-05-20T20:49:23.213+0000] {processor.py:157} INFO - Started process (PID=1002) to work on /opt/airflow/dags/taxi_batch_dag.py
[2025-05-20T20:49:23.241+0000] {processor.py:829} INFO - Processing file /opt/airflow/dags/taxi_batch_dag.py for tasks to queue
[2025-05-20T20:49:23.251+0000] {logging_mixin.py:151} INFO - [2025-05-20T20:49:23.247+0000] {dagbag.py:539} INFO - Filling up the DagBag from /opt/airflow/dags/taxi_batch_dag.py
[2025-05-20T20:49:23.742+0000] {processor.py:839} INFO - DAG(s) dict_keys(['yellow_taxi_batch_pipeline']) retrieved from /opt/airflow/dags/taxi_batch_dag.py
[2025-05-20T20:49:24.676+0000] {logging_mixin.py:151} INFO - [2025-05-20T20:49:24.675+0000] {dag.py:2915} INFO - Sync 1 DAGs
[2025-05-20T20:49:24.911+0000] {logging_mixin.py:151} INFO - [2025-05-20T20:49:24.911+0000] {dag.py:3696} INFO - Setting next_dagrun for yellow_taxi_batch_pipeline to 2025-05-20T20:23:06.009911+00:00, run_after=2025-05-21T20:23:06.009911+00:00
[2025-05-20T20:49:25.033+0000] {processor.py:179} INFO - Processing /opt/airflow/dags/taxi_batch_dag.py took 2.329 seconds
[2025-05-20T20:49:55.809+0000] {processor.py:157} INFO - Started process (PID=1012) to work on /opt/airflow/dags/taxi_batch_dag.py
[2025-05-20T20:49:55.815+0000] {processor.py:829} INFO - Processing file /opt/airflow/dags/taxi_batch_dag.py for tasks to queue
[2025-05-20T20:49:55.819+0000] {logging_mixin.py:151} INFO - [2025-05-20T20:49:55.818+0000] {dagbag.py:539} INFO - Filling up the DagBag from /opt/airflow/dags/taxi_batch_dag.py
[2025-05-20T20:49:55.931+0000] {processor.py:839} INFO - DAG(s) dict_keys(['yellow_taxi_batch_pipeline']) retrieved from /opt/airflow/dags/taxi_batch_dag.py
[2025-05-20T20:49:56.321+0000] {logging_mixin.py:151} INFO - [2025-05-20T20:49:56.320+0000] {dag.py:2915} INFO - Sync 1 DAGs
[2025-05-20T20:49:56.604+0000] {logging_mixin.py:151} INFO - [2025-05-20T20:49:56.603+0000] {dag.py:3696} INFO - Setting next_dagrun for yellow_taxi_batch_pipeline to 2025-05-20T20:23:06.009911+00:00, run_after=2025-05-21T20:23:06.009911+00:00
[2025-05-20T20:49:56.709+0000] {processor.py:179} INFO - Processing /opt/airflow/dags/taxi_batch_dag.py took 0.922 seconds
[2025-05-20T20:50:27.793+0000] {processor.py:157} INFO - Started process (PID=1022) to work on /opt/airflow/dags/taxi_batch_dag.py
[2025-05-20T20:50:27.798+0000] {processor.py:829} INFO - Processing file /opt/airflow/dags/taxi_batch_dag.py for tasks to queue
[2025-05-20T20:50:27.879+0000] {logging_mixin.py:151} INFO - [2025-05-20T20:50:27.876+0000] {dagbag.py:539} INFO - Filling up the DagBag from /opt/airflow/dags/taxi_batch_dag.py
[2025-05-20T20:50:28.487+0000] {processor.py:839} INFO - DAG(s) dict_keys(['yellow_taxi_batch_pipeline']) retrieved from /opt/airflow/dags/taxi_batch_dag.py
[2025-05-20T20:50:28.683+0000] {logging_mixin.py:151} INFO - [2025-05-20T20:50:28.683+0000] {dag.py:2915} INFO - Sync 1 DAGs
[2025-05-20T20:50:28.871+0000] {logging_mixin.py:151} INFO - [2025-05-20T20:50:28.871+0000] {dag.py:3696} INFO - Setting next_dagrun for yellow_taxi_batch_pipeline to 2025-05-20T20:23:06.009911+00:00, run_after=2025-05-21T20:23:06.009911+00:00
[2025-05-20T20:50:29.010+0000] {processor.py:179} INFO - Processing /opt/airflow/dags/taxi_batch_dag.py took 1.238 seconds
[2025-05-20T20:51:00.399+0000] {processor.py:157} INFO - Started process (PID=1035) to work on /opt/airflow/dags/taxi_batch_dag.py
[2025-05-20T20:51:00.491+0000] {processor.py:829} INFO - Processing file /opt/airflow/dags/taxi_batch_dag.py for tasks to queue
[2025-05-20T20:51:00.509+0000] {logging_mixin.py:151} INFO - [2025-05-20T20:51:00.509+0000] {dagbag.py:539} INFO - Filling up the DagBag from /opt/airflow/dags/taxi_batch_dag.py
[2025-05-20T20:51:01.267+0000] {processor.py:839} INFO - DAG(s) dict_keys(['yellow_taxi_batch_pipeline']) retrieved from /opt/airflow/dags/taxi_batch_dag.py
[2025-05-20T20:51:01.574+0000] {logging_mixin.py:151} INFO - [2025-05-20T20:51:01.574+0000] {dag.py:2915} INFO - Sync 1 DAGs
[2025-05-20T20:51:01.687+0000] {logging_mixin.py:151} INFO - [2025-05-20T20:51:01.686+0000] {dag.py:3696} INFO - Setting next_dagrun for yellow_taxi_batch_pipeline to 2025-05-20T20:23:06.009911+00:00, run_after=2025-05-21T20:23:06.009911+00:00
[2025-05-20T20:51:01.815+0000] {processor.py:179} INFO - Processing /opt/airflow/dags/taxi_batch_dag.py took 1.846 seconds
[2025-05-20T20:51:32.687+0000] {processor.py:157} INFO - Started process (PID=1042) to work on /opt/airflow/dags/taxi_batch_dag.py
[2025-05-20T20:51:32.716+0000] {processor.py:829} INFO - Processing file /opt/airflow/dags/taxi_batch_dag.py for tasks to queue
[2025-05-20T20:51:32.736+0000] {logging_mixin.py:151} INFO - [2025-05-20T20:51:32.729+0000] {dagbag.py:539} INFO - Filling up the DagBag from /opt/airflow/dags/taxi_batch_dag.py
[2025-05-20T20:51:33.130+0000] {processor.py:839} INFO - DAG(s) dict_keys(['yellow_taxi_batch_pipeline']) retrieved from /opt/airflow/dags/taxi_batch_dag.py
[2025-05-20T20:51:33.534+0000] {logging_mixin.py:151} INFO - [2025-05-20T20:51:33.534+0000] {dag.py:2915} INFO - Sync 1 DAGs
[2025-05-20T20:51:33.899+0000] {logging_mixin.py:151} INFO - [2025-05-20T20:51:33.898+0000] {dag.py:3696} INFO - Setting next_dagrun for yellow_taxi_batch_pipeline to 2025-05-20T20:23:06.009911+00:00, run_after=2025-05-21T20:23:06.009911+00:00
[2025-05-20T20:51:34.047+0000] {processor.py:179} INFO - Processing /opt/airflow/dags/taxi_batch_dag.py took 1.488 seconds
[2025-05-20T20:52:07.666+0000] {processor.py:157} INFO - Started process (PID=1052) to work on /opt/airflow/dags/taxi_batch_dag.py
[2025-05-20T20:52:07.787+0000] {processor.py:829} INFO - Processing file /opt/airflow/dags/taxi_batch_dag.py for tasks to queue
[2025-05-20T20:52:07.862+0000] {logging_mixin.py:151} INFO - [2025-05-20T20:52:07.832+0000] {dagbag.py:539} INFO - Filling up the DagBag from /opt/airflow/dags/taxi_batch_dag.py
[2025-05-20T20:52:12.837+0000] {processor.py:839} INFO - DAG(s) dict_keys(['yellow_taxi_batch_pipeline']) retrieved from /opt/airflow/dags/taxi_batch_dag.py
[2025-05-20T20:52:15.493+0000] {logging_mixin.py:151} INFO - [2025-05-20T20:52:15.492+0000] {dag.py:2915} INFO - Sync 1 DAGs
[2025-05-20T20:52:17.136+0000] {logging_mixin.py:151} INFO - [2025-05-20T20:52:17.135+0000] {dag.py:3696} INFO - Setting next_dagrun for yellow_taxi_batch_pipeline to 2025-05-20T20:23:06.009911+00:00, run_after=2025-05-21T20:23:06.009911+00:00
[2025-05-20T20:52:17.424+0000] {processor.py:179} INFO - Processing /opt/airflow/dags/taxi_batch_dag.py took 11.068 seconds
[2025-05-20T20:52:48.335+0000] {processor.py:157} INFO - Started process (PID=1062) to work on /opt/airflow/dags/taxi_batch_dag.py
[2025-05-20T20:52:48.363+0000] {processor.py:829} INFO - Processing file /opt/airflow/dags/taxi_batch_dag.py for tasks to queue
[2025-05-20T20:52:48.380+0000] {logging_mixin.py:151} INFO - [2025-05-20T20:52:48.374+0000] {dagbag.py:539} INFO - Filling up the DagBag from /opt/airflow/dags/taxi_batch_dag.py
[2025-05-20T20:52:49.026+0000] {processor.py:839} INFO - DAG(s) dict_keys(['yellow_taxi_batch_pipeline']) retrieved from /opt/airflow/dags/taxi_batch_dag.py
[2025-05-20T20:52:51.814+0000] {logging_mixin.py:151} INFO - [2025-05-20T20:52:51.814+0000] {dag.py:2915} INFO - Sync 1 DAGs
[2025-05-20T20:52:52.406+0000] {logging_mixin.py:151} INFO - [2025-05-20T20:52:52.405+0000] {dag.py:3696} INFO - Setting next_dagrun for yellow_taxi_batch_pipeline to 2025-05-20T20:23:06.009911+00:00, run_after=2025-05-21T20:23:06.009911+00:00
[2025-05-20T20:52:52.697+0000] {processor.py:179} INFO - Processing /opt/airflow/dags/taxi_batch_dag.py took 4.529 seconds
[2025-05-20T20:53:24.597+0000] {processor.py:157} INFO - Started process (PID=1072) to work on /opt/airflow/dags/taxi_batch_dag.py
[2025-05-20T20:53:24.769+0000] {processor.py:829} INFO - Processing file /opt/airflow/dags/taxi_batch_dag.py for tasks to queue
[2025-05-20T20:53:24.866+0000] {logging_mixin.py:151} INFO - [2025-05-20T20:53:24.814+0000] {dagbag.py:539} INFO - Filling up the DagBag from /opt/airflow/dags/taxi_batch_dag.py
[2025-05-20T20:53:27.692+0000] {processor.py:839} INFO - DAG(s) dict_keys(['yellow_taxi_batch_pipeline']) retrieved from /opt/airflow/dags/taxi_batch_dag.py
[2025-05-20T20:53:30.074+0000] {logging_mixin.py:151} INFO - [2025-05-20T20:53:30.073+0000] {dag.py:2915} INFO - Sync 1 DAGs
[2025-05-20T20:53:32.276+0000] {logging_mixin.py:151} INFO - [2025-05-20T20:53:32.270+0000] {dag.py:3696} INFO - Setting next_dagrun for yellow_taxi_batch_pipeline to 2025-05-20T20:23:06.009911+00:00, run_after=2025-05-21T20:23:06.009911+00:00
[2025-05-20T20:53:32.569+0000] {processor.py:179} INFO - Processing /opt/airflow/dags/taxi_batch_dag.py took 8.433 seconds
[2025-05-20T20:54:03.421+0000] {processor.py:157} INFO - Started process (PID=1082) to work on /opt/airflow/dags/taxi_batch_dag.py
[2025-05-20T20:54:03.426+0000] {processor.py:829} INFO - Processing file /opt/airflow/dags/taxi_batch_dag.py for tasks to queue
[2025-05-20T20:54:03.428+0000] {logging_mixin.py:151} INFO - [2025-05-20T20:54:03.428+0000] {dagbag.py:539} INFO - Filling up the DagBag from /opt/airflow/dags/taxi_batch_dag.py
[2025-05-20T20:54:03.746+0000] {processor.py:839} INFO - DAG(s) dict_keys(['yellow_taxi_batch_pipeline']) retrieved from /opt/airflow/dags/taxi_batch_dag.py
[2025-05-20T20:54:04.759+0000] {logging_mixin.py:151} INFO - [2025-05-20T20:54:04.758+0000] {dag.py:2915} INFO - Sync 1 DAGs
[2025-05-20T20:54:05.337+0000] {logging_mixin.py:151} INFO - [2025-05-20T20:54:05.337+0000] {dag.py:3696} INFO - Setting next_dagrun for yellow_taxi_batch_pipeline to 2025-05-20T20:23:06.009911+00:00, run_after=2025-05-21T20:23:06.009911+00:00
[2025-05-20T20:54:05.536+0000] {processor.py:179} INFO - Processing /opt/airflow/dags/taxi_batch_dag.py took 2.135 seconds
[2025-05-20T20:54:38.049+0000] {processor.py:157} INFO - Started process (PID=1092) to work on /opt/airflow/dags/taxi_batch_dag.py
[2025-05-20T20:54:38.284+0000] {processor.py:829} INFO - Processing file /opt/airflow/dags/taxi_batch_dag.py for tasks to queue
[2025-05-20T20:54:38.458+0000] {logging_mixin.py:151} INFO - [2025-05-20T20:54:38.401+0000] {dagbag.py:539} INFO - Filling up the DagBag from /opt/airflow/dags/taxi_batch_dag.py
[2025-05-20T20:54:40.607+0000] {processor.py:839} INFO - DAG(s) dict_keys(['yellow_taxi_batch_pipeline']) retrieved from /opt/airflow/dags/taxi_batch_dag.py
[2025-05-20T20:54:41.339+0000] {logging_mixin.py:151} INFO - [2025-05-20T20:54:41.338+0000] {dag.py:2915} INFO - Sync 1 DAGs
[2025-05-20T20:54:41.660+0000] {logging_mixin.py:151} INFO - [2025-05-20T20:54:41.659+0000] {dag.py:3696} INFO - Setting next_dagrun for yellow_taxi_batch_pipeline to 2025-05-20T20:23:06.009911+00:00, run_after=2025-05-21T20:23:06.009911+00:00
[2025-05-20T20:54:42.349+0000] {processor.py:179} INFO - Processing /opt/airflow/dags/taxi_batch_dag.py took 4.751 seconds
[2025-05-20T20:55:15.291+0000] {processor.py:157} INFO - Started process (PID=1102) to work on /opt/airflow/dags/taxi_batch_dag.py
[2025-05-20T20:55:15.845+0000] {processor.py:829} INFO - Processing file /opt/airflow/dags/taxi_batch_dag.py for tasks to queue
[2025-05-20T20:55:15.937+0000] {logging_mixin.py:151} INFO - [2025-05-20T20:55:15.918+0000] {dagbag.py:539} INFO - Filling up the DagBag from /opt/airflow/dags/taxi_batch_dag.py
[2025-05-20T20:55:20.899+0000] {processor.py:839} INFO - DAG(s) dict_keys(['yellow_taxi_batch_pipeline']) retrieved from /opt/airflow/dags/taxi_batch_dag.py
[2025-05-20T20:55:24.023+0000] {logging_mixin.py:151} INFO - [2025-05-20T20:55:24.021+0000] {dag.py:2915} INFO - Sync 1 DAGs
[2025-05-20T20:55:25.508+0000] {logging_mixin.py:151} INFO - [2025-05-20T20:55:25.507+0000] {dag.py:3696} INFO - Setting next_dagrun for yellow_taxi_batch_pipeline to 2025-05-20T20:23:06.009911+00:00, run_after=2025-05-21T20:23:06.009911+00:00
[2025-05-20T20:55:26.529+0000] {processor.py:179} INFO - Processing /opt/airflow/dags/taxi_batch_dag.py took 11.904 seconds
[2025-05-20T20:55:58.682+0000] {processor.py:157} INFO - Started process (PID=1112) to work on /opt/airflow/dags/taxi_batch_dag.py
[2025-05-20T20:55:58.756+0000] {processor.py:829} INFO - Processing file /opt/airflow/dags/taxi_batch_dag.py for tasks to queue
[2025-05-20T20:55:58.784+0000] {logging_mixin.py:151} INFO - [2025-05-20T20:55:58.771+0000] {dagbag.py:539} INFO - Filling up the DagBag from /opt/airflow/dags/taxi_batch_dag.py
[2025-05-20T20:55:59.698+0000] {processor.py:839} INFO - DAG(s) dict_keys(['yellow_taxi_batch_pipeline']) retrieved from /opt/airflow/dags/taxi_batch_dag.py
[2025-05-20T20:56:01.888+0000] {logging_mixin.py:151} INFO - [2025-05-20T20:56:01.888+0000] {dag.py:2915} INFO - Sync 1 DAGs
[2025-05-20T20:56:03.297+0000] {logging_mixin.py:151} INFO - [2025-05-20T20:56:03.296+0000] {dag.py:3696} INFO - Setting next_dagrun for yellow_taxi_batch_pipeline to 2025-05-20T20:23:06.009911+00:00, run_after=2025-05-21T20:23:06.009911+00:00
[2025-05-20T20:56:03.733+0000] {processor.py:179} INFO - Processing /opt/airflow/dags/taxi_batch_dag.py took 5.604 seconds
[2025-05-20T20:56:34.835+0000] {processor.py:157} INFO - Started process (PID=1122) to work on /opt/airflow/dags/taxi_batch_dag.py
[2025-05-20T20:56:34.904+0000] {processor.py:829} INFO - Processing file /opt/airflow/dags/taxi_batch_dag.py for tasks to queue
[2025-05-20T20:56:34.936+0000] {logging_mixin.py:151} INFO - [2025-05-20T20:56:34.920+0000] {dagbag.py:539} INFO - Filling up the DagBag from /opt/airflow/dags/taxi_batch_dag.py
[2025-05-20T20:56:36.324+0000] {processor.py:839} INFO - DAG(s) dict_keys(['yellow_taxi_batch_pipeline']) retrieved from /opt/airflow/dags/taxi_batch_dag.py
[2025-05-20T20:56:37.976+0000] {logging_mixin.py:151} INFO - [2025-05-20T20:56:37.975+0000] {dag.py:2915} INFO - Sync 1 DAGs
[2025-05-20T20:56:39.110+0000] {logging_mixin.py:151} INFO - [2025-05-20T20:56:39.109+0000] {dag.py:3696} INFO - Setting next_dagrun for yellow_taxi_batch_pipeline to 2025-05-20T20:23:06.009911+00:00, run_after=2025-05-21T20:23:06.009911+00:00
[2025-05-20T20:56:39.307+0000] {processor.py:179} INFO - Processing /opt/airflow/dags/taxi_batch_dag.py took 4.706 seconds
[2025-05-20T20:57:10.387+0000] {processor.py:157} INFO - Started process (PID=1132) to work on /opt/airflow/dags/taxi_batch_dag.py
[2025-05-20T20:57:10.535+0000] {processor.py:829} INFO - Processing file /opt/airflow/dags/taxi_batch_dag.py for tasks to queue
[2025-05-20T20:57:10.563+0000] {logging_mixin.py:151} INFO - [2025-05-20T20:57:10.551+0000] {dagbag.py:539} INFO - Filling up the DagBag from /opt/airflow/dags/taxi_batch_dag.py
[2025-05-20T20:57:11.607+0000] {processor.py:839} INFO - DAG(s) dict_keys(['yellow_taxi_batch_pipeline']) retrieved from /opt/airflow/dags/taxi_batch_dag.py
[2025-05-20T20:57:12.706+0000] {logging_mixin.py:151} INFO - [2025-05-20T20:57:12.699+0000] {dag.py:2915} INFO - Sync 1 DAGs
[2025-05-20T20:57:13.620+0000] {logging_mixin.py:151} INFO - [2025-05-20T20:57:13.619+0000] {dag.py:3696} INFO - Setting next_dagrun for yellow_taxi_batch_pipeline to 2025-05-20T20:23:06.009911+00:00, run_after=2025-05-21T20:23:06.009911+00:00
[2025-05-20T20:57:14.409+0000] {processor.py:179} INFO - Processing /opt/airflow/dags/taxi_batch_dag.py took 4.413 seconds
[2025-05-20T20:57:48.819+0000] {processor.py:157} INFO - Started process (PID=1145) to work on /opt/airflow/dags/taxi_batch_dag.py
[2025-05-20T20:57:48.962+0000] {processor.py:829} INFO - Processing file /opt/airflow/dags/taxi_batch_dag.py for tasks to queue
[2025-05-20T20:57:48.983+0000] {logging_mixin.py:151} INFO - [2025-05-20T20:57:48.973+0000] {dagbag.py:539} INFO - Filling up the DagBag from /opt/airflow/dags/taxi_batch_dag.py
[2025-05-20T20:57:51.494+0000] {processor.py:839} INFO - DAG(s) dict_keys(['yellow_taxi_batch_pipeline']) retrieved from /opt/airflow/dags/taxi_batch_dag.py
[2025-05-20T20:57:57.362+0000] {logging_mixin.py:151} INFO - [2025-05-20T20:57:57.340+0000] {dag.py:2915} INFO - Sync 1 DAGs
[2025-05-20T20:58:04.033+0000] {logging_mixin.py:151} INFO - [2025-05-20T20:58:04.001+0000] {dag.py:3696} INFO - Setting next_dagrun for yellow_taxi_batch_pipeline to 2025-05-20T20:23:06.009911+00:00, run_after=2025-05-21T20:23:06.009911+00:00
[2025-05-20T20:58:05.027+0000] {processor.py:179} INFO - Processing /opt/airflow/dags/taxi_batch_dag.py took 16.774 seconds
[2025-05-20T20:58:41.155+0000] {processor.py:157} INFO - Started process (PID=1155) to work on /opt/airflow/dags/taxi_batch_dag.py
[2025-05-20T20:58:41.640+0000] {processor.py:829} INFO - Processing file /opt/airflow/dags/taxi_batch_dag.py for tasks to queue
[2025-05-20T20:58:41.707+0000] {logging_mixin.py:151} INFO - [2025-05-20T20:58:41.687+0000] {dagbag.py:539} INFO - Filling up the DagBag from /opt/airflow/dags/taxi_batch_dag.py
[2025-05-20T20:58:51.830+0000] {processor.py:839} INFO - DAG(s) dict_keys(['yellow_taxi_batch_pipeline']) retrieved from /opt/airflow/dags/taxi_batch_dag.py
[2025-05-20T20:58:55.350+0000] {logging_mixin.py:151} INFO - [2025-05-20T20:58:55.342+0000] {dag.py:2915} INFO - Sync 1 DAGs
[2025-05-20T20:58:57.182+0000] {logging_mixin.py:151} INFO - [2025-05-20T20:58:57.159+0000] {dag.py:3696} INFO - Setting next_dagrun for yellow_taxi_batch_pipeline to 2025-05-20T20:23:06.009911+00:00, run_after=2025-05-21T20:23:06.009911+00:00
[2025-05-20T20:58:57.646+0000] {processor.py:179} INFO - Processing /opt/airflow/dags/taxi_batch_dag.py took 17.288 seconds
[2025-05-20T20:59:39.865+0000] {processor.py:157} INFO - Started process (PID=1165) to work on /opt/airflow/dags/taxi_batch_dag.py
[2025-05-20T20:59:40.720+0000] {processor.py:829} INFO - Processing file /opt/airflow/dags/taxi_batch_dag.py for tasks to queue
[2025-05-20T20:59:42.022+0000] {logging_mixin.py:151} INFO - [2025-05-20T20:59:41.555+0000] {dagbag.py:539} INFO - Filling up the DagBag from /opt/airflow/dags/taxi_batch_dag.py
[2025-05-20T20:59:45.922+0000] {processor.py:839} INFO - DAG(s) dict_keys(['yellow_taxi_batch_pipeline']) retrieved from /opt/airflow/dags/taxi_batch_dag.py
[2025-05-20T20:59:54.387+0000] {logging_mixin.py:151} INFO - [2025-05-20T20:59:54.372+0000] {dag.py:2915} INFO - Sync 1 DAGs
[2025-05-20T20:59:55.914+0000] {logging_mixin.py:151} INFO - [2025-05-20T20:59:55.913+0000] {dag.py:3696} INFO - Setting next_dagrun for yellow_taxi_batch_pipeline to 2025-05-20T20:23:06.009911+00:00, run_after=2025-05-21T20:23:06.009911+00:00
[2025-05-20T20:59:56.121+0000] {processor.py:179} INFO - Processing /opt/airflow/dags/taxi_batch_dag.py took 18.397 seconds
[2025-05-20T21:00:30.321+0000] {processor.py:157} INFO - Started process (PID=1172) to work on /opt/airflow/dags/taxi_batch_dag.py
[2025-05-20T21:00:30.526+0000] {processor.py:829} INFO - Processing file /opt/airflow/dags/taxi_batch_dag.py for tasks to queue
[2025-05-20T21:00:30.645+0000] {logging_mixin.py:151} INFO - [2025-05-20T21:00:30.584+0000] {dagbag.py:539} INFO - Filling up the DagBag from /opt/airflow/dags/taxi_batch_dag.py
[2025-05-20T21:00:32.992+0000] {processor.py:839} INFO - DAG(s) dict_keys(['yellow_taxi_batch_pipeline']) retrieved from /opt/airflow/dags/taxi_batch_dag.py
[2025-05-20T21:00:39.829+0000] {logging_mixin.py:151} INFO - [2025-05-20T21:00:39.816+0000] {dag.py:2915} INFO - Sync 1 DAGs
[2025-05-20T21:00:40.760+0000] {logging_mixin.py:151} INFO - [2025-05-20T21:00:40.757+0000] {dag.py:3696} INFO - Setting next_dagrun for yellow_taxi_batch_pipeline to 2025-05-20T20:23:06.009911+00:00, run_after=2025-05-21T20:23:06.009911+00:00
[2025-05-20T21:00:41.088+0000] {processor.py:179} INFO - Processing /opt/airflow/dags/taxi_batch_dag.py took 11.492 seconds
[2025-05-20T21:01:13.347+0000] {processor.py:157} INFO - Started process (PID=1188) to work on /opt/airflow/dags/taxi_batch_dag.py
[2025-05-20T21:01:13.373+0000] {processor.py:829} INFO - Processing file /opt/airflow/dags/taxi_batch_dag.py for tasks to queue
[2025-05-20T21:01:13.661+0000] {logging_mixin.py:151} INFO - [2025-05-20T21:01:13.596+0000] {dagbag.py:539} INFO - Filling up the DagBag from /opt/airflow/dags/taxi_batch_dag.py
[2025-05-20T21:01:15.304+0000] {processor.py:839} INFO - DAG(s) dict_keys(['yellow_taxi_batch_pipeline']) retrieved from /opt/airflow/dags/taxi_batch_dag.py
[2025-05-20T21:01:17.834+0000] {logging_mixin.py:151} INFO - [2025-05-20T21:01:17.834+0000] {dag.py:2915} INFO - Sync 1 DAGs
[2025-05-20T21:01:18.845+0000] {logging_mixin.py:151} INFO - [2025-05-20T21:01:18.844+0000] {dag.py:3696} INFO - Setting next_dagrun for yellow_taxi_batch_pipeline to 2025-05-20T20:23:06.009911+00:00, run_after=2025-05-21T20:23:06.009911+00:00
[2025-05-20T21:01:19.147+0000] {processor.py:179} INFO - Processing /opt/airflow/dags/taxi_batch_dag.py took 6.155 seconds
[2025-05-20T21:01:52.749+0000] {processor.py:157} INFO - Started process (PID=1204) to work on /opt/airflow/dags/taxi_batch_dag.py
[2025-05-20T21:01:53.293+0000] {processor.py:829} INFO - Processing file /opt/airflow/dags/taxi_batch_dag.py for tasks to queue
[2025-05-20T21:01:53.486+0000] {logging_mixin.py:151} INFO - [2025-05-20T21:01:53.418+0000] {dagbag.py:539} INFO - Filling up the DagBag from /opt/airflow/dags/taxi_batch_dag.py
[2025-05-20T21:01:56.033+0000] {processor.py:839} INFO - DAG(s) dict_keys(['yellow_taxi_batch_pipeline']) retrieved from /opt/airflow/dags/taxi_batch_dag.py
[2025-05-20T21:01:57.084+0000] {logging_mixin.py:151} INFO - [2025-05-20T21:01:57.081+0000] {dag.py:2915} INFO - Sync 1 DAGs
[2025-05-20T21:01:58.800+0000] {logging_mixin.py:151} INFO - [2025-05-20T21:01:58.798+0000] {dag.py:3696} INFO - Setting next_dagrun for yellow_taxi_batch_pipeline to 2025-05-20T20:23:06.009911+00:00, run_after=2025-05-21T20:23:06.009911+00:00
[2025-05-20T21:02:00.969+0000] {processor.py:179} INFO - Processing /opt/airflow/dags/taxi_batch_dag.py took 8.963 seconds
[2025-05-20T21:02:32.898+0000] {processor.py:157} INFO - Started process (PID=1220) to work on /opt/airflow/dags/taxi_batch_dag.py
[2025-05-20T21:02:33.110+0000] {processor.py:829} INFO - Processing file /opt/airflow/dags/taxi_batch_dag.py for tasks to queue
[2025-05-20T21:02:33.148+0000] {logging_mixin.py:151} INFO - [2025-05-20T21:02:33.139+0000] {dagbag.py:539} INFO - Filling up the DagBag from /opt/airflow/dags/taxi_batch_dag.py
[2025-05-20T21:02:33.887+0000] {processor.py:839} INFO - DAG(s) dict_keys(['yellow_taxi_batch_pipeline']) retrieved from /opt/airflow/dags/taxi_batch_dag.py
[2025-05-20T21:02:34.684+0000] {logging_mixin.py:151} INFO - [2025-05-20T21:02:34.684+0000] {dag.py:2915} INFO - Sync 1 DAGs
[2025-05-20T21:02:35.368+0000] {logging_mixin.py:151} INFO - [2025-05-20T21:02:35.367+0000] {dag.py:3696} INFO - Setting next_dagrun for yellow_taxi_batch_pipeline to 2025-05-20T20:23:06.009911+00:00, run_after=2025-05-21T20:23:06.009911+00:00
[2025-05-20T21:02:35.581+0000] {processor.py:179} INFO - Processing /opt/airflow/dags/taxi_batch_dag.py took 2.917 seconds
[2025-05-20T21:03:08.913+0000] {processor.py:157} INFO - Started process (PID=1230) to work on /opt/airflow/dags/taxi_batch_dag.py
[2025-05-20T21:03:09.031+0000] {processor.py:829} INFO - Processing file /opt/airflow/dags/taxi_batch_dag.py for tasks to queue
[2025-05-20T21:03:09.036+0000] {logging_mixin.py:151} INFO - [2025-05-20T21:03:09.035+0000] {dagbag.py:539} INFO - Filling up the DagBag from /opt/airflow/dags/taxi_batch_dag.py
[2025-05-20T21:03:10.091+0000] {processor.py:839} INFO - DAG(s) dict_keys(['yellow_taxi_batch_pipeline']) retrieved from /opt/airflow/dags/taxi_batch_dag.py
[2025-05-20T21:03:11.985+0000] {logging_mixin.py:151} INFO - [2025-05-20T21:03:11.985+0000] {dag.py:2915} INFO - Sync 1 DAGs
[2025-05-20T21:03:13.220+0000] {logging_mixin.py:151} INFO - [2025-05-20T21:03:13.220+0000] {dag.py:3696} INFO - Setting next_dagrun for yellow_taxi_batch_pipeline to 2025-05-20T20:23:06.009911+00:00, run_after=2025-05-21T20:23:06.009911+00:00
[2025-05-20T21:03:13.301+0000] {processor.py:179} INFO - Processing /opt/airflow/dags/taxi_batch_dag.py took 5.206 seconds
[2025-05-20T21:03:44.690+0000] {processor.py:157} INFO - Started process (PID=1243) to work on /opt/airflow/dags/taxi_batch_dag.py
[2025-05-20T21:03:44.739+0000] {processor.py:829} INFO - Processing file /opt/airflow/dags/taxi_batch_dag.py for tasks to queue
[2025-05-20T21:03:44.775+0000] {logging_mixin.py:151} INFO - [2025-05-20T21:03:44.763+0000] {dagbag.py:539} INFO - Filling up the DagBag from /opt/airflow/dags/taxi_batch_dag.py
[2025-05-20T21:03:46.062+0000] {processor.py:839} INFO - DAG(s) dict_keys(['yellow_taxi_batch_pipeline']) retrieved from /opt/airflow/dags/taxi_batch_dag.py
[2025-05-20T21:03:49.329+0000] {logging_mixin.py:151} INFO - [2025-05-20T21:03:49.329+0000] {dag.py:2915} INFO - Sync 1 DAGs
[2025-05-20T21:03:49.467+0000] {logging_mixin.py:151} INFO - [2025-05-20T21:03:49.466+0000] {dag.py:3696} INFO - Setting next_dagrun for yellow_taxi_batch_pipeline to 2025-05-20T20:23:06.009911+00:00, run_after=2025-05-21T20:23:06.009911+00:00
[2025-05-20T21:03:49.557+0000] {processor.py:179} INFO - Processing /opt/airflow/dags/taxi_batch_dag.py took 5.178 seconds
[2025-05-20T21:04:20.046+0000] {processor.py:157} INFO - Started process (PID=1250) to work on /opt/airflow/dags/taxi_batch_dag.py
[2025-05-20T21:04:20.081+0000] {processor.py:829} INFO - Processing file /opt/airflow/dags/taxi_batch_dag.py for tasks to queue
[2025-05-20T21:04:20.097+0000] {logging_mixin.py:151} INFO - [2025-05-20T21:04:20.092+0000] {dagbag.py:539} INFO - Filling up the DagBag from /opt/airflow/dags/taxi_batch_dag.py
[2025-05-20T21:04:20.502+0000] {processor.py:839} INFO - DAG(s) dict_keys(['yellow_taxi_batch_pipeline']) retrieved from /opt/airflow/dags/taxi_batch_dag.py
[2025-05-20T21:04:21.444+0000] {logging_mixin.py:151} INFO - [2025-05-20T21:04:21.444+0000] {dag.py:2915} INFO - Sync 1 DAGs
[2025-05-20T21:04:22.016+0000] {logging_mixin.py:151} INFO - [2025-05-20T21:04:22.015+0000] {dag.py:3696} INFO - Setting next_dagrun for yellow_taxi_batch_pipeline to 2025-05-20T20:23:06.009911+00:00, run_after=2025-05-21T20:23:06.009911+00:00
[2025-05-20T21:04:22.102+0000] {processor.py:179} INFO - Processing /opt/airflow/dags/taxi_batch_dag.py took 2.115 seconds
