[2025-05-20T20:18:03.989+0000] {processor.py:157} INFO - Started process (PID=170) to work on /opt/airflow/dags/weather_streaming_dag.py
[2025-05-20T20:18:03.994+0000] {processor.py:829} INFO - Processing file /opt/airflow/dags/weather_streaming_dag.py for tasks to queue
[2025-05-20T20:18:03.998+0000] {logging_mixin.py:151} INFO - [2025-05-20T20:18:03.997+0000] {dagbag.py:539} INFO - Filling up the DagBag from /opt/airflow/dags/weather_streaming_dag.py
[2025-05-20T20:18:04.175+0000] {processor.py:839} INFO - DAG(s) dict_keys(['weather_streaming_pipeline']) retrieved from /opt/airflow/dags/weather_streaming_dag.py
[2025-05-20T20:18:05.549+0000] {logging_mixin.py:151} INFO - [2025-05-20T20:18:05.549+0000] {security.py:708} INFO - Not syncing DAG-level permissions for DAG 'DAG:weather_streaming_pipeline' as access control is unset.
[2025-05-20T20:18:05.551+0000] {logging_mixin.py:151} INFO - [2025-05-20T20:18:05.550+0000] {dag.py:2915} INFO - Sync 1 DAGs
[2025-05-20T20:18:05.603+0000] {logging_mixin.py:151} INFO - [2025-05-20T20:18:05.602+0000] {dag.py:3696} INFO - Setting next_dagrun for weather_streaming_pipeline to 2025-05-20T19:18:05.602265+00:00, run_after=2025-05-20T20:18:05.602265+00:00
[2025-05-20T20:18:05.638+0000] {processor.py:179} INFO - Processing /opt/airflow/dags/weather_streaming_dag.py took 1.711 seconds
[2025-05-20T20:18:36.015+0000] {processor.py:157} INFO - Started process (PID=182) to work on /opt/airflow/dags/weather_streaming_dag.py
[2025-05-20T20:18:36.017+0000] {processor.py:829} INFO - Processing file /opt/airflow/dags/weather_streaming_dag.py for tasks to queue
[2025-05-20T20:18:36.020+0000] {logging_mixin.py:151} INFO - [2025-05-20T20:18:36.019+0000] {dagbag.py:539} INFO - Filling up the DagBag from /opt/airflow/dags/weather_streaming_dag.py
[2025-05-20T20:18:36.095+0000] {processor.py:839} INFO - DAG(s) dict_keys(['weather_streaming_pipeline']) retrieved from /opt/airflow/dags/weather_streaming_dag.py
[2025-05-20T20:18:36.208+0000] {logging_mixin.py:151} INFO - [2025-05-20T20:18:36.208+0000] {dag.py:2915} INFO - Sync 1 DAGs
[2025-05-20T20:18:36.307+0000] {logging_mixin.py:151} INFO - [2025-05-20T20:18:36.307+0000] {dag.py:3696} INFO - Setting next_dagrun for weather_streaming_pipeline to 2025-05-20T20:18:05.602265+00:00, run_after=2025-05-20T21:18:05.602265+00:00
[2025-05-20T20:18:36.354+0000] {processor.py:179} INFO - Processing /opt/airflow/dags/weather_streaming_dag.py took 0.351 seconds
[2025-05-20T20:19:06.756+0000] {processor.py:157} INFO - Started process (PID=193) to work on /opt/airflow/dags/weather_streaming_dag.py
[2025-05-20T20:19:06.757+0000] {processor.py:829} INFO - Processing file /opt/airflow/dags/weather_streaming_dag.py for tasks to queue
[2025-05-20T20:19:06.762+0000] {logging_mixin.py:151} INFO - [2025-05-20T20:19:06.758+0000] {dagbag.py:539} INFO - Filling up the DagBag from /opt/airflow/dags/weather_streaming_dag.py
[2025-05-20T20:19:06.820+0000] {processor.py:839} INFO - DAG(s) dict_keys(['weather_streaming_pipeline']) retrieved from /opt/airflow/dags/weather_streaming_dag.py
[2025-05-20T20:19:06.962+0000] {logging_mixin.py:151} INFO - [2025-05-20T20:19:06.961+0000] {dag.py:2915} INFO - Sync 1 DAGs
[2025-05-20T20:19:07.045+0000] {logging_mixin.py:151} INFO - [2025-05-20T20:19:07.045+0000] {dag.py:3696} INFO - Setting next_dagrun for weather_streaming_pipeline to 2025-05-20T20:18:05.602265+00:00, run_after=2025-05-20T21:18:05.602265+00:00
[2025-05-20T20:19:08.023+0000] {processor.py:179} INFO - Processing /opt/airflow/dags/weather_streaming_dag.py took 1.295 seconds
[2025-05-20T20:19:38.313+0000] {processor.py:157} INFO - Started process (PID=203) to work on /opt/airflow/dags/weather_streaming_dag.py
[2025-05-20T20:19:38.313+0000] {processor.py:829} INFO - Processing file /opt/airflow/dags/weather_streaming_dag.py for tasks to queue
[2025-05-20T20:19:38.314+0000] {logging_mixin.py:151} INFO - [2025-05-20T20:19:38.314+0000] {dagbag.py:539} INFO - Filling up the DagBag from /opt/airflow/dags/weather_streaming_dag.py
[2025-05-20T20:19:38.337+0000] {processor.py:839} INFO - DAG(s) dict_keys(['weather_streaming_pipeline']) retrieved from /opt/airflow/dags/weather_streaming_dag.py
[2025-05-20T20:19:38.366+0000] {logging_mixin.py:151} INFO - [2025-05-20T20:19:38.366+0000] {dag.py:2915} INFO - Sync 1 DAGs
[2025-05-20T20:19:38.535+0000] {logging_mixin.py:151} INFO - [2025-05-20T20:19:38.535+0000] {dag.py:3696} INFO - Setting next_dagrun for weather_streaming_pipeline to 2025-05-20T20:18:05.602265+00:00, run_after=2025-05-20T21:18:05.602265+00:00
[2025-05-20T20:19:38.554+0000] {processor.py:179} INFO - Processing /opt/airflow/dags/weather_streaming_dag.py took 0.247 seconds
[2025-05-20T20:20:08.844+0000] {processor.py:157} INFO - Started process (PID=213) to work on /opt/airflow/dags/weather_streaming_dag.py
[2025-05-20T20:20:08.845+0000] {processor.py:829} INFO - Processing file /opt/airflow/dags/weather_streaming_dag.py for tasks to queue
[2025-05-20T20:20:08.847+0000] {logging_mixin.py:151} INFO - [2025-05-20T20:20:08.846+0000] {dagbag.py:539} INFO - Filling up the DagBag from /opt/airflow/dags/weather_streaming_dag.py
[2025-05-20T20:20:08.883+0000] {processor.py:839} INFO - DAG(s) dict_keys(['weather_streaming_pipeline']) retrieved from /opt/airflow/dags/weather_streaming_dag.py
[2025-05-20T20:20:09.519+0000] {logging_mixin.py:151} INFO - [2025-05-20T20:20:09.518+0000] {security.py:708} INFO - Not syncing DAG-level permissions for DAG 'DAG:weather_streaming_pipeline' as access control is unset.
[2025-05-20T20:20:09.519+0000] {logging_mixin.py:151} INFO - [2025-05-20T20:20:09.519+0000] {dag.py:2915} INFO - Sync 1 DAGs
[2025-05-20T20:20:09.535+0000] {logging_mixin.py:151} INFO - [2025-05-20T20:20:09.534+0000] {dag.py:2937} INFO - Creating ORM DAG for weather_streaming_pipeline
[2025-05-20T20:20:09.565+0000] {logging_mixin.py:151} INFO - [2025-05-20T20:20:09.564+0000] {dag.py:3696} INFO - Setting next_dagrun for weather_streaming_pipeline to 2025-05-20T19:20:09.564132+00:00, run_after=2025-05-20T20:20:09.564132+00:00
[2025-05-20T20:20:09.612+0000] {processor.py:179} INFO - Processing /opt/airflow/dags/weather_streaming_dag.py took 0.772 seconds
[2025-05-20T20:21:08.948+0000] {processor.py:157} INFO - Started process (PID=170) to work on /opt/airflow/dags/weather_streaming_dag.py
[2025-05-20T20:21:08.950+0000] {processor.py:829} INFO - Processing file /opt/airflow/dags/weather_streaming_dag.py for tasks to queue
[2025-05-20T20:21:08.951+0000] {logging_mixin.py:151} INFO - [2025-05-20T20:21:08.951+0000] {dagbag.py:539} INFO - Filling up the DagBag from /opt/airflow/dags/weather_streaming_dag.py
[2025-05-20T20:21:08.995+0000] {processor.py:839} INFO - DAG(s) dict_keys(['weather_streaming_pipeline']) retrieved from /opt/airflow/dags/weather_streaming_dag.py
[2025-05-20T20:21:09.052+0000] {logging_mixin.py:151} INFO - [2025-05-20T20:21:09.052+0000] {dag.py:2915} INFO - Sync 1 DAGs
[2025-05-20T20:21:09.074+0000] {logging_mixin.py:151} INFO - [2025-05-20T20:21:09.073+0000] {dag.py:3696} INFO - Setting next_dagrun for weather_streaming_pipeline to 2025-05-20T19:21:09.073670+00:00, run_after=2025-05-20T20:21:09.073670+00:00
[2025-05-20T20:21:09.096+0000] {processor.py:179} INFO - Processing /opt/airflow/dags/weather_streaming_dag.py took 0.152 seconds
[2025-05-20T20:21:39.282+0000] {processor.py:157} INFO - Started process (PID=180) to work on /opt/airflow/dags/weather_streaming_dag.py
[2025-05-20T20:21:39.283+0000] {processor.py:829} INFO - Processing file /opt/airflow/dags/weather_streaming_dag.py for tasks to queue
[2025-05-20T20:21:39.284+0000] {logging_mixin.py:151} INFO - [2025-05-20T20:21:39.284+0000] {dagbag.py:539} INFO - Filling up the DagBag from /opt/airflow/dags/weather_streaming_dag.py
[2025-05-20T20:21:39.304+0000] {processor.py:839} INFO - DAG(s) dict_keys(['weather_streaming_pipeline']) retrieved from /opt/airflow/dags/weather_streaming_dag.py
[2025-05-20T20:21:39.333+0000] {logging_mixin.py:151} INFO - [2025-05-20T20:21:39.333+0000] {dag.py:2915} INFO - Sync 1 DAGs
[2025-05-20T20:21:39.354+0000] {logging_mixin.py:151} INFO - [2025-05-20T20:21:39.354+0000] {dag.py:3696} INFO - Setting next_dagrun for weather_streaming_pipeline to 2025-05-20T19:21:39.354213+00:00, run_after=2025-05-20T20:21:39.354213+00:00
[2025-05-20T20:21:39.377+0000] {processor.py:179} INFO - Processing /opt/airflow/dags/weather_streaming_dag.py took 0.098 seconds
[2025-05-20T20:23:05.850+0000] {processor.py:157} INFO - Started process (PID=170) to work on /opt/airflow/dags/weather_streaming_dag.py
[2025-05-20T20:23:05.852+0000] {processor.py:829} INFO - Processing file /opt/airflow/dags/weather_streaming_dag.py for tasks to queue
[2025-05-20T20:23:05.853+0000] {logging_mixin.py:151} INFO - [2025-05-20T20:23:05.852+0000] {dagbag.py:539} INFO - Filling up the DagBag from /opt/airflow/dags/weather_streaming_dag.py
[2025-05-20T20:23:05.908+0000] {processor.py:839} INFO - DAG(s) dict_keys(['weather_streaming_pipeline']) retrieved from /opt/airflow/dags/weather_streaming_dag.py
[2025-05-20T20:23:05.983+0000] {logging_mixin.py:151} INFO - [2025-05-20T20:23:05.983+0000] {dag.py:2915} INFO - Sync 1 DAGs
[2025-05-20T20:23:06.010+0000] {logging_mixin.py:151} INFO - [2025-05-20T20:23:06.009+0000] {dag.py:3696} INFO - Setting next_dagrun for weather_streaming_pipeline to 2025-05-20T19:23:06.009542+00:00, run_after=2025-05-20T20:23:06.009542+00:00
[2025-05-20T20:23:06.035+0000] {processor.py:179} INFO - Processing /opt/airflow/dags/weather_streaming_dag.py took 0.189 seconds
[2025-05-20T20:23:36.173+0000] {processor.py:157} INFO - Started process (PID=186) to work on /opt/airflow/dags/weather_streaming_dag.py
[2025-05-20T20:23:36.174+0000] {processor.py:829} INFO - Processing file /opt/airflow/dags/weather_streaming_dag.py for tasks to queue
[2025-05-20T20:23:36.175+0000] {logging_mixin.py:151} INFO - [2025-05-20T20:23:36.175+0000] {dagbag.py:539} INFO - Filling up the DagBag from /opt/airflow/dags/weather_streaming_dag.py
[2025-05-20T20:23:36.209+0000] {processor.py:839} INFO - DAG(s) dict_keys(['weather_streaming_pipeline']) retrieved from /opt/airflow/dags/weather_streaming_dag.py
[2025-05-20T20:23:36.251+0000] {logging_mixin.py:151} INFO - [2025-05-20T20:23:36.251+0000] {dag.py:2915} INFO - Sync 1 DAGs
[2025-05-20T20:23:36.286+0000] {logging_mixin.py:151} INFO - [2025-05-20T20:23:36.286+0000] {dag.py:3696} INFO - Setting next_dagrun for weather_streaming_pipeline to 2025-05-20T20:23:06.009542+00:00, run_after=2025-05-20T21:23:06.009542+00:00
[2025-05-20T20:23:36.321+0000] {processor.py:179} INFO - Processing /opt/airflow/dags/weather_streaming_dag.py took 0.153 seconds
[2025-05-20T20:24:06.490+0000] {processor.py:157} INFO - Started process (PID=196) to work on /opt/airflow/dags/weather_streaming_dag.py
[2025-05-20T20:24:06.492+0000] {processor.py:829} INFO - Processing file /opt/airflow/dags/weather_streaming_dag.py for tasks to queue
[2025-05-20T20:24:06.493+0000] {logging_mixin.py:151} INFO - [2025-05-20T20:24:06.492+0000] {dagbag.py:539} INFO - Filling up the DagBag from /opt/airflow/dags/weather_streaming_dag.py
[2025-05-20T20:24:06.536+0000] {processor.py:839} INFO - DAG(s) dict_keys(['weather_streaming_pipeline']) retrieved from /opt/airflow/dags/weather_streaming_dag.py
[2025-05-20T20:24:06.588+0000] {logging_mixin.py:151} INFO - [2025-05-20T20:24:06.588+0000] {dag.py:2915} INFO - Sync 1 DAGs
[2025-05-20T20:24:06.629+0000] {logging_mixin.py:151} INFO - [2025-05-20T20:24:06.629+0000] {dag.py:3696} INFO - Setting next_dagrun for weather_streaming_pipeline to 2025-05-20T20:23:06.009542+00:00, run_after=2025-05-20T21:23:06.009542+00:00
[2025-05-20T20:24:06.844+0000] {processor.py:179} INFO - Processing /opt/airflow/dags/weather_streaming_dag.py took 0.361 seconds
[2025-05-20T20:24:37.130+0000] {processor.py:157} INFO - Started process (PID=206) to work on /opt/airflow/dags/weather_streaming_dag.py
[2025-05-20T20:24:37.131+0000] {processor.py:829} INFO - Processing file /opt/airflow/dags/weather_streaming_dag.py for tasks to queue
[2025-05-20T20:24:37.132+0000] {logging_mixin.py:151} INFO - [2025-05-20T20:24:37.132+0000] {dagbag.py:539} INFO - Filling up the DagBag from /opt/airflow/dags/weather_streaming_dag.py
[2025-05-20T20:24:37.156+0000] {processor.py:839} INFO - DAG(s) dict_keys(['weather_streaming_pipeline']) retrieved from /opt/airflow/dags/weather_streaming_dag.py
[2025-05-20T20:24:37.188+0000] {logging_mixin.py:151} INFO - [2025-05-20T20:24:37.188+0000] {dag.py:2915} INFO - Sync 1 DAGs
[2025-05-20T20:24:37.352+0000] {logging_mixin.py:151} INFO - [2025-05-20T20:24:37.352+0000] {dag.py:3696} INFO - Setting next_dagrun for weather_streaming_pipeline to 2025-05-20T20:23:06.009542+00:00, run_after=2025-05-20T21:23:06.009542+00:00
[2025-05-20T20:24:37.375+0000] {processor.py:179} INFO - Processing /opt/airflow/dags/weather_streaming_dag.py took 0.249 seconds
[2025-05-20T20:25:07.696+0000] {processor.py:157} INFO - Started process (PID=216) to work on /opt/airflow/dags/weather_streaming_dag.py
[2025-05-20T20:25:07.697+0000] {processor.py:829} INFO - Processing file /opt/airflow/dags/weather_streaming_dag.py for tasks to queue
[2025-05-20T20:25:07.698+0000] {logging_mixin.py:151} INFO - [2025-05-20T20:25:07.698+0000] {dagbag.py:539} INFO - Filling up the DagBag from /opt/airflow/dags/weather_streaming_dag.py
[2025-05-20T20:25:07.724+0000] {processor.py:839} INFO - DAG(s) dict_keys(['weather_streaming_pipeline']) retrieved from /opt/airflow/dags/weather_streaming_dag.py
[2025-05-20T20:25:07.753+0000] {logging_mixin.py:151} INFO - [2025-05-20T20:25:07.753+0000] {dag.py:2915} INFO - Sync 1 DAGs
[2025-05-20T20:25:07.897+0000] {logging_mixin.py:151} INFO - [2025-05-20T20:25:07.897+0000] {dag.py:3696} INFO - Setting next_dagrun for weather_streaming_pipeline to 2025-05-20T20:23:06.009542+00:00, run_after=2025-05-20T21:23:06.009542+00:00
[2025-05-20T20:25:07.916+0000] {processor.py:179} INFO - Processing /opt/airflow/dags/weather_streaming_dag.py took 0.224 seconds
[2025-05-20T20:25:38.222+0000] {processor.py:157} INFO - Started process (PID=226) to work on /opt/airflow/dags/weather_streaming_dag.py
[2025-05-20T20:25:38.223+0000] {processor.py:829} INFO - Processing file /opt/airflow/dags/weather_streaming_dag.py for tasks to queue
[2025-05-20T20:25:38.224+0000] {logging_mixin.py:151} INFO - [2025-05-20T20:25:38.224+0000] {dagbag.py:539} INFO - Filling up the DagBag from /opt/airflow/dags/weather_streaming_dag.py
[2025-05-20T20:25:38.244+0000] {processor.py:839} INFO - DAG(s) dict_keys(['weather_streaming_pipeline']) retrieved from /opt/airflow/dags/weather_streaming_dag.py
[2025-05-20T20:25:38.419+0000] {logging_mixin.py:151} INFO - [2025-05-20T20:25:38.419+0000] {dag.py:2915} INFO - Sync 1 DAGs
[2025-05-20T20:25:38.443+0000] {logging_mixin.py:151} INFO - [2025-05-20T20:25:38.443+0000] {dag.py:3696} INFO - Setting next_dagrun for weather_streaming_pipeline to 2025-05-20T20:23:06.009542+00:00, run_after=2025-05-20T21:23:06.009542+00:00
[2025-05-20T20:25:38.471+0000] {processor.py:179} INFO - Processing /opt/airflow/dags/weather_streaming_dag.py took 0.252 seconds
[2025-05-20T20:26:35.150+0000] {processor.py:157} INFO - Started process (PID=178) to work on /opt/airflow/dags/weather_streaming_dag.py
[2025-05-20T20:26:35.151+0000] {processor.py:829} INFO - Processing file /opt/airflow/dags/weather_streaming_dag.py for tasks to queue
[2025-05-20T20:26:35.152+0000] {logging_mixin.py:151} INFO - [2025-05-20T20:26:35.152+0000] {dagbag.py:539} INFO - Filling up the DagBag from /opt/airflow/dags/weather_streaming_dag.py
[2025-05-20T20:26:35.188+0000] {processor.py:839} INFO - DAG(s) dict_keys(['weather_streaming_pipeline']) retrieved from /opt/airflow/dags/weather_streaming_dag.py
[2025-05-20T20:26:35.253+0000] {logging_mixin.py:151} INFO - [2025-05-20T20:26:35.253+0000] {dag.py:2915} INFO - Sync 1 DAGs
[2025-05-20T20:26:35.279+0000] {logging_mixin.py:151} INFO - [2025-05-20T20:26:35.279+0000] {dag.py:3696} INFO - Setting next_dagrun for weather_streaming_pipeline to 2025-05-20T20:23:06.009542+00:00, run_after=2025-05-20T21:23:06.009542+00:00
[2025-05-20T20:26:35.302+0000] {processor.py:179} INFO - Processing /opt/airflow/dags/weather_streaming_dag.py took 0.156 seconds
[2025-05-20T20:27:05.428+0000] {processor.py:157} INFO - Started process (PID=188) to work on /opt/airflow/dags/weather_streaming_dag.py
[2025-05-20T20:27:05.429+0000] {processor.py:829} INFO - Processing file /opt/airflow/dags/weather_streaming_dag.py for tasks to queue
[2025-05-20T20:27:05.430+0000] {logging_mixin.py:151} INFO - [2025-05-20T20:27:05.430+0000] {dagbag.py:539} INFO - Filling up the DagBag from /opt/airflow/dags/weather_streaming_dag.py
[2025-05-20T20:27:05.461+0000] {processor.py:839} INFO - DAG(s) dict_keys(['weather_streaming_pipeline']) retrieved from /opt/airflow/dags/weather_streaming_dag.py
[2025-05-20T20:27:05.505+0000] {logging_mixin.py:151} INFO - [2025-05-20T20:27:05.505+0000] {dag.py:2915} INFO - Sync 1 DAGs
[2025-05-20T20:27:05.533+0000] {logging_mixin.py:151} INFO - [2025-05-20T20:27:05.533+0000] {dag.py:3696} INFO - Setting next_dagrun for weather_streaming_pipeline to 2025-05-20T20:23:06.009542+00:00, run_after=2025-05-20T21:23:06.009542+00:00
[2025-05-20T20:27:05.563+0000] {processor.py:179} INFO - Processing /opt/airflow/dags/weather_streaming_dag.py took 0.139 seconds
[2025-05-20T20:27:35.870+0000] {processor.py:157} INFO - Started process (PID=210) to work on /opt/airflow/dags/weather_streaming_dag.py
[2025-05-20T20:27:35.872+0000] {processor.py:829} INFO - Processing file /opt/airflow/dags/weather_streaming_dag.py for tasks to queue
[2025-05-20T20:27:35.875+0000] {logging_mixin.py:151} INFO - [2025-05-20T20:27:35.874+0000] {dagbag.py:539} INFO - Filling up the DagBag from /opt/airflow/dags/weather_streaming_dag.py
[2025-05-20T20:27:36.003+0000] {processor.py:839} INFO - DAG(s) dict_keys(['weather_streaming_pipeline']) retrieved from /opt/airflow/dags/weather_streaming_dag.py
[2025-05-20T20:27:36.151+0000] {logging_mixin.py:151} INFO - [2025-05-20T20:27:36.151+0000] {dag.py:2915} INFO - Sync 1 DAGs
[2025-05-20T20:27:36.526+0000] {logging_mixin.py:151} INFO - [2025-05-20T20:27:36.524+0000] {dag.py:3696} INFO - Setting next_dagrun for weather_streaming_pipeline to 2025-05-20T20:23:06.009542+00:00, run_after=2025-05-20T21:23:06.009542+00:00
[2025-05-20T20:27:37.322+0000] {processor.py:179} INFO - Processing /opt/airflow/dags/weather_streaming_dag.py took 1.473 seconds
[2025-05-20T20:28:07.790+0000] {processor.py:157} INFO - Started process (PID=250) to work on /opt/airflow/dags/weather_streaming_dag.py
[2025-05-20T20:28:07.804+0000] {processor.py:829} INFO - Processing file /opt/airflow/dags/weather_streaming_dag.py for tasks to queue
[2025-05-20T20:28:07.832+0000] {logging_mixin.py:151} INFO - [2025-05-20T20:28:07.814+0000] {dagbag.py:539} INFO - Filling up the DagBag from /opt/airflow/dags/weather_streaming_dag.py
[2025-05-20T20:28:07.963+0000] {processor.py:839} INFO - DAG(s) dict_keys(['weather_streaming_pipeline']) retrieved from /opt/airflow/dags/weather_streaming_dag.py
[2025-05-20T20:28:08.186+0000] {logging_mixin.py:151} INFO - [2025-05-20T20:28:08.185+0000] {dag.py:2915} INFO - Sync 1 DAGs
[2025-05-20T20:28:09.156+0000] {logging_mixin.py:151} INFO - [2025-05-20T20:28:09.156+0000] {dag.py:3696} INFO - Setting next_dagrun for weather_streaming_pipeline to 2025-05-20T19:28:09.155513+00:00, run_after=2025-05-20T20:28:09.155513+00:00
[2025-05-20T20:28:09.222+0000] {processor.py:179} INFO - Processing /opt/airflow/dags/weather_streaming_dag.py took 1.441 seconds
[2025-05-20T20:28:39.792+0000] {processor.py:157} INFO - Started process (PID=361) to work on /opt/airflow/dags/weather_streaming_dag.py
[2025-05-20T20:28:39.794+0000] {processor.py:829} INFO - Processing file /opt/airflow/dags/weather_streaming_dag.py for tasks to queue
[2025-05-20T20:28:39.796+0000] {logging_mixin.py:151} INFO - [2025-05-20T20:28:39.795+0000] {dagbag.py:539} INFO - Filling up the DagBag from /opt/airflow/dags/weather_streaming_dag.py
[2025-05-20T20:28:39.868+0000] {processor.py:839} INFO - DAG(s) dict_keys(['weather_streaming_pipeline']) retrieved from /opt/airflow/dags/weather_streaming_dag.py
[2025-05-20T20:28:42.192+0000] {logging_mixin.py:151} INFO - [2025-05-20T20:28:42.192+0000] {dag.py:2915} INFO - Sync 1 DAGs
[2025-05-20T20:28:42.327+0000] {logging_mixin.py:151} INFO - [2025-05-20T20:28:42.327+0000] {dag.py:3696} INFO - Setting next_dagrun for weather_streaming_pipeline to 2025-05-20T20:28:09.155513+00:00, run_after=2025-05-20T21:28:09.155513+00:00
[2025-05-20T20:28:42.438+0000] {processor.py:179} INFO - Processing /opt/airflow/dags/weather_streaming_dag.py took 2.650 seconds
[2025-05-20T20:29:12.788+0000] {processor.py:157} INFO - Started process (PID=392) to work on /opt/airflow/dags/weather_streaming_dag.py
[2025-05-20T20:29:12.790+0000] {processor.py:829} INFO - Processing file /opt/airflow/dags/weather_streaming_dag.py for tasks to queue
[2025-05-20T20:29:12.792+0000] {logging_mixin.py:151} INFO - [2025-05-20T20:29:12.792+0000] {dagbag.py:539} INFO - Filling up the DagBag from /opt/airflow/dags/weather_streaming_dag.py
[2025-05-20T20:29:12.831+0000] {processor.py:839} INFO - DAG(s) dict_keys(['weather_streaming_pipeline']) retrieved from /opt/airflow/dags/weather_streaming_dag.py
[2025-05-20T20:29:13.018+0000] {logging_mixin.py:151} INFO - [2025-05-20T20:29:13.018+0000] {dag.py:2915} INFO - Sync 1 DAGs
[2025-05-20T20:29:13.043+0000] {logging_mixin.py:151} INFO - [2025-05-20T20:29:13.043+0000] {dag.py:3696} INFO - Setting next_dagrun for weather_streaming_pipeline to 2025-05-20T20:28:09.155513+00:00, run_after=2025-05-20T21:28:09.155513+00:00
[2025-05-20T20:29:13.066+0000] {processor.py:179} INFO - Processing /opt/airflow/dags/weather_streaming_dag.py took 0.285 seconds
[2025-05-20T20:29:43.330+0000] {processor.py:157} INFO - Started process (PID=402) to work on /opt/airflow/dags/weather_streaming_dag.py
[2025-05-20T20:29:43.331+0000] {processor.py:829} INFO - Processing file /opt/airflow/dags/weather_streaming_dag.py for tasks to queue
[2025-05-20T20:29:43.332+0000] {logging_mixin.py:151} INFO - [2025-05-20T20:29:43.331+0000] {dagbag.py:539} INFO - Filling up the DagBag from /opt/airflow/dags/weather_streaming_dag.py
[2025-05-20T20:29:43.471+0000] {processor.py:839} INFO - DAG(s) dict_keys(['weather_streaming_pipeline']) retrieved from /opt/airflow/dags/weather_streaming_dag.py
[2025-05-20T20:29:43.500+0000] {logging_mixin.py:151} INFO - [2025-05-20T20:29:43.500+0000] {dag.py:2915} INFO - Sync 1 DAGs
[2025-05-20T20:29:43.525+0000] {logging_mixin.py:151} INFO - [2025-05-20T20:29:43.524+0000] {dag.py:3696} INFO - Setting next_dagrun for weather_streaming_pipeline to 2025-05-20T20:28:09.155513+00:00, run_after=2025-05-20T21:28:09.155513+00:00
[2025-05-20T20:29:43.562+0000] {processor.py:179} INFO - Processing /opt/airflow/dags/weather_streaming_dag.py took 0.235 seconds
[2025-05-20T20:30:13.927+0000] {processor.py:157} INFO - Started process (PID=412) to work on /opt/airflow/dags/weather_streaming_dag.py
[2025-05-20T20:30:13.928+0000] {processor.py:829} INFO - Processing file /opt/airflow/dags/weather_streaming_dag.py for tasks to queue
[2025-05-20T20:30:13.929+0000] {logging_mixin.py:151} INFO - [2025-05-20T20:30:13.929+0000] {dagbag.py:539} INFO - Filling up the DagBag from /opt/airflow/dags/weather_streaming_dag.py
[2025-05-20T20:30:13.950+0000] {processor.py:839} INFO - DAG(s) dict_keys(['weather_streaming_pipeline']) retrieved from /opt/airflow/dags/weather_streaming_dag.py
[2025-05-20T20:30:13.978+0000] {logging_mixin.py:151} INFO - [2025-05-20T20:30:13.978+0000] {dag.py:2915} INFO - Sync 1 DAGs
[2025-05-20T20:30:14.010+0000] {logging_mixin.py:151} INFO - [2025-05-20T20:30:14.010+0000] {dag.py:3696} INFO - Setting next_dagrun for weather_streaming_pipeline to 2025-05-20T20:28:09.155513+00:00, run_after=2025-05-20T21:28:09.155513+00:00
[2025-05-20T20:30:14.036+0000] {processor.py:179} INFO - Processing /opt/airflow/dags/weather_streaming_dag.py took 0.113 seconds
[2025-05-20T20:30:44.215+0000] {processor.py:157} INFO - Started process (PID=422) to work on /opt/airflow/dags/weather_streaming_dag.py
[2025-05-20T20:30:44.216+0000] {processor.py:829} INFO - Processing file /opt/airflow/dags/weather_streaming_dag.py for tasks to queue
[2025-05-20T20:30:44.218+0000] {logging_mixin.py:151} INFO - [2025-05-20T20:30:44.217+0000] {dagbag.py:539} INFO - Filling up the DagBag from /opt/airflow/dags/weather_streaming_dag.py
[2025-05-20T20:30:44.243+0000] {processor.py:839} INFO - DAG(s) dict_keys(['weather_streaming_pipeline']) retrieved from /opt/airflow/dags/weather_streaming_dag.py
[2025-05-20T20:30:44.276+0000] {logging_mixin.py:151} INFO - [2025-05-20T20:30:44.276+0000] {dag.py:2915} INFO - Sync 1 DAGs
[2025-05-20T20:30:44.303+0000] {logging_mixin.py:151} INFO - [2025-05-20T20:30:44.303+0000] {dag.py:3696} INFO - Setting next_dagrun for weather_streaming_pipeline to 2025-05-20T20:28:09.155513+00:00, run_after=2025-05-20T21:28:09.155513+00:00
[2025-05-20T20:30:44.326+0000] {processor.py:179} INFO - Processing /opt/airflow/dags/weather_streaming_dag.py took 0.115 seconds
[2025-05-20T20:31:14.535+0000] {processor.py:157} INFO - Started process (PID=432) to work on /opt/airflow/dags/weather_streaming_dag.py
[2025-05-20T20:31:14.536+0000] {processor.py:829} INFO - Processing file /opt/airflow/dags/weather_streaming_dag.py for tasks to queue
[2025-05-20T20:31:14.537+0000] {logging_mixin.py:151} INFO - [2025-05-20T20:31:14.537+0000] {dagbag.py:539} INFO - Filling up the DagBag from /opt/airflow/dags/weather_streaming_dag.py
[2025-05-20T20:31:14.558+0000] {processor.py:839} INFO - DAG(s) dict_keys(['weather_streaming_pipeline']) retrieved from /opt/airflow/dags/weather_streaming_dag.py
[2025-05-20T20:31:14.595+0000] {logging_mixin.py:151} INFO - [2025-05-20T20:31:14.593+0000] {dag.py:2915} INFO - Sync 1 DAGs
[2025-05-20T20:31:14.622+0000] {logging_mixin.py:151} INFO - [2025-05-20T20:31:14.622+0000] {dag.py:3696} INFO - Setting next_dagrun for weather_streaming_pipeline to 2025-05-20T20:28:09.155513+00:00, run_after=2025-05-20T21:28:09.155513+00:00
[2025-05-20T20:31:14.642+0000] {processor.py:179} INFO - Processing /opt/airflow/dags/weather_streaming_dag.py took 0.111 seconds
[2025-05-20T20:31:44.886+0000] {processor.py:157} INFO - Started process (PID=442) to work on /opt/airflow/dags/weather_streaming_dag.py
[2025-05-20T20:31:44.887+0000] {processor.py:829} INFO - Processing file /opt/airflow/dags/weather_streaming_dag.py for tasks to queue
[2025-05-20T20:31:44.888+0000] {logging_mixin.py:151} INFO - [2025-05-20T20:31:44.887+0000] {dagbag.py:539} INFO - Filling up the DagBag from /opt/airflow/dags/weather_streaming_dag.py
[2025-05-20T20:31:44.915+0000] {processor.py:839} INFO - DAG(s) dict_keys(['weather_streaming_pipeline']) retrieved from /opt/airflow/dags/weather_streaming_dag.py
[2025-05-20T20:31:44.949+0000] {logging_mixin.py:151} INFO - [2025-05-20T20:31:44.949+0000] {dag.py:2915} INFO - Sync 1 DAGs
[2025-05-20T20:31:44.973+0000] {logging_mixin.py:151} INFO - [2025-05-20T20:31:44.973+0000] {dag.py:3696} INFO - Setting next_dagrun for weather_streaming_pipeline to 2025-05-20T20:28:09.155513+00:00, run_after=2025-05-20T21:28:09.155513+00:00
[2025-05-20T20:31:44.997+0000] {processor.py:179} INFO - Processing /opt/airflow/dags/weather_streaming_dag.py took 0.115 seconds
[2025-05-20T20:43:18.467+0000] {processor.py:157} INFO - Started process (PID=168) to work on /opt/airflow/dags/weather_streaming_dag.py
[2025-05-20T20:43:18.472+0000] {processor.py:829} INFO - Processing file /opt/airflow/dags/weather_streaming_dag.py for tasks to queue
[2025-05-20T20:43:18.474+0000] {logging_mixin.py:151} INFO - [2025-05-20T20:43:18.473+0000] {dagbag.py:539} INFO - Filling up the DagBag from /opt/airflow/dags/weather_streaming_dag.py
[2025-05-20T20:43:18.569+0000] {processor.py:839} INFO - DAG(s) dict_keys(['weather_streaming_pipeline']) retrieved from /opt/airflow/dags/weather_streaming_dag.py
[2025-05-20T20:43:18.849+0000] {logging_mixin.py:151} INFO - [2025-05-20T20:43:18.848+0000] {dag.py:2915} INFO - Sync 1 DAGs
[2025-05-20T20:43:19.060+0000] {logging_mixin.py:151} INFO - [2025-05-20T20:43:19.059+0000] {dag.py:3696} INFO - Setting next_dagrun for weather_streaming_pipeline to 2025-05-20T20:28:09.155513+00:00, run_after=2025-05-20T21:28:09.155513+00:00
[2025-05-20T20:43:19.165+0000] {processor.py:179} INFO - Processing /opt/airflow/dags/weather_streaming_dag.py took 0.706 seconds
[2025-05-20T20:43:49.690+0000] {processor.py:157} INFO - Started process (PID=319) to work on /opt/airflow/dags/weather_streaming_dag.py
[2025-05-20T20:43:49.694+0000] {processor.py:829} INFO - Processing file /opt/airflow/dags/weather_streaming_dag.py for tasks to queue
[2025-05-20T20:43:49.738+0000] {logging_mixin.py:151} INFO - [2025-05-20T20:43:49.700+0000] {dagbag.py:539} INFO - Filling up the DagBag from /opt/airflow/dags/weather_streaming_dag.py
[2025-05-20T20:43:50.776+0000] {processor.py:839} INFO - DAG(s) dict_keys(['weather_streaming_pipeline']) retrieved from /opt/airflow/dags/weather_streaming_dag.py
[2025-05-20T20:43:51.826+0000] {logging_mixin.py:151} INFO - [2025-05-20T20:43:51.826+0000] {dag.py:2915} INFO - Sync 1 DAGs
[2025-05-20T20:43:52.721+0000] {logging_mixin.py:151} INFO - [2025-05-20T20:43:52.721+0000] {dag.py:3696} INFO - Setting next_dagrun for weather_streaming_pipeline to 2025-05-20T20:28:09.155513+00:00, run_after=2025-05-20T21:28:09.155513+00:00
[2025-05-20T20:43:52.987+0000] {processor.py:179} INFO - Processing /opt/airflow/dags/weather_streaming_dag.py took 3.322 seconds
[2025-05-20T20:44:23.929+0000] {processor.py:157} INFO - Started process (PID=411) to work on /opt/airflow/dags/weather_streaming_dag.py
[2025-05-20T20:44:23.943+0000] {processor.py:829} INFO - Processing file /opt/airflow/dags/weather_streaming_dag.py for tasks to queue
[2025-05-20T20:44:23.950+0000] {logging_mixin.py:151} INFO - [2025-05-20T20:44:23.948+0000] {dagbag.py:539} INFO - Filling up the DagBag from /opt/airflow/dags/weather_streaming_dag.py
[2025-05-20T20:44:24.040+0000] {processor.py:839} INFO - DAG(s) dict_keys(['weather_streaming_pipeline']) retrieved from /opt/airflow/dags/weather_streaming_dag.py
[2025-05-20T20:44:24.369+0000] {logging_mixin.py:151} INFO - [2025-05-20T20:44:24.367+0000] {dag.py:2915} INFO - Sync 1 DAGs
[2025-05-20T20:44:24.535+0000] {logging_mixin.py:151} INFO - [2025-05-20T20:44:24.535+0000] {dag.py:3696} INFO - Setting next_dagrun for weather_streaming_pipeline to 2025-05-20T20:28:09.155513+00:00, run_after=2025-05-20T21:28:09.155513+00:00
[2025-05-20T20:44:32.645+0000] {processor.py:179} INFO - Processing /opt/airflow/dags/weather_streaming_dag.py took 8.739 seconds
[2025-05-20T20:45:03.121+0000] {processor.py:157} INFO - Started process (PID=464) to work on /opt/airflow/dags/weather_streaming_dag.py
[2025-05-20T20:45:03.138+0000] {processor.py:829} INFO - Processing file /opt/airflow/dags/weather_streaming_dag.py for tasks to queue
[2025-05-20T20:45:03.140+0000] {logging_mixin.py:151} INFO - [2025-05-20T20:45:03.140+0000] {dagbag.py:539} INFO - Filling up the DagBag from /opt/airflow/dags/weather_streaming_dag.py
[2025-05-20T20:45:03.489+0000] {processor.py:839} INFO - DAG(s) dict_keys(['weather_streaming_pipeline']) retrieved from /opt/airflow/dags/weather_streaming_dag.py
[2025-05-20T20:45:03.743+0000] {logging_mixin.py:151} INFO - [2025-05-20T20:45:03.743+0000] {dag.py:2915} INFO - Sync 1 DAGs
[2025-05-20T20:45:05.336+0000] {logging_mixin.py:151} INFO - [2025-05-20T20:45:05.336+0000] {dag.py:3696} INFO - Setting next_dagrun for weather_streaming_pipeline to 2025-05-20T20:28:09.155513+00:00, run_after=2025-05-20T21:28:09.155513+00:00
[2025-05-20T20:45:05.413+0000] {processor.py:179} INFO - Processing /opt/airflow/dags/weather_streaming_dag.py took 2.308 seconds
[2025-05-20T20:45:36.670+0000] {processor.py:157} INFO - Started process (PID=474) to work on /opt/airflow/dags/weather_streaming_dag.py
[2025-05-20T20:45:36.721+0000] {processor.py:829} INFO - Processing file /opt/airflow/dags/weather_streaming_dag.py for tasks to queue
[2025-05-20T20:45:36.737+0000] {logging_mixin.py:151} INFO - [2025-05-20T20:45:36.729+0000] {dagbag.py:539} INFO - Filling up the DagBag from /opt/airflow/dags/weather_streaming_dag.py
[2025-05-20T20:45:37.107+0000] {processor.py:839} INFO - DAG(s) dict_keys(['weather_streaming_pipeline']) retrieved from /opt/airflow/dags/weather_streaming_dag.py
[2025-05-20T20:45:37.554+0000] {logging_mixin.py:151} INFO - [2025-05-20T20:45:37.554+0000] {dag.py:2915} INFO - Sync 1 DAGs
[2025-05-20T20:45:39.431+0000] {logging_mixin.py:151} INFO - [2025-05-20T20:45:39.431+0000] {dag.py:3696} INFO - Setting next_dagrun for weather_streaming_pipeline to 2025-05-20T20:28:09.155513+00:00, run_after=2025-05-20T21:28:09.155513+00:00
[2025-05-20T20:45:39.627+0000] {processor.py:179} INFO - Processing /opt/airflow/dags/weather_streaming_dag.py took 3.010 seconds
[2025-05-20T20:46:10.764+0000] {processor.py:157} INFO - Started process (PID=558) to work on /opt/airflow/dags/weather_streaming_dag.py
[2025-05-20T20:46:10.799+0000] {processor.py:829} INFO - Processing file /opt/airflow/dags/weather_streaming_dag.py for tasks to queue
[2025-05-20T20:46:10.802+0000] {logging_mixin.py:151} INFO - [2025-05-20T20:46:10.801+0000] {dagbag.py:539} INFO - Filling up the DagBag from /opt/airflow/dags/weather_streaming_dag.py
[2025-05-20T20:46:11.107+0000] {processor.py:839} INFO - DAG(s) dict_keys(['weather_streaming_pipeline']) retrieved from /opt/airflow/dags/weather_streaming_dag.py
[2025-05-20T20:46:12.822+0000] {logging_mixin.py:151} INFO - [2025-05-20T20:46:12.822+0000] {dag.py:2915} INFO - Sync 1 DAGs
[2025-05-20T20:46:12.934+0000] {logging_mixin.py:151} INFO - [2025-05-20T20:46:12.933+0000] {dag.py:3696} INFO - Setting next_dagrun for weather_streaming_pipeline to 2025-05-20T20:28:09.155513+00:00, run_after=2025-05-20T21:28:09.155513+00:00
[2025-05-20T20:46:13.053+0000] {processor.py:179} INFO - Processing /opt/airflow/dags/weather_streaming_dag.py took 2.382 seconds
[2025-05-20T20:46:43.835+0000] {processor.py:157} INFO - Started process (PID=688) to work on /opt/airflow/dags/weather_streaming_dag.py
[2025-05-20T20:46:43.842+0000] {processor.py:829} INFO - Processing file /opt/airflow/dags/weather_streaming_dag.py for tasks to queue
[2025-05-20T20:46:43.852+0000] {logging_mixin.py:151} INFO - [2025-05-20T20:46:43.850+0000] {dagbag.py:539} INFO - Filling up the DagBag from /opt/airflow/dags/weather_streaming_dag.py
[2025-05-20T20:46:45.075+0000] {processor.py:839} INFO - DAG(s) dict_keys(['weather_streaming_pipeline']) retrieved from /opt/airflow/dags/weather_streaming_dag.py
[2025-05-20T20:46:45.235+0000] {logging_mixin.py:151} INFO - [2025-05-20T20:46:45.234+0000] {dag.py:2915} INFO - Sync 1 DAGs
[2025-05-20T20:46:45.335+0000] {logging_mixin.py:151} INFO - [2025-05-20T20:46:45.335+0000] {dag.py:3696} INFO - Setting next_dagrun for weather_streaming_pipeline to 2025-05-20T20:28:09.155513+00:00, run_after=2025-05-20T21:28:09.155513+00:00
[2025-05-20T20:46:45.427+0000] {processor.py:179} INFO - Processing /opt/airflow/dags/weather_streaming_dag.py took 1.630 seconds
[2025-05-20T20:47:15.829+0000] {processor.py:157} INFO - Started process (PID=794) to work on /opt/airflow/dags/weather_streaming_dag.py
[2025-05-20T20:47:15.834+0000] {processor.py:829} INFO - Processing file /opt/airflow/dags/weather_streaming_dag.py for tasks to queue
[2025-05-20T20:47:15.836+0000] {logging_mixin.py:151} INFO - [2025-05-20T20:47:15.836+0000] {dagbag.py:539} INFO - Filling up the DagBag from /opt/airflow/dags/weather_streaming_dag.py
[2025-05-20T20:47:15.939+0000] {processor.py:839} INFO - DAG(s) dict_keys(['weather_streaming_pipeline']) retrieved from /opt/airflow/dags/weather_streaming_dag.py
[2025-05-20T20:47:16.076+0000] {logging_mixin.py:151} INFO - [2025-05-20T20:47:16.076+0000] {dag.py:2915} INFO - Sync 1 DAGs
[2025-05-20T20:47:16.186+0000] {logging_mixin.py:151} INFO - [2025-05-20T20:47:16.185+0000] {dag.py:3696} INFO - Setting next_dagrun for weather_streaming_pipeline to 2025-05-20T20:28:09.155513+00:00, run_after=2025-05-20T21:28:09.155513+00:00
[2025-05-20T20:47:16.308+0000] {processor.py:179} INFO - Processing /opt/airflow/dags/weather_streaming_dag.py took 0.497 seconds
[2025-05-20T20:47:47.378+0000] {processor.py:157} INFO - Started process (PID=901) to work on /opt/airflow/dags/weather_streaming_dag.py
[2025-05-20T20:47:47.382+0000] {processor.py:829} INFO - Processing file /opt/airflow/dags/weather_streaming_dag.py for tasks to queue
[2025-05-20T20:47:47.393+0000] {logging_mixin.py:151} INFO - [2025-05-20T20:47:47.391+0000] {dagbag.py:539} INFO - Filling up the DagBag from /opt/airflow/dags/weather_streaming_dag.py
[2025-05-20T20:47:47.695+0000] {processor.py:839} INFO - DAG(s) dict_keys(['weather_streaming_pipeline']) retrieved from /opt/airflow/dags/weather_streaming_dag.py
[2025-05-20T20:47:48.219+0000] {logging_mixin.py:151} INFO - [2025-05-20T20:47:48.217+0000] {dag.py:2915} INFO - Sync 1 DAGs
[2025-05-20T20:47:48.375+0000] {logging_mixin.py:151} INFO - [2025-05-20T20:47:48.374+0000] {dag.py:3696} INFO - Setting next_dagrun for weather_streaming_pipeline to 2025-05-20T20:28:09.155513+00:00, run_after=2025-05-20T21:28:09.155513+00:00
[2025-05-20T20:47:48.460+0000] {processor.py:179} INFO - Processing /opt/airflow/dags/weather_streaming_dag.py took 1.171 seconds
[2025-05-20T20:48:19.126+0000] {processor.py:157} INFO - Started process (PID=985) to work on /opt/airflow/dags/weather_streaming_dag.py
[2025-05-20T20:48:19.132+0000] {processor.py:829} INFO - Processing file /opt/airflow/dags/weather_streaming_dag.py for tasks to queue
[2025-05-20T20:48:19.133+0000] {logging_mixin.py:151} INFO - [2025-05-20T20:48:19.133+0000] {dagbag.py:539} INFO - Filling up the DagBag from /opt/airflow/dags/weather_streaming_dag.py
[2025-05-20T20:48:19.195+0000] {processor.py:839} INFO - DAG(s) dict_keys(['weather_streaming_pipeline']) retrieved from /opt/airflow/dags/weather_streaming_dag.py
[2025-05-20T20:48:19.273+0000] {logging_mixin.py:151} INFO - [2025-05-20T20:48:19.273+0000] {dag.py:2915} INFO - Sync 1 DAGs
[2025-05-20T20:48:19.312+0000] {logging_mixin.py:151} INFO - [2025-05-20T20:48:19.311+0000] {dag.py:3696} INFO - Setting next_dagrun for weather_streaming_pipeline to 2025-05-20T20:28:09.155513+00:00, run_after=2025-05-20T21:28:09.155513+00:00
[2025-05-20T20:48:19.348+0000] {processor.py:179} INFO - Processing /opt/airflow/dags/weather_streaming_dag.py took 0.225 seconds
[2025-05-20T20:48:50.047+0000] {processor.py:157} INFO - Started process (PID=992) to work on /opt/airflow/dags/weather_streaming_dag.py
[2025-05-20T20:48:50.069+0000] {processor.py:829} INFO - Processing file /opt/airflow/dags/weather_streaming_dag.py for tasks to queue
[2025-05-20T20:48:50.074+0000] {logging_mixin.py:151} INFO - [2025-05-20T20:48:50.073+0000] {dagbag.py:539} INFO - Filling up the DagBag from /opt/airflow/dags/weather_streaming_dag.py
[2025-05-20T20:48:50.326+0000] {processor.py:839} INFO - DAG(s) dict_keys(['weather_streaming_pipeline']) retrieved from /opt/airflow/dags/weather_streaming_dag.py
[2025-05-20T20:48:50.967+0000] {logging_mixin.py:151} INFO - [2025-05-20T20:48:50.966+0000] {dag.py:2915} INFO - Sync 1 DAGs
[2025-05-20T20:48:51.067+0000] {logging_mixin.py:151} INFO - [2025-05-20T20:48:51.067+0000] {dag.py:3696} INFO - Setting next_dagrun for weather_streaming_pipeline to 2025-05-20T20:28:09.155513+00:00, run_after=2025-05-20T21:28:09.155513+00:00
[2025-05-20T20:48:51.412+0000] {processor.py:179} INFO - Processing /opt/airflow/dags/weather_streaming_dag.py took 1.543 seconds
[2025-05-20T20:49:23.376+0000] {processor.py:157} INFO - Started process (PID=1005) to work on /opt/airflow/dags/weather_streaming_dag.py
[2025-05-20T20:49:23.385+0000] {processor.py:829} INFO - Processing file /opt/airflow/dags/weather_streaming_dag.py for tasks to queue
[2025-05-20T20:49:23.413+0000] {logging_mixin.py:151} INFO - [2025-05-20T20:49:23.399+0000] {dagbag.py:539} INFO - Filling up the DagBag from /opt/airflow/dags/weather_streaming_dag.py
[2025-05-20T20:49:23.773+0000] {processor.py:839} INFO - DAG(s) dict_keys(['weather_streaming_pipeline']) retrieved from /opt/airflow/dags/weather_streaming_dag.py
[2025-05-20T20:49:24.688+0000] {logging_mixin.py:151} INFO - [2025-05-20T20:49:24.688+0000] {dag.py:2915} INFO - Sync 1 DAGs
[2025-05-20T20:49:24.952+0000] {logging_mixin.py:151} INFO - [2025-05-20T20:49:24.952+0000] {dag.py:3696} INFO - Setting next_dagrun for weather_streaming_pipeline to 2025-05-20T20:28:09.155513+00:00, run_after=2025-05-20T21:28:09.155513+00:00
[2025-05-20T20:49:25.052+0000] {processor.py:179} INFO - Processing /opt/airflow/dags/weather_streaming_dag.py took 1.810 seconds
[2025-05-20T20:49:55.860+0000] {processor.py:157} INFO - Started process (PID=1015) to work on /opt/airflow/dags/weather_streaming_dag.py
[2025-05-20T20:49:55.863+0000] {processor.py:829} INFO - Processing file /opt/airflow/dags/weather_streaming_dag.py for tasks to queue
[2025-05-20T20:49:55.865+0000] {logging_mixin.py:151} INFO - [2025-05-20T20:49:55.864+0000] {dagbag.py:539} INFO - Filling up the DagBag from /opt/airflow/dags/weather_streaming_dag.py
[2025-05-20T20:49:56.000+0000] {processor.py:839} INFO - DAG(s) dict_keys(['weather_streaming_pipeline']) retrieved from /opt/airflow/dags/weather_streaming_dag.py
[2025-05-20T20:49:56.339+0000] {logging_mixin.py:151} INFO - [2025-05-20T20:49:56.339+0000] {dag.py:2915} INFO - Sync 1 DAGs
[2025-05-20T20:49:56.558+0000] {logging_mixin.py:151} INFO - [2025-05-20T20:49:56.558+0000] {dag.py:3696} INFO - Setting next_dagrun for weather_streaming_pipeline to 2025-05-20T20:28:09.155513+00:00, run_after=2025-05-20T21:28:09.155513+00:00
[2025-05-20T20:49:56.657+0000] {processor.py:179} INFO - Processing /opt/airflow/dags/weather_streaming_dag.py took 0.817 seconds
[2025-05-20T20:50:27.936+0000] {processor.py:157} INFO - Started process (PID=1025) to work on /opt/airflow/dags/weather_streaming_dag.py
[2025-05-20T20:50:27.950+0000] {processor.py:829} INFO - Processing file /opt/airflow/dags/weather_streaming_dag.py for tasks to queue
[2025-05-20T20:50:28.034+0000] {logging_mixin.py:151} INFO - [2025-05-20T20:50:28.012+0000] {dagbag.py:539} INFO - Filling up the DagBag from /opt/airflow/dags/weather_streaming_dag.py
[2025-05-20T20:50:28.416+0000] {processor.py:839} INFO - DAG(s) dict_keys(['weather_streaming_pipeline']) retrieved from /opt/airflow/dags/weather_streaming_dag.py
[2025-05-20T20:50:28.715+0000] {logging_mixin.py:151} INFO - [2025-05-20T20:50:28.715+0000] {dag.py:2915} INFO - Sync 1 DAGs
[2025-05-20T20:50:28.854+0000] {logging_mixin.py:151} INFO - [2025-05-20T20:50:28.854+0000] {dag.py:3696} INFO - Setting next_dagrun for weather_streaming_pipeline to 2025-05-20T20:28:09.155513+00:00, run_after=2025-05-20T21:28:09.155513+00:00
[2025-05-20T20:50:28.996+0000] {processor.py:179} INFO - Processing /opt/airflow/dags/weather_streaming_dag.py took 1.241 seconds
[2025-05-20T20:50:59.571+0000] {processor.py:157} INFO - Started process (PID=1032) to work on /opt/airflow/dags/weather_streaming_dag.py
[2025-05-20T20:50:59.575+0000] {processor.py:829} INFO - Processing file /opt/airflow/dags/weather_streaming_dag.py for tasks to queue
[2025-05-20T20:50:59.577+0000] {logging_mixin.py:151} INFO - [2025-05-20T20:50:59.576+0000] {dagbag.py:539} INFO - Filling up the DagBag from /opt/airflow/dags/weather_streaming_dag.py
[2025-05-20T20:50:59.764+0000] {processor.py:839} INFO - DAG(s) dict_keys(['weather_streaming_pipeline']) retrieved from /opt/airflow/dags/weather_streaming_dag.py
[2025-05-20T20:51:00.534+0000] {logging_mixin.py:151} INFO - [2025-05-20T20:51:00.533+0000] {dag.py:2915} INFO - Sync 1 DAGs
[2025-05-20T20:51:01.084+0000] {logging_mixin.py:151} INFO - [2025-05-20T20:51:01.083+0000] {dag.py:3696} INFO - Setting next_dagrun for weather_streaming_pipeline to 2025-05-20T20:28:09.155513+00:00, run_after=2025-05-20T21:28:09.155513+00:00
[2025-05-20T20:51:01.372+0000] {processor.py:179} INFO - Processing /opt/airflow/dags/weather_streaming_dag.py took 1.886 seconds
[2025-05-20T20:51:32.789+0000] {processor.py:157} INFO - Started process (PID=1045) to work on /opt/airflow/dags/weather_streaming_dag.py
[2025-05-20T20:51:32.811+0000] {processor.py:829} INFO - Processing file /opt/airflow/dags/weather_streaming_dag.py for tasks to queue
[2025-05-20T20:51:32.823+0000] {logging_mixin.py:151} INFO - [2025-05-20T20:51:32.819+0000] {dagbag.py:539} INFO - Filling up the DagBag from /opt/airflow/dags/weather_streaming_dag.py
[2025-05-20T20:51:33.133+0000] {processor.py:839} INFO - DAG(s) dict_keys(['weather_streaming_pipeline']) retrieved from /opt/airflow/dags/weather_streaming_dag.py
[2025-05-20T20:51:33.530+0000] {logging_mixin.py:151} INFO - [2025-05-20T20:51:33.530+0000] {dag.py:2915} INFO - Sync 1 DAGs
[2025-05-20T20:51:33.919+0000] {logging_mixin.py:151} INFO - [2025-05-20T20:51:33.918+0000] {dag.py:3696} INFO - Setting next_dagrun for weather_streaming_pipeline to 2025-05-20T20:28:09.155513+00:00, run_after=2025-05-20T21:28:09.155513+00:00
[2025-05-20T20:51:34.076+0000] {processor.py:179} INFO - Processing /opt/airflow/dags/weather_streaming_dag.py took 1.385 seconds
[2025-05-20T20:52:08.599+0000] {processor.py:157} INFO - Started process (PID=1055) to work on /opt/airflow/dags/weather_streaming_dag.py
[2025-05-20T20:52:09.845+0000] {processor.py:829} INFO - Processing file /opt/airflow/dags/weather_streaming_dag.py for tasks to queue
[2025-05-20T20:52:09.957+0000] {logging_mixin.py:151} INFO - [2025-05-20T20:52:09.913+0000] {dagbag.py:539} INFO - Filling up the DagBag from /opt/airflow/dags/weather_streaming_dag.py
[2025-05-20T20:52:13.176+0000] {processor.py:839} INFO - DAG(s) dict_keys(['weather_streaming_pipeline']) retrieved from /opt/airflow/dags/weather_streaming_dag.py
[2025-05-20T20:52:15.646+0000] {logging_mixin.py:151} INFO - [2025-05-20T20:52:15.646+0000] {dag.py:2915} INFO - Sync 1 DAGs
[2025-05-20T20:52:17.127+0000] {logging_mixin.py:151} INFO - [2025-05-20T20:52:17.126+0000] {dag.py:3696} INFO - Setting next_dagrun for weather_streaming_pipeline to 2025-05-20T20:28:09.155513+00:00, run_after=2025-05-20T21:28:09.155513+00:00
[2025-05-20T20:52:17.404+0000] {processor.py:179} INFO - Processing /opt/airflow/dags/weather_streaming_dag.py took 9.494 seconds
[2025-05-20T20:52:48.414+0000] {processor.py:157} INFO - Started process (PID=1065) to work on /opt/airflow/dags/weather_streaming_dag.py
[2025-05-20T20:52:48.449+0000] {processor.py:829} INFO - Processing file /opt/airflow/dags/weather_streaming_dag.py for tasks to queue
[2025-05-20T20:52:48.462+0000] {logging_mixin.py:151} INFO - [2025-05-20T20:52:48.455+0000] {dagbag.py:539} INFO - Filling up the DagBag from /opt/airflow/dags/weather_streaming_dag.py
[2025-05-20T20:52:49.438+0000] {processor.py:839} INFO - DAG(s) dict_keys(['weather_streaming_pipeline']) retrieved from /opt/airflow/dags/weather_streaming_dag.py
[2025-05-20T20:52:51.815+0000] {logging_mixin.py:151} INFO - [2025-05-20T20:52:51.815+0000] {dag.py:2915} INFO - Sync 1 DAGs
[2025-05-20T20:52:52.400+0000] {logging_mixin.py:151} INFO - [2025-05-20T20:52:52.400+0000] {dag.py:3696} INFO - Setting next_dagrun for weather_streaming_pipeline to 2025-05-20T20:28:09.155513+00:00, run_after=2025-05-20T21:28:09.155513+00:00
[2025-05-20T20:52:52.718+0000] {processor.py:179} INFO - Processing /opt/airflow/dags/weather_streaming_dag.py took 4.384 seconds
[2025-05-20T20:53:24.767+0000] {processor.py:157} INFO - Started process (PID=1074) to work on /opt/airflow/dags/weather_streaming_dag.py
[2025-05-20T20:53:24.875+0000] {processor.py:829} INFO - Processing file /opt/airflow/dags/weather_streaming_dag.py for tasks to queue
[2025-05-20T20:53:24.917+0000] {logging_mixin.py:151} INFO - [2025-05-20T20:53:24.909+0000] {dagbag.py:539} INFO - Filling up the DagBag from /opt/airflow/dags/weather_streaming_dag.py
[2025-05-20T20:53:27.630+0000] {processor.py:839} INFO - DAG(s) dict_keys(['weather_streaming_pipeline']) retrieved from /opt/airflow/dags/weather_streaming_dag.py
[2025-05-20T20:53:30.368+0000] {logging_mixin.py:151} INFO - [2025-05-20T20:53:30.367+0000] {dag.py:2915} INFO - Sync 1 DAGs
[2025-05-20T20:53:31.695+0000] {logging_mixin.py:151} INFO - [2025-05-20T20:53:31.692+0000] {dag.py:3696} INFO - Setting next_dagrun for weather_streaming_pipeline to 2025-05-20T20:28:09.155513+00:00, run_after=2025-05-20T21:28:09.155513+00:00
[2025-05-20T20:53:32.445+0000] {processor.py:179} INFO - Processing /opt/airflow/dags/weather_streaming_dag.py took 8.014 seconds
[2025-05-20T20:54:03.517+0000] {processor.py:157} INFO - Started process (PID=1085) to work on /opt/airflow/dags/weather_streaming_dag.py
[2025-05-20T20:54:03.543+0000] {processor.py:829} INFO - Processing file /opt/airflow/dags/weather_streaming_dag.py for tasks to queue
[2025-05-20T20:54:03.574+0000] {logging_mixin.py:151} INFO - [2025-05-20T20:54:03.554+0000] {dagbag.py:539} INFO - Filling up the DagBag from /opt/airflow/dags/weather_streaming_dag.py
[2025-05-20T20:54:04.117+0000] {processor.py:839} INFO - DAG(s) dict_keys(['weather_streaming_pipeline']) retrieved from /opt/airflow/dags/weather_streaming_dag.py
[2025-05-20T20:54:05.265+0000] {logging_mixin.py:151} INFO - [2025-05-20T20:54:05.265+0000] {dag.py:2915} INFO - Sync 1 DAGs
[2025-05-20T20:54:05.608+0000] {logging_mixin.py:151} INFO - [2025-05-20T20:54:05.608+0000] {dag.py:3696} INFO - Setting next_dagrun for weather_streaming_pipeline to 2025-05-20T20:28:09.155513+00:00, run_after=2025-05-20T21:28:09.155513+00:00
[2025-05-20T20:54:05.688+0000] {processor.py:179} INFO - Processing /opt/airflow/dags/weather_streaming_dag.py took 2.245 seconds
[2025-05-20T20:54:39.162+0000] {processor.py:157} INFO - Started process (PID=1095) to work on /opt/airflow/dags/weather_streaming_dag.py
[2025-05-20T20:54:39.419+0000] {processor.py:829} INFO - Processing file /opt/airflow/dags/weather_streaming_dag.py for tasks to queue
[2025-05-20T20:54:39.530+0000] {logging_mixin.py:151} INFO - [2025-05-20T20:54:39.482+0000] {dagbag.py:539} INFO - Filling up the DagBag from /opt/airflow/dags/weather_streaming_dag.py
[2025-05-20T20:54:40.942+0000] {processor.py:839} INFO - DAG(s) dict_keys(['weather_streaming_pipeline']) retrieved from /opt/airflow/dags/weather_streaming_dag.py
[2025-05-20T20:54:41.358+0000] {logging_mixin.py:151} INFO - [2025-05-20T20:54:41.357+0000] {dag.py:2915} INFO - Sync 1 DAGs
[2025-05-20T20:54:42.029+0000] {logging_mixin.py:151} INFO - [2025-05-20T20:54:42.027+0000] {dag.py:3696} INFO - Setting next_dagrun for weather_streaming_pipeline to 2025-05-20T20:28:09.155513+00:00, run_after=2025-05-20T21:28:09.155513+00:00
[2025-05-20T20:54:42.620+0000] {processor.py:179} INFO - Processing /opt/airflow/dags/weather_streaming_dag.py took 4.212 seconds
[2025-05-20T20:55:17.400+0000] {processor.py:157} INFO - Started process (PID=1105) to work on /opt/airflow/dags/weather_streaming_dag.py
[2025-05-20T20:55:17.503+0000] {processor.py:829} INFO - Processing file /opt/airflow/dags/weather_streaming_dag.py for tasks to queue
[2025-05-20T20:55:17.559+0000] {logging_mixin.py:151} INFO - [2025-05-20T20:55:17.526+0000] {dagbag.py:539} INFO - Filling up the DagBag from /opt/airflow/dags/weather_streaming_dag.py
[2025-05-20T20:55:20.754+0000] {processor.py:839} INFO - DAG(s) dict_keys(['weather_streaming_pipeline']) retrieved from /opt/airflow/dags/weather_streaming_dag.py
[2025-05-20T20:55:24.024+0000] {logging_mixin.py:151} INFO - [2025-05-20T20:55:24.023+0000] {dag.py:2915} INFO - Sync 1 DAGs
[2025-05-20T20:55:26.150+0000] {logging_mixin.py:151} INFO - [2025-05-20T20:55:26.149+0000] {dag.py:3696} INFO - Setting next_dagrun for weather_streaming_pipeline to 2025-05-20T20:28:09.155513+00:00, run_after=2025-05-20T21:28:09.155513+00:00
[2025-05-20T20:55:26.569+0000] {processor.py:179} INFO - Processing /opt/airflow/dags/weather_streaming_dag.py took 9.762 seconds
[2025-05-20T20:55:58.793+0000] {processor.py:157} INFO - Started process (PID=1114) to work on /opt/airflow/dags/weather_streaming_dag.py
[2025-05-20T20:55:58.830+0000] {processor.py:829} INFO - Processing file /opt/airflow/dags/weather_streaming_dag.py for tasks to queue
[2025-05-20T20:55:58.859+0000] {logging_mixin.py:151} INFO - [2025-05-20T20:55:58.847+0000] {dagbag.py:539} INFO - Filling up the DagBag from /opt/airflow/dags/weather_streaming_dag.py
[2025-05-20T20:55:59.733+0000] {processor.py:839} INFO - DAG(s) dict_keys(['weather_streaming_pipeline']) retrieved from /opt/airflow/dags/weather_streaming_dag.py
[2025-05-20T20:56:01.894+0000] {logging_mixin.py:151} INFO - [2025-05-20T20:56:01.894+0000] {dag.py:2915} INFO - Sync 1 DAGs
[2025-05-20T20:56:03.365+0000] {logging_mixin.py:151} INFO - [2025-05-20T20:56:03.364+0000] {dag.py:3696} INFO - Setting next_dagrun for weather_streaming_pipeline to 2025-05-20T20:28:09.155513+00:00, run_after=2025-05-20T21:28:09.155513+00:00
[2025-05-20T20:56:03.806+0000] {processor.py:179} INFO - Processing /opt/airflow/dags/weather_streaming_dag.py took 5.303 seconds
[2025-05-20T20:56:35.037+0000] {processor.py:157} INFO - Started process (PID=1125) to work on /opt/airflow/dags/weather_streaming_dag.py
[2025-05-20T20:56:35.076+0000] {processor.py:829} INFO - Processing file /opt/airflow/dags/weather_streaming_dag.py for tasks to queue
[2025-05-20T20:56:35.103+0000] {logging_mixin.py:151} INFO - [2025-05-20T20:56:35.093+0000] {dagbag.py:539} INFO - Filling up the DagBag from /opt/airflow/dags/weather_streaming_dag.py
[2025-05-20T20:56:36.447+0000] {processor.py:839} INFO - DAG(s) dict_keys(['weather_streaming_pipeline']) retrieved from /opt/airflow/dags/weather_streaming_dag.py
[2025-05-20T20:56:38.021+0000] {logging_mixin.py:151} INFO - [2025-05-20T20:56:38.021+0000] {dag.py:2915} INFO - Sync 1 DAGs
[2025-05-20T20:56:39.319+0000] {logging_mixin.py:151} INFO - [2025-05-20T20:56:39.319+0000] {dag.py:3696} INFO - Setting next_dagrun for weather_streaming_pipeline to 2025-05-20T20:28:09.155513+00:00, run_after=2025-05-20T21:28:09.155513+00:00
[2025-05-20T20:56:39.434+0000] {processor.py:179} INFO - Processing /opt/airflow/dags/weather_streaming_dag.py took 4.627 seconds
[2025-05-20T20:57:10.444+0000] {processor.py:157} INFO - Started process (PID=1133) to work on /opt/airflow/dags/weather_streaming_dag.py
[2025-05-20T20:57:10.542+0000] {processor.py:829} INFO - Processing file /opt/airflow/dags/weather_streaming_dag.py for tasks to queue
[2025-05-20T20:57:10.563+0000] {logging_mixin.py:151} INFO - [2025-05-20T20:57:10.548+0000] {dagbag.py:539} INFO - Filling up the DagBag from /opt/airflow/dags/weather_streaming_dag.py
[2025-05-20T20:57:11.614+0000] {processor.py:839} INFO - DAG(s) dict_keys(['weather_streaming_pipeline']) retrieved from /opt/airflow/dags/weather_streaming_dag.py
[2025-05-20T20:57:12.695+0000] {logging_mixin.py:151} INFO - [2025-05-20T20:57:12.695+0000] {dag.py:2915} INFO - Sync 1 DAGs
[2025-05-20T20:57:13.471+0000] {logging_mixin.py:151} INFO - [2025-05-20T20:57:13.470+0000] {dag.py:3696} INFO - Setting next_dagrun for weather_streaming_pipeline to 2025-05-20T20:28:09.155513+00:00, run_after=2025-05-20T21:28:09.155513+00:00
[2025-05-20T20:57:14.392+0000] {processor.py:179} INFO - Processing /opt/airflow/dags/weather_streaming_dag.py took 4.398 seconds
[2025-05-20T20:57:46.830+0000] {processor.py:157} INFO - Started process (PID=1142) to work on /opt/airflow/dags/weather_streaming_dag.py
[2025-05-20T20:57:46.871+0000] {processor.py:829} INFO - Processing file /opt/airflow/dags/weather_streaming_dag.py for tasks to queue
[2025-05-20T20:57:46.965+0000] {logging_mixin.py:151} INFO - [2025-05-20T20:57:46.927+0000] {dagbag.py:539} INFO - Filling up the DagBag from /opt/airflow/dags/weather_streaming_dag.py
[2025-05-20T20:57:49.386+0000] {processor.py:839} INFO - DAG(s) dict_keys(['weather_streaming_pipeline']) retrieved from /opt/airflow/dags/weather_streaming_dag.py
[2025-05-20T20:57:51.464+0000] {logging_mixin.py:151} INFO - [2025-05-20T20:57:51.463+0000] {dag.py:2915} INFO - Sync 1 DAGs
[2025-05-20T20:57:53.548+0000] {logging_mixin.py:151} INFO - [2025-05-20T20:57:53.546+0000] {dag.py:3696} INFO - Setting next_dagrun for weather_streaming_pipeline to 2025-05-20T20:28:09.155513+00:00, run_after=2025-05-20T21:28:09.155513+00:00
[2025-05-20T20:57:54.465+0000] {processor.py:179} INFO - Processing /opt/airflow/dags/weather_streaming_dag.py took 8.184 seconds
[2025-05-20T20:58:38.340+0000] {processor.py:157} INFO - Started process (PID=1152) to work on /opt/airflow/dags/weather_streaming_dag.py
[2025-05-20T20:58:38.431+0000] {processor.py:829} INFO - Processing file /opt/airflow/dags/weather_streaming_dag.py for tasks to queue
[2025-05-20T20:58:38.478+0000] {logging_mixin.py:151} INFO - [2025-05-20T20:58:38.473+0000] {dagbag.py:539} INFO - Filling up the DagBag from /opt/airflow/dags/weather_streaming_dag.py
[2025-05-20T20:58:41.440+0000] {processor.py:839} INFO - DAG(s) dict_keys(['weather_streaming_pipeline']) retrieved from /opt/airflow/dags/weather_streaming_dag.py
[2025-05-20T20:58:51.673+0000] {logging_mixin.py:151} INFO - [2025-05-20T20:58:51.646+0000] {dag.py:2915} INFO - Sync 1 DAGs
[2025-05-20T20:58:53.656+0000] {logging_mixin.py:151} INFO - [2025-05-20T20:58:53.655+0000] {dag.py:3696} INFO - Setting next_dagrun for weather_streaming_pipeline to 2025-05-20T20:28:09.155513+00:00, run_after=2025-05-20T21:28:09.155513+00:00
[2025-05-20T20:58:54.419+0000] {processor.py:179} INFO - Processing /opt/airflow/dags/weather_streaming_dag.py took 18.493 seconds
[2025-05-20T20:59:35.737+0000] {processor.py:157} INFO - Started process (PID=1162) to work on /opt/airflow/dags/weather_streaming_dag.py
[2025-05-20T20:59:36.730+0000] {processor.py:829} INFO - Processing file /opt/airflow/dags/weather_streaming_dag.py for tasks to queue
[2025-05-20T20:59:36.859+0000] {logging_mixin.py:151} INFO - [2025-05-20T20:59:36.852+0000] {dagbag.py:539} INFO - Filling up the DagBag from /opt/airflow/dags/weather_streaming_dag.py
[2025-05-20T20:59:44.804+0000] {processor.py:839} INFO - DAG(s) dict_keys(['weather_streaming_pipeline']) retrieved from /opt/airflow/dags/weather_streaming_dag.py
[2025-05-20T20:59:53.319+0000] {logging_mixin.py:151} INFO - [2025-05-20T20:59:53.299+0000] {dag.py:2915} INFO - Sync 1 DAGs
[2025-05-20T20:59:55.179+0000] {logging_mixin.py:151} INFO - [2025-05-20T20:59:55.174+0000] {dag.py:3696} INFO - Setting next_dagrun for weather_streaming_pipeline to 2025-05-20T20:28:09.155513+00:00, run_after=2025-05-20T21:28:09.155513+00:00
[2025-05-20T20:59:55.754+0000] {processor.py:179} INFO - Processing /opt/airflow/dags/weather_streaming_dag.py took 21.897 seconds
[2025-05-20T21:00:30.635+0000] {processor.py:157} INFO - Started process (PID=1175) to work on /opt/airflow/dags/weather_streaming_dag.py
[2025-05-20T21:00:31.042+0000] {processor.py:829} INFO - Processing file /opt/airflow/dags/weather_streaming_dag.py for tasks to queue
[2025-05-20T21:00:31.164+0000] {logging_mixin.py:151} INFO - [2025-05-20T21:00:31.105+0000] {dagbag.py:539} INFO - Filling up the DagBag from /opt/airflow/dags/weather_streaming_dag.py
[2025-05-20T21:00:33.008+0000] {processor.py:839} INFO - DAG(s) dict_keys(['weather_streaming_pipeline']) retrieved from /opt/airflow/dags/weather_streaming_dag.py
[2025-05-20T21:00:40.182+0000] {logging_mixin.py:151} INFO - [2025-05-20T21:00:40.170+0000] {dag.py:2915} INFO - Sync 1 DAGs
[2025-05-20T21:00:41.403+0000] {logging_mixin.py:151} INFO - [2025-05-20T21:00:41.402+0000] {dag.py:3696} INFO - Setting next_dagrun for weather_streaming_pipeline to 2025-05-20T20:28:09.155513+00:00, run_after=2025-05-20T21:28:09.155513+00:00
[2025-05-20T21:00:41.539+0000] {processor.py:179} INFO - Processing /opt/airflow/dags/weather_streaming_dag.py took 11.348 seconds
[2025-05-20T21:01:14.071+0000] {processor.py:157} INFO - Started process (PID=1191) to work on /opt/airflow/dags/weather_streaming_dag.py
[2025-05-20T21:01:14.282+0000] {processor.py:829} INFO - Processing file /opt/airflow/dags/weather_streaming_dag.py for tasks to queue
[2025-05-20T21:01:14.310+0000] {logging_mixin.py:151} INFO - [2025-05-20T21:01:14.299+0000] {dagbag.py:539} INFO - Filling up the DagBag from /opt/airflow/dags/weather_streaming_dag.py
[2025-05-20T21:01:15.433+0000] {processor.py:839} INFO - DAG(s) dict_keys(['weather_streaming_pipeline']) retrieved from /opt/airflow/dags/weather_streaming_dag.py
[2025-05-20T21:01:18.981+0000] {logging_mixin.py:151} INFO - [2025-05-20T21:01:18.980+0000] {dag.py:2915} INFO - Sync 1 DAGs
[2025-05-20T21:01:19.269+0000] {logging_mixin.py:151} INFO - [2025-05-20T21:01:19.269+0000] {dag.py:3696} INFO - Setting next_dagrun for weather_streaming_pipeline to 2025-05-20T20:28:09.155513+00:00, run_after=2025-05-20T21:28:09.155513+00:00
[2025-05-20T21:01:19.366+0000] {processor.py:179} INFO - Processing /opt/airflow/dags/weather_streaming_dag.py took 5.433 seconds
[2025-05-20T21:01:53.332+0000] {processor.py:157} INFO - Started process (PID=1207) to work on /opt/airflow/dags/weather_streaming_dag.py
[2025-05-20T21:01:53.635+0000] {processor.py:829} INFO - Processing file /opt/airflow/dags/weather_streaming_dag.py for tasks to queue
[2025-05-20T21:01:53.806+0000] {logging_mixin.py:151} INFO - [2025-05-20T21:01:53.789+0000] {dagbag.py:539} INFO - Filling up the DagBag from /opt/airflow/dags/weather_streaming_dag.py
[2025-05-20T21:01:56.407+0000] {processor.py:839} INFO - DAG(s) dict_keys(['weather_streaming_pipeline']) retrieved from /opt/airflow/dags/weather_streaming_dag.py
[2025-05-20T21:01:57.082+0000] {logging_mixin.py:151} INFO - [2025-05-20T21:01:57.081+0000] {dag.py:2915} INFO - Sync 1 DAGs
[2025-05-20T21:01:58.877+0000] {logging_mixin.py:151} INFO - [2025-05-20T21:01:58.865+0000] {dag.py:3696} INFO - Setting next_dagrun for weather_streaming_pipeline to 2025-05-20T20:28:09.155513+00:00, run_after=2025-05-20T21:28:09.155513+00:00
[2025-05-20T21:02:00.988+0000] {processor.py:179} INFO - Processing /opt/airflow/dags/weather_streaming_dag.py took 8.306 seconds
[2025-05-20T21:02:32.897+0000] {processor.py:157} INFO - Started process (PID=1222) to work on /opt/airflow/dags/weather_streaming_dag.py
[2025-05-20T21:02:33.110+0000] {processor.py:829} INFO - Processing file /opt/airflow/dags/weather_streaming_dag.py for tasks to queue
[2025-05-20T21:02:33.148+0000] {logging_mixin.py:151} INFO - [2025-05-20T21:02:33.134+0000] {dagbag.py:539} INFO - Filling up the DagBag from /opt/airflow/dags/weather_streaming_dag.py
[2025-05-20T21:02:33.897+0000] {processor.py:839} INFO - DAG(s) dict_keys(['weather_streaming_pipeline']) retrieved from /opt/airflow/dags/weather_streaming_dag.py
[2025-05-20T21:02:34.684+0000] {logging_mixin.py:151} INFO - [2025-05-20T21:02:34.683+0000] {dag.py:2915} INFO - Sync 1 DAGs
[2025-05-20T21:02:35.368+0000] {logging_mixin.py:151} INFO - [2025-05-20T21:02:35.368+0000] {dag.py:3696} INFO - Setting next_dagrun for weather_streaming_pipeline to 2025-05-20T20:28:09.155513+00:00, run_after=2025-05-20T21:28:09.155513+00:00
[2025-05-20T21:02:35.607+0000] {processor.py:179} INFO - Processing /opt/airflow/dags/weather_streaming_dag.py took 2.912 seconds
[2025-05-20T21:03:09.280+0000] {processor.py:157} INFO - Started process (PID=1232) to work on /opt/airflow/dags/weather_streaming_dag.py
[2025-05-20T21:03:09.310+0000] {processor.py:829} INFO - Processing file /opt/airflow/dags/weather_streaming_dag.py for tasks to queue
[2025-05-20T21:03:09.399+0000] {logging_mixin.py:151} INFO - [2025-05-20T21:03:09.311+0000] {dagbag.py:539} INFO - Filling up the DagBag from /opt/airflow/dags/weather_streaming_dag.py
[2025-05-20T21:03:10.263+0000] {processor.py:839} INFO - DAG(s) dict_keys(['weather_streaming_pipeline']) retrieved from /opt/airflow/dags/weather_streaming_dag.py
[2025-05-20T21:03:11.778+0000] {logging_mixin.py:151} INFO - [2025-05-20T21:03:11.778+0000] {dag.py:2915} INFO - Sync 1 DAGs
[2025-05-20T21:03:12.714+0000] {logging_mixin.py:151} INFO - [2025-05-20T21:03:12.712+0000] {dag.py:3696} INFO - Setting next_dagrun for weather_streaming_pipeline to 2025-05-20T20:28:09.155513+00:00, run_after=2025-05-20T21:28:09.155513+00:00
[2025-05-20T21:03:13.119+0000] {processor.py:179} INFO - Processing /opt/airflow/dags/weather_streaming_dag.py took 4.182 seconds
[2025-05-20T21:03:43.828+0000] {processor.py:157} INFO - Started process (PID=1240) to work on /opt/airflow/dags/weather_streaming_dag.py
[2025-05-20T21:03:43.888+0000] {processor.py:829} INFO - Processing file /opt/airflow/dags/weather_streaming_dag.py for tasks to queue
[2025-05-20T21:03:43.949+0000] {logging_mixin.py:151} INFO - [2025-05-20T21:03:43.929+0000] {dagbag.py:539} INFO - Filling up the DagBag from /opt/airflow/dags/weather_streaming_dag.py
[2025-05-20T21:03:45.190+0000] {processor.py:839} INFO - DAG(s) dict_keys(['weather_streaming_pipeline']) retrieved from /opt/airflow/dags/weather_streaming_dag.py
[2025-05-20T21:03:47.714+0000] {logging_mixin.py:151} INFO - [2025-05-20T21:03:47.714+0000] {dag.py:2915} INFO - Sync 1 DAGs
[2025-05-20T21:03:49.252+0000] {logging_mixin.py:151} INFO - [2025-05-20T21:03:49.251+0000] {dag.py:3696} INFO - Setting next_dagrun for weather_streaming_pipeline to 2025-05-20T20:28:09.155513+00:00, run_after=2025-05-20T21:28:09.155513+00:00
[2025-05-20T21:03:49.362+0000] {processor.py:179} INFO - Processing /opt/airflow/dags/weather_streaming_dag.py took 5.548 seconds
[2025-05-20T21:04:20.276+0000] {processor.py:157} INFO - Started process (PID=1252) to work on /opt/airflow/dags/weather_streaming_dag.py
[2025-05-20T21:04:20.319+0000] {processor.py:829} INFO - Processing file /opt/airflow/dags/weather_streaming_dag.py for tasks to queue
[2025-05-20T21:04:20.330+0000] {logging_mixin.py:151} INFO - [2025-05-20T21:04:20.326+0000] {dagbag.py:539} INFO - Filling up the DagBag from /opt/airflow/dags/weather_streaming_dag.py
[2025-05-20T21:04:20.892+0000] {processor.py:839} INFO - DAG(s) dict_keys(['weather_streaming_pipeline']) retrieved from /opt/airflow/dags/weather_streaming_dag.py
[2025-05-20T21:04:21.589+0000] {logging_mixin.py:151} INFO - [2025-05-20T21:04:21.588+0000] {dag.py:2915} INFO - Sync 1 DAGs
[2025-05-20T21:04:22.129+0000] {logging_mixin.py:151} INFO - [2025-05-20T21:04:22.128+0000] {dag.py:3696} INFO - Setting next_dagrun for weather_streaming_pipeline to 2025-05-20T20:28:09.155513+00:00, run_after=2025-05-20T21:28:09.155513+00:00
[2025-05-20T21:04:22.206+0000] {processor.py:179} INFO - Processing /opt/airflow/dags/weather_streaming_dag.py took 2.050 seconds
