[2025-05-21T09:27:20.474+0000] {taskinstance.py:1157} INFO - Dependencies all met for dep_context=non-requeueable deps ti=<TaskInstance: yellow_taxi_batch_pipeline.download_taxi_data scheduled__2025-05-20T09:27:12.759335+00:00 [queued]>
[2025-05-21T09:27:20.483+0000] {taskinstance.py:1157} INFO - Dependencies all met for dep_context=requeueable deps ti=<TaskInstance: yellow_taxi_batch_pipeline.download_taxi_data scheduled__2025-05-20T09:27:12.759335+00:00 [queued]>
[2025-05-21T09:27:20.484+0000] {taskinstance.py:1359} INFO - Starting attempt 1 of 2
[2025-05-21T09:27:20.499+0000] {taskinstance.py:1380} INFO - Executing <Task(BashOperator): download_taxi_data> on 2025-05-20 09:27:12.759335+00:00
[2025-05-21T09:27:20.503+0000] {standard_task_runner.py:57} INFO - Started process 190 to run task
[2025-05-21T09:27:20.507+0000] {standard_task_runner.py:84} INFO - Running: ['airflow', 'tasks', 'run', 'yellow_taxi_batch_pipeline', 'download_taxi_data', 'scheduled__2025-05-20T09:27:12.759335+00:00', '--job-id', '57', '--raw', '--subdir', 'DAGS_FOLDER/taxi_batch_dag.py', '--cfg-path', '/tmp/tmpi5732bkw']
[2025-05-21T09:27:20.509+0000] {standard_task_runner.py:85} INFO - Job 57: Subtask download_taxi_data
[2025-05-21T09:27:20.529+0000] {logging_mixin.py:151} WARNING - /home/airflow/.local/lib/python3.8/site-packages/airflow/settings.py:195 DeprecationWarning: The sql_alchemy_conn option in [core] has been moved to the sql_alchemy_conn option in [database] - the old setting has been used, but please update your config.
[2025-05-21T09:27:20.575+0000] {task_command.py:415} INFO - Running <TaskInstance: yellow_taxi_batch_pipeline.download_taxi_data scheduled__2025-05-20T09:27:12.759335+00:00 [running]> on host c4c55d29c79f
[2025-05-21T09:27:20.672+0000] {taskinstance.py:1660} INFO - Exporting env vars: AIRFLOW_CTX_DAG_OWNER='airflow' AIRFLOW_CTX_DAG_ID='yellow_taxi_batch_pipeline' AIRFLOW_CTX_TASK_ID='download_taxi_data' AIRFLOW_CTX_EXECUTION_DATE='2025-05-20T09:27:12.759335+00:00' AIRFLOW_CTX_TRY_NUMBER='1' AIRFLOW_CTX_DAG_RUN_ID='scheduled__2025-05-20T09:27:12.759335+00:00'
[2025-05-21T09:27:20.673+0000] {subprocess.py:63} INFO - Tmp dir root location: /tmp
[2025-05-21T09:27:20.675+0000] {subprocess.py:75} INFO - Running command: ['/bin/bash', '-c', 'python /opt/airflow/dags/scripts/download_taxi_data.py']
[2025-05-21T09:27:20.685+0000] {subprocess.py:86} INFO - Output:
[2025-05-21T09:27:23.274+0000] {subprocess.py:93} INFO - 2025-05-21 09:27:23,274 - INFO - Bucket nyc-taxi-data already exists
[2025-05-21T09:27:23.275+0000] {subprocess.py:93} INFO - 2025-05-21 09:27:23,274 - INFO - Downloading yellow_tripdata_2022-01.parquet from https://d37ci6vzurychx.cloudfront.net/trip-data/yellow_tripdata_2022-01.parquet
[2025-05-21T09:27:29.140+0000] {subprocess.py:93} INFO - 2025-05-21 09:27:29,140 - INFO - Successfully uploaded yellow_tripdata_2022-01.parquet to MinIO
[2025-05-21T09:27:29.141+0000] {subprocess.py:93} INFO - 2025-05-21 09:27:29,140 - INFO - Downloading yellow_tripdata_2022-02.parquet from https://d37ci6vzurychx.cloudfront.net/trip-data/yellow_tripdata_2022-02.parquet
[2025-05-21T09:27:48.838+0000] {subprocess.py:93} INFO - 2025-05-21 09:27:48,838 - INFO - Successfully uploaded yellow_tripdata_2022-02.parquet to MinIO
[2025-05-21T09:27:48.842+0000] {subprocess.py:93} INFO - 2025-05-21 09:27:48,838 - INFO - Downloading yellow_tripdata_2022-03.parquet from https://d37ci6vzurychx.cloudfront.net/trip-data/yellow_tripdata_2022-03.parquet
[2025-05-21T09:27:56.624+0000] {subprocess.py:93} INFO - 2025-05-21 09:27:56,624 - INFO - Successfully uploaded yellow_tripdata_2022-03.parquet to MinIO
[2025-05-21T09:27:56.625+0000] {subprocess.py:93} INFO - 2025-05-21 09:27:56,624 - INFO - Downloading yellow_tripdata_2022-04.parquet from https://d37ci6vzurychx.cloudfront.net/trip-data/yellow_tripdata_2022-04.parquet
[2025-05-21T09:28:29.921+0000] {subprocess.py:93} INFO - 2025-05-21 09:28:29,920 - INFO - Successfully uploaded yellow_tripdata_2022-04.parquet to MinIO
[2025-05-21T09:28:29.922+0000] {subprocess.py:93} INFO - 2025-05-21 09:28:29,921 - INFO - Downloading yellow_tripdata_2022-05.parquet from https://d37ci6vzurychx.cloudfront.net/trip-data/yellow_tripdata_2022-05.parquet
[2025-05-21T09:28:44.296+0000] {subprocess.py:93} INFO - 2025-05-21 09:28:44,287 - INFO - Successfully uploaded yellow_tripdata_2022-05.parquet to MinIO
[2025-05-21T09:28:44.301+0000] {subprocess.py:93} INFO - 2025-05-21 09:28:44,288 - INFO - Downloading yellow_tripdata_2022-06.parquet from https://d37ci6vzurychx.cloudfront.net/trip-data/yellow_tripdata_2022-06.parquet
[2025-05-21T09:28:54.738+0000] {subprocess.py:93} INFO - 2025-05-21 09:28:54,737 - INFO - Successfully uploaded yellow_tripdata_2022-06.parquet to MinIO
[2025-05-21T09:28:54.746+0000] {subprocess.py:93} INFO - 2025-05-21 09:28:54,738 - INFO - Downloading yellow_tripdata_2022-07.parquet from https://d37ci6vzurychx.cloudfront.net/trip-data/yellow_tripdata_2022-07.parquet
[2025-05-21T09:29:01.154+0000] {subprocess.py:93} INFO - 2025-05-21 09:29:01,154 - INFO - Successfully uploaded yellow_tripdata_2022-07.parquet to MinIO
[2025-05-21T09:29:01.156+0000] {subprocess.py:93} INFO - 2025-05-21 09:29:01,154 - INFO - Downloading yellow_tripdata_2022-08.parquet from https://d37ci6vzurychx.cloudfront.net/trip-data/yellow_tripdata_2022-08.parquet
[2025-05-21T09:29:08.908+0000] {subprocess.py:93} INFO - 2025-05-21 09:29:08,904 - INFO - Successfully uploaded yellow_tripdata_2022-08.parquet to MinIO
[2025-05-21T09:29:08.933+0000] {subprocess.py:93} INFO - 2025-05-21 09:29:08,905 - INFO - Downloading yellow_tripdata_2022-09.parquet from https://d37ci6vzurychx.cloudfront.net/trip-data/yellow_tripdata_2022-09.parquet
[2025-05-21T09:29:19.031+0000] {subprocess.py:93} INFO - 2025-05-21 09:29:19,031 - INFO - Successfully uploaded yellow_tripdata_2022-09.parquet to MinIO
[2025-05-21T09:29:19.032+0000] {subprocess.py:93} INFO - 2025-05-21 09:29:19,031 - INFO - Downloading yellow_tripdata_2022-10.parquet from https://d37ci6vzurychx.cloudfront.net/trip-data/yellow_tripdata_2022-10.parquet
[2025-05-21T09:29:30.776+0000] {subprocess.py:93} INFO - 2025-05-21 09:29:30,776 - INFO - Successfully uploaded yellow_tripdata_2022-10.parquet to MinIO
[2025-05-21T09:29:30.777+0000] {subprocess.py:93} INFO - 2025-05-21 09:29:30,776 - INFO - Downloading yellow_tripdata_2022-11.parquet from https://d37ci6vzurychx.cloudfront.net/trip-data/yellow_tripdata_2022-11.parquet
[2025-05-21T09:29:42.168+0000] {subprocess.py:93} INFO - 2025-05-21 09:29:42,168 - INFO - Successfully uploaded yellow_tripdata_2022-11.parquet to MinIO
[2025-05-21T09:29:42.172+0000] {subprocess.py:93} INFO - 2025-05-21 09:29:42,168 - INFO - Downloading yellow_tripdata_2022-12.parquet from https://d37ci6vzurychx.cloudfront.net/trip-data/yellow_tripdata_2022-12.parquet
[2025-05-21T09:29:49.264+0000] {subprocess.py:93} INFO - 2025-05-21 09:29:49,263 - INFO - Successfully uploaded yellow_tripdata_2022-12.parquet to MinIO
[2025-05-21T09:29:49.266+0000] {subprocess.py:93} INFO - 2025-05-21 09:29:49,266 - INFO - Taxi data download completed
[2025-05-21T09:29:50.345+0000] {subprocess.py:97} INFO - Command exited with return code 0
[2025-05-21T09:29:50.511+0000] {taskinstance.py:1398} INFO - Marking task as SUCCESS. dag_id=yellow_taxi_batch_pipeline, task_id=download_taxi_data, execution_date=20250520T092712, start_date=20250521T092720, end_date=20250521T092950
[2025-05-21T09:29:50.606+0000] {local_task_job_runner.py:228} INFO - Task exited with return code 0
[2025-05-21T09:29:50.709+0000] {taskinstance.py:2776} INFO - 1 downstream tasks scheduled from follow-on schedule check
