[2025-05-21T09:39:11.038+0000] {taskinstance.py:1157} INFO - Dependencies all met for dep_context=non-requeueable deps ti=<TaskInstance: yellow_taxi_batch_pipeline.download_taxi_data scheduled__2025-05-20T09:38:43.708532+00:00 [queued]>
[2025-05-21T09:39:11.070+0000] {taskinstance.py:1157} INFO - Dependencies all met for dep_context=requeueable deps ti=<TaskInstance: yellow_taxi_batch_pipeline.download_taxi_data scheduled__2025-05-20T09:38:43.708532+00:00 [queued]>
[2025-05-21T09:39:11.071+0000] {taskinstance.py:1359} INFO - Starting attempt 1 of 2
[2025-05-21T09:39:11.120+0000] {taskinstance.py:1380} INFO - Executing <Task(BashOperator): download_taxi_data> on 2025-05-20 09:38:43.708532+00:00
[2025-05-21T09:39:11.130+0000] {standard_task_runner.py:57} INFO - Started process 190 to run task
[2025-05-21T09:39:11.148+0000] {standard_task_runner.py:84} INFO - Running: ['airflow', 'tasks', 'run', 'yellow_taxi_batch_pipeline', 'download_taxi_data', 'scheduled__2025-05-20T09:38:43.708532+00:00', '--job-id', '72', '--raw', '--subdir', 'DAGS_FOLDER/taxi_batch_dag.py', '--cfg-path', '/tmp/tmpo4ot1qup']
[2025-05-21T09:39:11.152+0000] {standard_task_runner.py:85} INFO - Job 72: Subtask download_taxi_data
[2025-05-21T09:39:11.214+0000] {logging_mixin.py:151} WARNING - /home/airflow/.local/lib/python3.8/site-packages/airflow/settings.py:195 DeprecationWarning: The sql_alchemy_conn option in [core] has been moved to the sql_alchemy_conn option in [database] - the old setting has been used, but please update your config.
[2025-05-21T09:39:11.369+0000] {task_command.py:415} INFO - Running <TaskInstance: yellow_taxi_batch_pipeline.download_taxi_data scheduled__2025-05-20T09:38:43.708532+00:00 [running]> on host 00732dad519c
[2025-05-21T09:39:11.580+0000] {taskinstance.py:1660} INFO - Exporting env vars: AIRFLOW_CTX_DAG_OWNER='airflow' AIRFLOW_CTX_DAG_ID='yellow_taxi_batch_pipeline' AIRFLOW_CTX_TASK_ID='download_taxi_data' AIRFLOW_CTX_EXECUTION_DATE='2025-05-20T09:38:43.708532+00:00' AIRFLOW_CTX_TRY_NUMBER='1' AIRFLOW_CTX_DAG_RUN_ID='scheduled__2025-05-20T09:38:43.708532+00:00'
[2025-05-21T09:39:11.584+0000] {subprocess.py:63} INFO - Tmp dir root location: /tmp
[2025-05-21T09:39:11.586+0000] {subprocess.py:75} INFO - Running command: ['/bin/bash', '-c', 'python /opt/airflow/dags/scripts/download_taxi_data.py']
[2025-05-21T09:39:11.600+0000] {subprocess.py:86} INFO - Output:
[2025-05-21T09:39:15.937+0000] {subprocess.py:93} INFO - 2025-05-21 09:39:15,937 - INFO - Bucket nyc-taxi-data already exists
[2025-05-21T09:39:15.939+0000] {subprocess.py:93} INFO - 2025-05-21 09:39:15,937 - INFO - Downloading yellow_tripdata_2022-01.parquet from https://d37ci6vzurychx.cloudfront.net/trip-data/yellow_tripdata_2022-01.parquet
[2025-05-21T09:39:19.434+0000] {subprocess.py:93} INFO - 2025-05-21 09:39:19,434 - INFO - Successfully uploaded yellow_tripdata_2022-01.parquet to MinIO
[2025-05-21T09:39:19.438+0000] {subprocess.py:93} INFO - 2025-05-21 09:39:19,434 - INFO - Downloading yellow_tripdata_2022-02.parquet from https://d37ci6vzurychx.cloudfront.net/trip-data/yellow_tripdata_2022-02.parquet
[2025-05-21T09:39:23.524+0000] {subprocess.py:93} INFO - 2025-05-21 09:39:23,524 - INFO - Successfully uploaded yellow_tripdata_2022-02.parquet to MinIO
[2025-05-21T09:39:23.525+0000] {subprocess.py:93} INFO - 2025-05-21 09:39:23,524 - INFO - Downloading yellow_tripdata_2022-03.parquet from https://d37ci6vzurychx.cloudfront.net/trip-data/yellow_tripdata_2022-03.parquet
[2025-05-21T09:39:28.184+0000] {subprocess.py:93} INFO - 2025-05-21 09:39:28,182 - INFO - Successfully uploaded yellow_tripdata_2022-03.parquet to MinIO
[2025-05-21T09:39:28.185+0000] {subprocess.py:93} INFO - 2025-05-21 09:39:28,182 - INFO - Downloading yellow_tripdata_2022-04.parquet from https://d37ci6vzurychx.cloudfront.net/trip-data/yellow_tripdata_2022-04.parquet
[2025-05-21T09:39:33.152+0000] {subprocess.py:93} INFO - 2025-05-21 09:39:33,151 - INFO - Successfully uploaded yellow_tripdata_2022-04.parquet to MinIO
[2025-05-21T09:39:33.153+0000] {subprocess.py:93} INFO - 2025-05-21 09:39:33,151 - INFO - Downloading yellow_tripdata_2022-05.parquet from https://d37ci6vzurychx.cloudfront.net/trip-data/yellow_tripdata_2022-05.parquet
[2025-05-21T09:39:38.085+0000] {subprocess.py:93} INFO - 2025-05-21 09:39:38,084 - INFO - Successfully uploaded yellow_tripdata_2022-05.parquet to MinIO
[2025-05-21T09:39:38.085+0000] {subprocess.py:93} INFO - 2025-05-21 09:39:38,085 - INFO - Downloading yellow_tripdata_2022-06.parquet from https://d37ci6vzurychx.cloudfront.net/trip-data/yellow_tripdata_2022-06.parquet
[2025-05-21T09:39:42.987+0000] {subprocess.py:93} INFO - 2025-05-21 09:39:42,987 - INFO - Successfully uploaded yellow_tripdata_2022-06.parquet to MinIO
[2025-05-21T09:39:42.988+0000] {subprocess.py:93} INFO - 2025-05-21 09:39:42,987 - INFO - Downloading yellow_tripdata_2022-07.parquet from https://d37ci6vzurychx.cloudfront.net/trip-data/yellow_tripdata_2022-07.parquet
[2025-05-21T09:39:48.144+0000] {subprocess.py:93} INFO - 2025-05-21 09:39:48,144 - INFO - Successfully uploaded yellow_tripdata_2022-07.parquet to MinIO
[2025-05-21T09:39:48.145+0000] {subprocess.py:93} INFO - 2025-05-21 09:39:48,144 - INFO - Downloading yellow_tripdata_2022-08.parquet from https://d37ci6vzurychx.cloudfront.net/trip-data/yellow_tripdata_2022-08.parquet
[2025-05-21T09:39:53.155+0000] {subprocess.py:93} INFO - 2025-05-21 09:39:53,154 - INFO - Successfully uploaded yellow_tripdata_2022-08.parquet to MinIO
[2025-05-21T09:39:53.156+0000] {subprocess.py:93} INFO - 2025-05-21 09:39:53,154 - INFO - Downloading yellow_tripdata_2022-09.parquet from https://d37ci6vzurychx.cloudfront.net/trip-data/yellow_tripdata_2022-09.parquet
[2025-05-21T09:39:57.985+0000] {subprocess.py:93} INFO - 2025-05-21 09:39:57,985 - INFO - Successfully uploaded yellow_tripdata_2022-09.parquet to MinIO
[2025-05-21T09:39:57.986+0000] {subprocess.py:93} INFO - 2025-05-21 09:39:57,985 - INFO - Downloading yellow_tripdata_2022-10.parquet from https://d37ci6vzurychx.cloudfront.net/trip-data/yellow_tripdata_2022-10.parquet
[2025-05-21T09:40:02.753+0000] {subprocess.py:93} INFO - 2025-05-21 09:40:02,753 - INFO - Successfully uploaded yellow_tripdata_2022-10.parquet to MinIO
[2025-05-21T09:40:02.754+0000] {subprocess.py:93} INFO - 2025-05-21 09:40:02,753 - INFO - Downloading yellow_tripdata_2022-11.parquet from https://d37ci6vzurychx.cloudfront.net/trip-data/yellow_tripdata_2022-11.parquet
[2025-05-21T09:40:07.117+0000] {subprocess.py:93} INFO - 2025-05-21 09:40:07,116 - INFO - Successfully uploaded yellow_tripdata_2022-11.parquet to MinIO
[2025-05-21T09:40:07.118+0000] {subprocess.py:93} INFO - 2025-05-21 09:40:07,117 - INFO - Downloading yellow_tripdata_2022-12.parquet from https://d37ci6vzurychx.cloudfront.net/trip-data/yellow_tripdata_2022-12.parquet
[2025-05-21T09:40:11.620+0000] {subprocess.py:93} INFO - 2025-05-21 09:40:11,620 - INFO - Successfully uploaded yellow_tripdata_2022-12.parquet to MinIO
[2025-05-21T09:40:11.623+0000] {subprocess.py:93} INFO - 2025-05-21 09:40:11,622 - INFO - Taxi data download completed
[2025-05-21T09:40:11.910+0000] {subprocess.py:97} INFO - Command exited with return code 0
[2025-05-21T09:40:11.967+0000] {taskinstance.py:1398} INFO - Marking task as SUCCESS. dag_id=yellow_taxi_batch_pipeline, task_id=download_taxi_data, execution_date=20250520T093843, start_date=20250521T093911, end_date=20250521T094011
[2025-05-21T09:40:12.004+0000] {local_task_job_runner.py:228} INFO - Task exited with return code 0
[2025-05-21T09:40:12.030+0000] {taskinstance.py:2776} INFO - 1 downstream tasks scheduled from follow-on schedule check
